2020-08-03 19:19:26,014 INFO [] [AbstractCommandLauncher] [main] Option: name=engine, value={master-manager}
2020-08-03 19:19:26,018 INFO [] [AbstractCommandLauncher] [main] Option: name=alter-case, value={}
2020-08-03 19:19:26,414 INFO [] [AbstractSymmetricEngine] [main] Initializing connection to database
2020-08-03 19:19:26,561 INFO [] [JdbcDatabasePlatformFactory] [main] Detected database 'H2', version '1', protocol 'h2'
2020-08-03 19:19:26,575 INFO [] [JdbcDatabasePlatformFactory] [main] The IDatabasePlatform being used is org.jumpmind.db.platform.h2.H2DatabasePlatform
2020-08-03 19:19:27,435 INFO [] [AbstractCommandLauncher] [main] Option: name=engine, value={master-manager}
2020-08-03 19:19:27,849 INFO [] [SymmetricUtils] [main] 
   _____                              __       _       ____   _____
  / ___/ __  _____ __  ___ __  ___  _/ /_ ____(_)___  / __ | / ___/
  \__ \ / / / / _ `_ \/ _ `_ \/ _ \/_ __// __/ / __/ / / / / \__ \ 
 ___/ // /_/ / // // / // // /  __// /  / / / / /_  / /_/ / ___/ / 
/____/ \__  /_//_//_/_//_//_/\___/ \_/ /_/ /_/\__/ /_____/ /____/  
      /____/                                                        
+-----------------------------------------------------------------+
| Copyright (C) 2007-2020 JumpMind, Inc.                          |
|                                                                 |
| Licensed under the GNU General Public License version 3.        |
| This software comes with ABSOLUTELY NO WARRANTY.                |
| See http://www.gnu.org/licenses/gpl.html                        |
+-----------------------------------------------------------------+
2020-08-03 19:19:27,861 INFO [master-manager] [AbstractSymmetricEngine] [main] Initializing connection to database
2020-08-03 19:19:28,003 INFO [master-manager] [JdbcDatabasePlatformFactory] [main] Detected database 'H2', version '1', protocol 'h2'
2020-08-03 19:19:28,013 INFO [master-manager] [JdbcDatabasePlatformFactory] [main] The IDatabasePlatform being used is org.jumpmind.db.platform.h2.H2DatabasePlatform
2020-08-03 19:19:28,047 INFO [master-manager] [H2SymmetricDialect] [main] The DbDialect being used is org.jumpmind.symmetric.db.h2.H2SymmetricDialect
2020-08-03 19:19:28,066 INFO [master-manager] [StagingManager] [main] The staging directory was initialized at the following location: /home/daniel/master-thesis/pesquisa/symmetricsds/symmetric-server-3.12.2/tmp/master-manager
2020-08-03 19:19:28,659 INFO [master-manager] [ClientExtensionService] [main] Found 8 extension points from spring that will be registered
2020-08-03 19:19:28,660 INFO [master-manager] [AbstractSymmetricEngine] [main] Initializing SymmetricDS database
2020-08-03 19:19:28,669 INFO [master-manager] [H2SymmetricDialect] [main] Installing SymmetricDS database object:
CREATE ALIAS IF NOT EXISTS SYM_BASE64_ENCODE for "org.jumpmind.symmetric.db.EmbeddedDbFunctions.encodeBase64"; 
2020-08-03 19:19:28,671 INFO [master-manager] [H2SymmetricDialect] [main] Just installed SYM_BASE64_ENCODE
2020-08-03 19:19:28,671 INFO [master-manager] [H2SymmetricDialect] [main] Checking if SymmetricDS tables need created or altered
2020-08-03 19:19:28,840 INFO [master-manager] [H2SymmetricDialect] [main] There are SymmetricDS tables that needed altered
2020-08-03 19:19:28,844 INFO [master-manager] [H2SymmetricDialect] [main] DDL applied: CREATE TABLE "SYM_CHANNEL"(
    "CHANNEL_ID" VARCHAR(128) NOT NULL,
    "PROCESSING_ORDER" INTEGER DEFAULT 1 NOT NULL,
    "MAX_BATCH_SIZE" INTEGER DEFAULT 1000 NOT NULL,
    "MAX_BATCH_TO_SEND" INTEGER DEFAULT 60 NOT NULL,
    "MAX_DATA_TO_ROUTE" INTEGER DEFAULT 100000 NOT NULL,
    "EXTRACT_PERIOD_MILLIS" INTEGER DEFAULT 0 NOT NULL,
    "ENABLED" TINYINT DEFAULT 1 NOT NULL,
    "USE_OLD_DATA_TO_ROUTE" TINYINT DEFAULT 1 NOT NULL,
    "USE_ROW_DATA_TO_ROUTE" TINYINT DEFAULT 1 NOT NULL,
    "USE_PK_DATA_TO_ROUTE" TINYINT DEFAULT 1 NOT NULL,
    "RELOAD_FLAG" TINYINT DEFAULT 0 NOT NULL,
    "FILE_SYNC_FLAG" TINYINT DEFAULT 0 NOT NULL,
    "CONTAINS_BIG_LOB" TINYINT DEFAULT 0 NOT NULL,
    "BATCH_ALGORITHM" VARCHAR(50) DEFAULT 'default' NOT NULL,
    "DATA_LOADER_TYPE" VARCHAR(50) DEFAULT 'default' NOT NULL,
    "DESCRIPTION" VARCHAR(255) NULL,
    "QUEUE" VARCHAR(25) DEFAULT 'default' NOT NULL,
    "MAX_NETWORK_KBPS" DECIMAL(10,3) DEFAULT 0.000 NOT NULL,
    "DATA_EVENT_ACTION" CHAR(1) NULL,
    "CREATE_TIME" TIMESTAMP,
    "LAST_UPDATE_BY" VARCHAR(50) NULL,
    "LAST_UPDATE_TIME" TIMESTAMP,
    PRIMARY KEY ("CHANNEL_ID")
)
2020-08-03 19:19:28,846 INFO [master-manager] [H2SymmetricDialect] [main] DDL applied: CREATE TABLE "SYM_CONFLICT"(
    "CONFLICT_ID" VARCHAR(50) NOT NULL,
    "SOURCE_NODE_GROUP_ID" VARCHAR(50) NOT NULL,
    "TARGET_NODE_GROUP_ID" VARCHAR(50) NOT NULL,
    "TARGET_CHANNEL_ID" VARCHAR(128) NULL,
    "TARGET_CATALOG_NAME" VARCHAR(255) NULL,
    "TARGET_SCHEMA_NAME" VARCHAR(255) NULL,
    "TARGET_TABLE_NAME" VARCHAR(255) NULL,
    "DETECT_TYPE" VARCHAR(128) NOT NULL,
    "DETECT_EXPRESSION" VARCHAR(2147483647) NULL,
    "RESOLVE_TYPE" VARCHAR(128) NOT NULL,
    "PING_BACK" VARCHAR(128) NOT NULL,
    "RESOLVE_CHANGES_ONLY" TINYINT DEFAULT 0,
    "RESOLVE_ROW_ONLY" TINYINT DEFAULT 0,
    "CREATE_TIME" TIMESTAMP NOT NULL,
    "LAST_UPDATE_BY" VARCHAR(50) NULL,
    "LAST_UPDATE_TIME" TIMESTAMP NOT NULL,
    PRIMARY KEY ("CONFLICT_ID")
)
2020-08-03 19:19:28,847 INFO [master-manager] [H2SymmetricDialect] [main] DDL applied: CREATE TABLE "SYM_CONTEXT"(
    "NAME" VARCHAR(80) NOT NULL,
    "CONTEXT_VALUE" VARCHAR(2147483647) NULL,
    "CREATE_TIME" TIMESTAMP,
    "LAST_UPDATE_TIME" TIMESTAMP,
    PRIMARY KEY ("NAME")
)
2020-08-03 19:19:28,850 INFO [master-manager] [H2SymmetricDialect] [main] DDL applied: CREATE TABLE "SYM_DATA"(
    "DATA_ID" BIGINT NOT NULL AUTO_INCREMENT,
    "TABLE_NAME" VARCHAR(255) NOT NULL,
    "EVENT_TYPE" CHAR(1) NOT NULL,
    "ROW_DATA" VARCHAR(2147483647) NULL,
    "PK_DATA" VARCHAR(2147483647) NULL,
    "OLD_DATA" VARCHAR(2147483647) NULL,
    "TRIGGER_HIST_ID" INTEGER NOT NULL,
    "CHANNEL_ID" VARCHAR(128) NULL,
    "TRANSACTION_ID" VARCHAR(255) NULL,
    "SOURCE_NODE_ID" VARCHAR(50) NULL,
    "EXTERNAL_DATA" VARCHAR(50) NULL,
    "NODE_LIST" VARCHAR(255) NULL,
    "IS_PREROUTED" TINYINT DEFAULT 0 NOT NULL,
    "CREATE_TIME" TIMESTAMP,
    PRIMARY KEY ("DATA_ID")
)
2020-08-03 19:19:28,851 INFO [master-manager] [H2SymmetricDialect] [main] DDL applied: CREATE UNIQUE INDEX "SYM_IDX_D_CHANNEL_ID" ON "SYM_DATA" ("DATA_ID", "CHANNEL_ID")
2020-08-03 19:19:28,852 INFO [master-manager] [H2SymmetricDialect] [main] DDL applied: CREATE TABLE "SYM_DATA_EVENT"(
    "DATA_ID" BIGINT NOT NULL,
    "BATCH_ID" BIGINT NOT NULL,
    "CREATE_TIME" TIMESTAMP,
    PRIMARY KEY ("DATA_ID", "BATCH_ID")
)
2020-08-03 19:19:28,852 INFO [master-manager] [H2SymmetricDialect] [main] DDL applied: CREATE INDEX "SYM_IDX_DE_BATCHID" ON "SYM_DATA_EVENT" ("BATCH_ID")
2020-08-03 19:19:28,853 INFO [master-manager] [H2SymmetricDialect] [main] DDL applied: CREATE TABLE "SYM_DATA_GAP"(
    "START_ID" BIGINT NOT NULL,
    "END_ID" BIGINT NOT NULL,
    "CREATE_TIME" TIMESTAMP NOT NULL,
    "LAST_UPDATE_HOSTNAME" VARCHAR(255) NULL,
    PRIMARY KEY ("START_ID", "END_ID")
)
2020-08-03 19:19:28,854 INFO [master-manager] [H2SymmetricDialect] [main] DDL applied: CREATE TABLE "SYM_EXTENSION"(
    "EXTENSION_ID" VARCHAR(50) NOT NULL,
    "EXTENSION_TYPE" VARCHAR(10) NOT NULL,
    "INTERFACE_NAME" VARCHAR(255) NULL,
    "NODE_GROUP_ID" VARCHAR(50) NOT NULL,
    "ENABLED" TINYINT DEFAULT 1 NOT NULL,
    "EXTENSION_ORDER" INTEGER DEFAULT 1 NOT NULL,
    "EXTENSION_TEXT" VARCHAR(2147483647) NULL,
    "CREATE_TIME" TIMESTAMP,
    "LAST_UPDATE_BY" VARCHAR(50) NULL,
    "LAST_UPDATE_TIME" TIMESTAMP,
    PRIMARY KEY ("EXTENSION_ID")
)
2020-08-03 19:19:28,857 INFO [master-manager] [H2SymmetricDialect] [main] DDL applied: CREATE TABLE "SYM_EXTRACT_REQUEST"(
    "REQUEST_ID" BIGINT NOT NULL,
    "NODE_ID" VARCHAR(50) NOT NULL,
    "QUEUE" VARCHAR(128) NULL,
    "STATUS" CHAR(2) NULL,
    "START_BATCH_ID" BIGINT NOT NULL,
    "END_BATCH_ID" BIGINT NOT NULL,
    "TRIGGER_ID" VARCHAR(128) NOT NULL,
    "ROUTER_ID" VARCHAR(50) NOT NULL,
    "LOAD_ID" BIGINT,
    "TABLE_NAME" VARCHAR(255) NULL,
    "EXTRACTED_ROWS" BIGINT DEFAULT 0 NOT NULL,
    "EXTRACTED_MILLIS" BIGINT DEFAULT 0 NOT NULL,
    "TRANSFERRED_ROWS" BIGINT DEFAULT 0 NOT NULL,
    "TRANSFERRED_MILLIS" BIGINT DEFAULT 0 NOT NULL,
    "LAST_TRANSFERRED_BATCH_ID" BIGINT,
    "LOADED_ROWS" BIGINT DEFAULT 0 NOT NULL,
    "LOADED_MILLIS" BIGINT DEFAULT 0 NOT NULL,
    "LAST_LOADED_BATCH_ID" BIGINT,
    "TOTAL_ROWS" BIGINT,
    "LOADED_TIME" TIMESTAMP,
    "PARENT_REQUEST_ID" BIGINT DEFAULT 0 NOT NULL,
    "LAST_UPDATE_TIME" TIMESTAMP,
    "CREATE_TIME" TIMESTAMP,
    PRIMARY KEY ("REQUEST_ID")
)
2020-08-03 19:19:28,858 INFO [master-manager] [H2SymmetricDialect] [main] DDL applied: CREATE TABLE "SYM_FILE_INCOMING"(
    "RELATIVE_DIR" VARCHAR(255) NOT NULL,
    "FILE_NAME" VARCHAR(128) NOT NULL,
    "LAST_EVENT_TYPE" CHAR(1) NOT NULL,
    "NODE_ID" VARCHAR(50) NOT NULL,
    "FILE_MODIFIED_TIME" BIGINT,
    PRIMARY KEY ("RELATIVE_DIR", "FILE_NAME")
)
2020-08-03 19:19:28,859 INFO [master-manager] [H2SymmetricDialect] [main] DDL applied: CREATE TABLE "SYM_FILE_SNAPSHOT"(
    "TRIGGER_ID" VARCHAR(128) NOT NULL,
    "ROUTER_ID" VARCHAR(50) NOT NULL,
    "RELATIVE_DIR" VARCHAR(255) NOT NULL,
    "FILE_NAME" VARCHAR(128) NOT NULL,
    "CHANNEL_ID" VARCHAR(128) DEFAULT 'filesync' NOT NULL,
    "RELOAD_CHANNEL_ID" VARCHAR(128) DEFAULT 'filesync_reload' NOT NULL,
    "LAST_EVENT_TYPE" CHAR(1) NOT NULL,
    "CRC32_CHECKSUM" BIGINT,
    "FILE_SIZE" BIGINT,
    "FILE_MODIFIED_TIME" BIGINT,
    "LAST_UPDATE_TIME" TIMESTAMP NOT NULL,
    "LAST_UPDATE_BY" VARCHAR(50) NULL,
    "CREATE_TIME" TIMESTAMP NOT NULL,
    PRIMARY KEY ("TRIGGER_ID", "ROUTER_ID", "RELATIVE_DIR", "FILE_NAME")
)
2020-08-03 19:19:28,860 INFO [master-manager] [H2SymmetricDialect] [main] DDL applied: CREATE INDEX "SYM_IDX_F_SNPSHT_CHID" ON "SYM_FILE_SNAPSHOT" ("RELOAD_CHANNEL_ID")
2020-08-03 19:19:28,862 INFO [master-manager] [H2SymmetricDialect] [main] DDL applied: CREATE TABLE "SYM_FILE_TRIGGER"(
    "TRIGGER_ID" VARCHAR(128) NOT NULL,
    "CHANNEL_ID" VARCHAR(128) DEFAULT 'filesync' NOT NULL,
    "RELOAD_CHANNEL_ID" VARCHAR(128) DEFAULT 'filesync_reload' NOT NULL,
    "BASE_DIR" VARCHAR(255) NOT NULL,
    "RECURSE" TINYINT DEFAULT 1 NOT NULL,
    "INCLUDES_FILES" VARCHAR(255) NULL,
    "EXCLUDES_FILES" VARCHAR(255) NULL,
    "SYNC_ON_CREATE" TINYINT DEFAULT 1 NOT NULL,
    "SYNC_ON_MODIFIED" TINYINT DEFAULT 1 NOT NULL,
    "SYNC_ON_DELETE" TINYINT DEFAULT 1 NOT NULL,
    "SYNC_ON_CTL_FILE" TINYINT DEFAULT 0 NOT NULL,
    "DELETE_AFTER_SYNC" TINYINT DEFAULT 0 NOT NULL,
    "BEFORE_COPY_SCRIPT" VARCHAR(2147483647) NULL,
    "AFTER_COPY_SCRIPT" VARCHAR(2147483647) NULL,
    "CREATE_TIME" TIMESTAMP NOT NULL,
    "LAST_UPDATE_BY" VARCHAR(50) NULL,
    "LAST_UPDATE_TIME" TIMESTAMP NOT NULL,
    "DESCRIPTION" VARCHAR(2147483647) NULL,
    PRIMARY KEY ("TRIGGER_ID")
)
2020-08-03 19:19:28,863 INFO [master-manager] [H2SymmetricDialect] [main] DDL applied: CREATE TABLE "SYM_FILE_TRIGGER_ROUTER"(
    "TRIGGER_ID" VARCHAR(128) NOT NULL,
    "ROUTER_ID" VARCHAR(50) NOT NULL,
    "ENABLED" TINYINT DEFAULT 1 NOT NULL,
    "INITIAL_LOAD_ENABLED" TINYINT DEFAULT 1 NOT NULL,
    "TARGET_BASE_DIR" VARCHAR(255) NULL,
    "CONFLICT_STRATEGY" VARCHAR(128) DEFAULT 'source_wins' NOT NULL,
    "CREATE_TIME" TIMESTAMP NOT NULL,
    "LAST_UPDATE_BY" VARCHAR(50) NULL,
    "LAST_UPDATE_TIME" TIMESTAMP NOT NULL,
    "DESCRIPTION" VARCHAR(2147483647) NULL,
    PRIMARY KEY ("TRIGGER_ID", "ROUTER_ID")
)
2020-08-03 19:19:28,864 INFO [master-manager] [H2SymmetricDialect] [main] DDL applied: CREATE TABLE "SYM_GROUPLET"(
    "GROUPLET_ID" VARCHAR(50) NOT NULL,
    "GROUPLET_LINK_POLICY" CHAR(1) DEFAULT 'I' NOT NULL,
    "DESCRIPTION" VARCHAR(255) NULL,
    "CREATE_TIME" TIMESTAMP NOT NULL,
    "LAST_UPDATE_BY" VARCHAR(50) NULL,
    "LAST_UPDATE_TIME" TIMESTAMP NOT NULL,
    PRIMARY KEY ("GROUPLET_ID")
)
2020-08-03 19:19:28,865 INFO [master-manager] [H2SymmetricDialect] [main] DDL applied: CREATE TABLE "SYM_GROUPLET_LINK"(
    "GROUPLET_ID" VARCHAR(50) NOT NULL,
    "EXTERNAL_ID" VARCHAR(255) NOT NULL,
    "CREATE_TIME" TIMESTAMP NOT NULL,
    "LAST_UPDATE_BY" VARCHAR(50) NULL,
    "LAST_UPDATE_TIME" TIMESTAMP NOT NULL,
    PRIMARY KEY ("GROUPLET_ID", "EXTERNAL_ID")
)
2020-08-03 19:19:28,871 INFO [master-manager] [H2SymmetricDialect] [main] DDL applied: CREATE TABLE "SYM_INCOMING_BATCH"(
    "BATCH_ID" BIGINT NOT NULL,
    "NODE_ID" VARCHAR(50) NOT NULL,
    "CHANNEL_ID" VARCHAR(128) NULL,
    "STATUS" CHAR(2) NULL,
    "ERROR_FLAG" TINYINT DEFAULT 0,
    "SQL_STATE" VARCHAR(10) NULL,
    "SQL_CODE" INTEGER DEFAULT 0 NOT NULL,
    "SQL_MESSAGE" VARCHAR(2147483647) NULL,
    "LAST_UPDATE_HOSTNAME" VARCHAR(255) NULL,
    "LAST_UPDATE_TIME" TIMESTAMP,
    "CREATE_TIME" TIMESTAMP,
    "SUMMARY" VARCHAR(255) NULL,
    "IGNORE_COUNT" INTEGER DEFAULT 0 NOT NULL,
    "BYTE_COUNT" BIGINT DEFAULT 0 NOT NULL,
    "LOAD_FLAG" TINYINT DEFAULT 0,
    "EXTRACT_COUNT" INTEGER DEFAULT 0 NOT NULL,
    "SENT_COUNT" INTEGER DEFAULT 0 NOT NULL,
    "LOAD_COUNT" INTEGER DEFAULT 0 NOT NULL,
    "RELOAD_ROW_COUNT" INTEGER DEFAULT 0 NOT NULL,
    "OTHER_ROW_COUNT" INTEGER DEFAULT 0 NOT NULL,
    "DATA_ROW_COUNT" INTEGER DEFAULT 0 NOT NULL,
    "EXTRACT_ROW_COUNT" INTEGER DEFAULT 0 NOT NULL,
    "LOAD_ROW_COUNT" INTEGER DEFAULT 0 NOT NULL,
    "DATA_INSERT_ROW_COUNT" INTEGER DEFAULT 0 NOT NULL,
    "DATA_UPDATE_ROW_COUNT" INTEGER DEFAULT 0 NOT NULL,
    "DATA_DELETE_ROW_COUNT" INTEGER DEFAULT 0 NOT NULL,
    "EXTRACT_INSERT_ROW_COUNT" INTEGER DEFAULT 0 NOT NULL,
    "EXTRACT_UPDATE_ROW_COUNT" INTEGER DEFAULT 0 NOT NULL,
    "EXTRACT_DELETE_ROW_COUNT" INTEGER DEFAULT 0 NOT NULL,
    "LOAD_INSERT_ROW_COUNT" INTEGER DEFAULT 0 NOT NULL,
    "LOAD_UPDATE_ROW_COUNT" INTEGER DEFAULT 0 NOT NULL,
    "LOAD_DELETE_ROW_COUNT" INTEGER DEFAULT 0 NOT NULL,
    "NETWORK_MILLIS" INTEGER DEFAULT 0 NOT NULL,
    "FILTER_MILLIS" INTEGER DEFAULT 0 NOT NULL,
    "LOAD_MILLIS" INTEGER DEFAULT 0 NOT NULL,
    "ROUTER_MILLIS" INTEGER DEFAULT 0 NOT NULL,
    "EXTRACT_MILLIS" INTEGER DEFAULT 0 NOT NULL,
    "TRANSFORM_EXTRACT_MILLIS" INTEGER DEFAULT 0 NOT NULL,
    "TRANSFORM_LOAD_MILLIS" INTEGER DEFAULT 0 NOT NULL,
    "LOAD_ID" BIGINT,
    "COMMON_FLAG" TINYINT DEFAULT 0,
    "FALLBACK_INSERT_COUNT" INTEGER DEFAULT 0 NOT NULL,
    "FALLBACK_UPDATE_COUNT" INTEGER DEFAULT 0 NOT NULL,
    "IGNORE_ROW_COUNT" INTEGER DEFAULT 0 NOT NULL,
    "MISSING_DELETE_COUNT" INTEGER DEFAULT 0 NOT NULL,
    "SKIP_COUNT" INTEGER DEFAULT 0 NOT NULL,
    "FAILED_ROW_NUMBER" INTEGER DEFAULT 0 NOT NULL,
    "FAILED_LINE_NUMBER" INTEGER DEFAULT 0 NOT NULL,
    "FAILED_DATA_ID" BIGINT DEFAULT 0 NOT NULL,
    PRIMARY KEY ("BATCH_ID", "NODE_ID")
)
2020-08-03 19:19:28,872 INFO [master-manager] [H2SymmetricDialect] [main] DDL applied: CREATE INDEX "SYM_IDX_IB_TIME_STATUS" ON "SYM_INCOMING_BATCH" ("CREATE_TIME", "STATUS")
2020-08-03 19:19:28,872 INFO [master-manager] [H2SymmetricDialect] [main] DDL applied: CREATE INDEX "SYM_IDX_IB_IN_ERROR" ON "SYM_INCOMING_BATCH" ("ERROR_FLAG")
2020-08-03 19:19:28,874 INFO [master-manager] [H2SymmetricDialect] [main] DDL applied: CREATE TABLE "SYM_INCOMING_ERROR"(
    "BATCH_ID" BIGINT NOT NULL,
    "NODE_ID" VARCHAR(50) NOT NULL,
    "FAILED_ROW_NUMBER" BIGINT NOT NULL,
    "FAILED_LINE_NUMBER" BIGINT DEFAULT 0 NOT NULL,
    "TARGET_CATALOG_NAME" VARCHAR(255) NULL,
    "TARGET_SCHEMA_NAME" VARCHAR(255) NULL,
    "TARGET_TABLE_NAME" VARCHAR(255) NOT NULL,
    "EVENT_TYPE" CHAR(1) NOT NULL,
    "BINARY_ENCODING" VARCHAR(10) DEFAULT 'HEX' NOT NULL,
    "COLUMN_NAMES" VARCHAR(2147483647) NOT NULL,
    "PK_COLUMN_NAMES" VARCHAR(2147483647) NOT NULL,
    "ROW_DATA" VARCHAR(2147483647) NULL,
    "OLD_DATA" VARCHAR(2147483647) NULL,
    "CUR_DATA" VARCHAR(2147483647) NULL,
    "RESOLVE_DATA" VARCHAR(2147483647) NULL,
    "RESOLVE_IGNORE" TINYINT DEFAULT 0,
    "CONFLICT_ID" VARCHAR(50) NULL,
    "CREATE_TIME" TIMESTAMP,
    "LAST_UPDATE_BY" VARCHAR(50) NULL,
    "LAST_UPDATE_TIME" TIMESTAMP NOT NULL,
    PRIMARY KEY ("BATCH_ID", "NODE_ID", "FAILED_ROW_NUMBER")
)
2020-08-03 19:19:28,876 INFO [master-manager] [H2SymmetricDialect] [main] DDL applied: CREATE TABLE "SYM_JOB"(
    "JOB_NAME" VARCHAR(50) NOT NULL,
    "JOB_TYPE" VARCHAR(10) NOT NULL,
    "REQUIRES_REGISTRATION" TINYINT DEFAULT 1 NOT NULL,
    "JOB_EXPRESSION" VARCHAR(2147483647) NULL,
    "DESCRIPTION" VARCHAR(255) NULL,
    "DEFAULT_SCHEDULE" VARCHAR(50) NULL,
    "DEFAULT_AUTO_START" TINYINT DEFAULT 1 NOT NULL,
    "NODE_GROUP_ID" VARCHAR(50) NOT NULL,
    "CREATE_BY" VARCHAR(50) NULL,
    "CREATE_TIME" TIMESTAMP,
    "LAST_UPDATE_BY" VARCHAR(50) NULL,
    "LAST_UPDATE_TIME" TIMESTAMP,
    PRIMARY KEY ("JOB_NAME")
)
2020-08-03 19:19:28,878 INFO [master-manager] [H2SymmetricDialect] [main] DDL applied: CREATE TABLE "SYM_LOAD_FILTER"(
    "LOAD_FILTER_ID" VARCHAR(50) NOT NULL,
    "LOAD_FILTER_TYPE" VARCHAR(10) NOT NULL,
    "SOURCE_NODE_GROUP_ID" VARCHAR(50) NOT NULL,
    "TARGET_NODE_GROUP_ID" VARCHAR(50) NOT NULL,
    "TARGET_CATALOG_NAME" VARCHAR(255) NULL,
    "TARGET_SCHEMA_NAME" VARCHAR(255) NULL,
    "TARGET_TABLE_NAME" VARCHAR(255) NULL,
    "FILTER_ON_UPDATE" TINYINT DEFAULT 1 NOT NULL,
    "FILTER_ON_INSERT" TINYINT DEFAULT 1 NOT NULL,
    "FILTER_ON_DELETE" TINYINT DEFAULT 1 NOT NULL,
    "BEFORE_WRITE_SCRIPT" VARCHAR(2147483647) NULL,
    "AFTER_WRITE_SCRIPT" VARCHAR(2147483647) NULL,
    "BATCH_COMPLETE_SCRIPT" VARCHAR(2147483647) NULL,
    "BATCH_COMMIT_SCRIPT" VARCHAR(2147483647) NULL,
    "BATCH_ROLLBACK_SCRIPT" VARCHAR(2147483647) NULL,
    "HANDLE_ERROR_SCRIPT" VARCHAR(2147483647) NULL,
    "CREATE_TIME" TIMESTAMP NOT NULL,
    "LAST_UPDATE_BY" VARCHAR(50) NULL,
    "LAST_UPDATE_TIME" TIMESTAMP NOT NULL,
    "LOAD_FILTER_ORDER" INTEGER DEFAULT 1 NOT NULL,
    "FAIL_ON_ERROR" TINYINT DEFAULT 0 NOT NULL,
    PRIMARY KEY ("LOAD_FILTER_ID")
)
2020-08-03 19:19:28,879 INFO [master-manager] [H2SymmetricDialect] [main] DDL applied: CREATE TABLE "SYM_LOCK"(
    "LOCK_ACTION" VARCHAR(50) NOT NULL,
    "LOCK_TYPE" VARCHAR(50) NOT NULL,
    "LOCKING_SERVER_ID" VARCHAR(255) NULL,
    "LOCK_TIME" TIMESTAMP,
    "SHARED_COUNT" INTEGER DEFAULT 0 NOT NULL,
    "SHARED_ENABLE" INTEGER DEFAULT 0 NOT NULL,
    "LAST_LOCK_TIME" TIMESTAMP,
    "LAST_LOCKING_SERVER_ID" VARCHAR(255) NULL,
    PRIMARY KEY ("LOCK_ACTION")
)
2020-08-03 19:19:28,881 INFO [master-manager] [H2SymmetricDialect] [main] DDL applied: CREATE TABLE "SYM_NODE"(
    "NODE_ID" VARCHAR(50) NOT NULL,
    "NODE_GROUP_ID" VARCHAR(50) NOT NULL,
    "EXTERNAL_ID" VARCHAR(255) NOT NULL,
    "SYNC_ENABLED" TINYINT DEFAULT 0,
    "SYNC_URL" VARCHAR(255) NULL,
    "SCHEMA_VERSION" VARCHAR(50) NULL,
    "SYMMETRIC_VERSION" VARCHAR(50) NULL,
    "CONFIG_VERSION" VARCHAR(50) NULL,
    "DATABASE_TYPE" VARCHAR(50) NULL,
    "DATABASE_VERSION" VARCHAR(50) NULL,
    "DATABASE_NAME" VARCHAR(50) NULL,
    "BATCH_TO_SEND_COUNT" INTEGER DEFAULT 0,
    "BATCH_IN_ERROR_COUNT" INTEGER DEFAULT 0,
    "CREATED_AT_NODE_ID" VARCHAR(50) NULL,
    "DEPLOYMENT_TYPE" VARCHAR(50) NULL,
    "DEPLOYMENT_SUB_TYPE" VARCHAR(50) NULL,
    PRIMARY KEY ("NODE_ID")
)
2020-08-03 19:19:28,882 INFO [master-manager] [H2SymmetricDialect] [main] DDL applied: CREATE TABLE "SYM_NODE_COMMUNICATION"(
    "NODE_ID" VARCHAR(50) NOT NULL,
    "QUEUE" VARCHAR(25) DEFAULT 'default' NOT NULL,
    "COMMUNICATION_TYPE" VARCHAR(10) NOT NULL,
    "LOCK_TIME" TIMESTAMP,
    "LOCKING_SERVER_ID" VARCHAR(255) NULL,
    "LAST_LOCK_TIME" TIMESTAMP,
    "LAST_LOCK_MILLIS" BIGINT DEFAULT 0,
    "SUCCESS_COUNT" BIGINT DEFAULT 0,
    "FAIL_COUNT" BIGINT DEFAULT 0,
    "SKIP_COUNT" BIGINT DEFAULT 0,
    "TOTAL_SUCCESS_COUNT" BIGINT DEFAULT 0,
    "TOTAL_FAIL_COUNT" BIGINT DEFAULT 0,
    "TOTAL_SUCCESS_MILLIS" BIGINT DEFAULT 0,
    "TOTAL_FAIL_MILLIS" BIGINT DEFAULT 0,
    "BATCH_TO_SEND_COUNT" BIGINT DEFAULT 0,
    "NODE_PRIORITY" INTEGER DEFAULT 0,
    PRIMARY KEY ("NODE_ID", "QUEUE", "COMMUNICATION_TYPE")
)
2020-08-03 19:19:28,883 INFO [master-manager] [H2SymmetricDialect] [main] DDL applied: CREATE TABLE "SYM_NODE_CHANNEL_CTL"(
    "NODE_ID" VARCHAR(50) NOT NULL,
    "CHANNEL_ID" VARCHAR(128) NOT NULL,
    "SUSPEND_ENABLED" TINYINT DEFAULT 0,
    "IGNORE_ENABLED" TINYINT DEFAULT 0,
    "LAST_EXTRACT_TIME" TIMESTAMP,
    PRIMARY KEY ("NODE_ID", "CHANNEL_ID")
)
2020-08-03 19:19:28,884 INFO [master-manager] [H2SymmetricDialect] [main] DDL applied: CREATE TABLE "SYM_NODE_GROUP"(
    "NODE_GROUP_ID" VARCHAR(50) NOT NULL,
    "DESCRIPTION" VARCHAR(255) NULL,
    "CREATE_TIME" TIMESTAMP,
    "LAST_UPDATE_BY" VARCHAR(50) NULL,
    "LAST_UPDATE_TIME" TIMESTAMP,
    PRIMARY KEY ("NODE_GROUP_ID")
)
2020-08-03 19:19:28,885 INFO [master-manager] [H2SymmetricDialect] [main] DDL applied: CREATE TABLE "SYM_NODE_GROUP_CHANNEL_WND"(
    "NODE_GROUP_ID" VARCHAR(50) NOT NULL,
    "CHANNEL_ID" VARCHAR(128) NOT NULL,
    "START_TIME" TIMESTAMP NOT NULL,
    "END_TIME" TIMESTAMP NOT NULL,
    "ENABLED" TINYINT DEFAULT 0 NOT NULL,
    PRIMARY KEY ("NODE_GROUP_ID", "CHANNEL_ID", "START_TIME", "END_TIME")
)
2020-08-03 19:19:28,886 INFO [master-manager] [H2SymmetricDialect] [main] DDL applied: CREATE TABLE "SYM_NODE_GROUP_LINK"(
    "SOURCE_NODE_GROUP_ID" VARCHAR(50) NOT NULL,
    "TARGET_NODE_GROUP_ID" VARCHAR(50) NOT NULL,
    "DATA_EVENT_ACTION" CHAR(1) DEFAULT 'W' NOT NULL,
    "SYNC_CONFIG_ENABLED" TINYINT DEFAULT 1 NOT NULL,
    "IS_REVERSIBLE" TINYINT DEFAULT 0 NOT NULL,
    "CREATE_TIME" TIMESTAMP,
    "LAST_UPDATE_BY" VARCHAR(50) NULL,
    "LAST_UPDATE_TIME" TIMESTAMP,
    PRIMARY KEY ("SOURCE_NODE_GROUP_ID", "TARGET_NODE_GROUP_ID")
)
2020-08-03 19:19:28,887 INFO [master-manager] [H2SymmetricDialect] [main] DDL applied: CREATE TABLE "SYM_NODE_HOST"(
    "NODE_ID" VARCHAR(50) NOT NULL,
    "HOST_NAME" VARCHAR(60) NOT NULL,
    "INSTANCE_ID" VARCHAR(60) NULL,
    "IP_ADDRESS" VARCHAR(50) NULL,
    "OS_USER" VARCHAR(50) NULL,
    "OS_NAME" VARCHAR(50) NULL,
    "OS_ARCH" VARCHAR(50) NULL,
    "OS_VERSION" VARCHAR(50) NULL,
    "AVAILABLE_PROCESSORS" INTEGER DEFAULT 0,
    "FREE_MEMORY_BYTES" BIGINT DEFAULT 0,
    "TOTAL_MEMORY_BYTES" BIGINT DEFAULT 0,
    "MAX_MEMORY_BYTES" BIGINT DEFAULT 0,
    "JAVA_VERSION" VARCHAR(50) NULL,
    "JAVA_VENDOR" VARCHAR(255) NULL,
    "JDBC_VERSION" VARCHAR(255) NULL,
    "SYMMETRIC_VERSION" VARCHAR(50) NULL,
    "TIMEZONE_OFFSET" VARCHAR(6) NULL,
    "HEARTBEAT_TIME" TIMESTAMP,
    "LAST_RESTART_TIME" TIMESTAMP NOT NULL,
    "CREATE_TIME" TIMESTAMP NOT NULL,
    PRIMARY KEY ("NODE_ID", "HOST_NAME")
)
2020-08-03 19:19:28,889 INFO [master-manager] [H2SymmetricDialect] [main] DDL applied: CREATE TABLE "SYM_NODE_HOST_CHANNEL_STATS"(
    "NODE_ID" VARCHAR(50) NOT NULL,
    "HOST_NAME" VARCHAR(60) NOT NULL,
    "CHANNEL_ID" VARCHAR(128) NOT NULL,
    "START_TIME" TIMESTAMP NOT NULL,
    "END_TIME" TIMESTAMP NOT NULL,
    "DATA_ROUTED" BIGINT DEFAULT 0,
    "DATA_UNROUTED" BIGINT DEFAULT 0,
    "DATA_EVENT_INSERTED" BIGINT DEFAULT 0,
    "DATA_EXTRACTED" BIGINT DEFAULT 0,
    "DATA_BYTES_EXTRACTED" BIGINT DEFAULT 0,
    "DATA_EXTRACTED_ERRORS" BIGINT DEFAULT 0,
    "DATA_BYTES_SENT" BIGINT DEFAULT 0,
    "DATA_SENT" BIGINT DEFAULT 0,
    "DATA_SENT_ERRORS" BIGINT DEFAULT 0,
    "DATA_LOADED" BIGINT DEFAULT 0,
    "DATA_BYTES_LOADED" BIGINT DEFAULT 0,
    "DATA_LOADED_ERRORS" BIGINT DEFAULT 0,
    "DATA_LOADED_OUTGOING" BIGINT DEFAULT 0,
    "DATA_BYTES_LOADED_OUTGOING" BIGINT DEFAULT 0,
    "DATA_LOADED_OUTGOING_ERRORS" BIGINT DEFAULT 0,
    PRIMARY KEY ("NODE_ID", "HOST_NAME", "CHANNEL_ID", "START_TIME", "END_TIME")
)
2020-08-03 19:19:28,889 INFO [master-manager] [H2SymmetricDialect] [main] DDL applied: CREATE INDEX "SYM_IDX_ND_HST_CHNL_STS" ON "SYM_NODE_HOST_CHANNEL_STATS" ("NODE_ID", "START_TIME", "END_TIME")
2020-08-03 19:19:28,890 INFO [master-manager] [H2SymmetricDialect] [main] DDL applied: CREATE TABLE "SYM_NODE_HOST_JOB_STATS"(
    "NODE_ID" VARCHAR(50) NOT NULL,
    "HOST_NAME" VARCHAR(60) NOT NULL,
    "JOB_NAME" VARCHAR(50) NOT NULL,
    "START_TIME" TIMESTAMP NOT NULL,
    "END_TIME" TIMESTAMP NOT NULL,
    "PROCESSED_COUNT" BIGINT DEFAULT 0,
    "TARGET_NODE_ID" VARCHAR(50) NULL,
    "TARGET_NODE_COUNT" INTEGER DEFAULT 0,
    PRIMARY KEY ("NODE_ID", "HOST_NAME", "JOB_NAME", "START_TIME", "END_TIME")
)
2020-08-03 19:19:28,891 INFO [master-manager] [H2SymmetricDialect] [main] DDL applied: CREATE INDEX "SYM_IDX_ND_HST_JOB" ON "SYM_NODE_HOST_JOB_STATS" ("NODE_ID", "START_TIME", "END_TIME")
2020-08-03 19:19:28,892 INFO [master-manager] [H2SymmetricDialect] [main] DDL applied: CREATE TABLE "SYM_NODE_HOST_STATS"(
    "NODE_ID" VARCHAR(50) NOT NULL,
    "HOST_NAME" VARCHAR(60) NOT NULL,
    "START_TIME" TIMESTAMP NOT NULL,
    "END_TIME" TIMESTAMP NOT NULL,
    "RESTARTED" BIGINT DEFAULT 0 NOT NULL,
    "NODES_PULLED" BIGINT DEFAULT 0,
    "TOTAL_NODES_PULL_TIME" BIGINT DEFAULT 0,
    "NODES_PUSHED" BIGINT DEFAULT 0,
    "TOTAL_NODES_PUSH_TIME" BIGINT DEFAULT 0,
    "NODES_REJECTED" BIGINT DEFAULT 0,
    "NODES_REGISTERED" BIGINT DEFAULT 0,
    "NODES_LOADED" BIGINT DEFAULT 0,
    "NODES_DISABLED" BIGINT DEFAULT 0,
    "PURGED_DATA_ROWS" BIGINT DEFAULT 0,
    "PURGED_DATA_EVENT_ROWS" BIGINT DEFAULT 0,
    "PURGED_BATCH_OUTGOING_ROWS" BIGINT DEFAULT 0,
    "PURGED_BATCH_INCOMING_ROWS" BIGINT DEFAULT 0,
    "TRIGGERS_CREATED_COUNT" BIGINT,
    "TRIGGERS_REBUILT_COUNT" BIGINT,
    "TRIGGERS_REMOVED_COUNT" BIGINT,
    PRIMARY KEY ("NODE_ID", "HOST_NAME", "START_TIME", "END_TIME")
)
2020-08-03 19:19:28,893 INFO [master-manager] [H2SymmetricDialect] [main] DDL applied: CREATE INDEX "SYM_IDX_ND_HST_STS" ON "SYM_NODE_HOST_STATS" ("NODE_ID", "START_TIME", "END_TIME")
2020-08-03 19:19:28,894 INFO [master-manager] [H2SymmetricDialect] [main] DDL applied: CREATE TABLE "SYM_NODE_IDENTITY"(
    "NODE_ID" VARCHAR(50) NOT NULL,
    PRIMARY KEY ("NODE_ID")
)
2020-08-03 19:19:28,895 INFO [master-manager] [H2SymmetricDialect] [main] DDL applied: CREATE TABLE "SYM_NODE_SECURITY"(
    "NODE_ID" VARCHAR(50) NOT NULL,
    "NODE_PASSWORD" VARCHAR(50) NOT NULL,
    "REGISTRATION_ENABLED" TINYINT DEFAULT 0,
    "REGISTRATION_TIME" TIMESTAMP,
    "INITIAL_LOAD_ENABLED" TINYINT DEFAULT 0,
    "INITIAL_LOAD_TIME" TIMESTAMP,
    "INITIAL_LOAD_ID" BIGINT,
    "INITIAL_LOAD_CREATE_BY" VARCHAR(255) NULL,
    "REV_INITIAL_LOAD_ENABLED" TINYINT DEFAULT 0,
    "REV_INITIAL_LOAD_TIME" TIMESTAMP,
    "REV_INITIAL_LOAD_ID" BIGINT,
    "REV_INITIAL_LOAD_CREATE_BY" VARCHAR(255) NULL,
    "FAILED_LOGINS" TINYINT DEFAULT 0,
    "CREATED_AT_NODE_ID" VARCHAR(50) NULL,
    PRIMARY KEY ("NODE_ID")
)
2020-08-03 19:19:28,895 INFO [master-manager] [H2SymmetricDialect] [main] DDL applied: CREATE TABLE "SYM_MONITOR"(
    "MONITOR_ID" VARCHAR(128) NOT NULL,
    "NODE_GROUP_ID" VARCHAR(50) DEFAULT 'ALL' NOT NULL,
    "EXTERNAL_ID" VARCHAR(255) DEFAULT 'ALL' NOT NULL,
    "TYPE" VARCHAR(50) NOT NULL,
    "EXPRESSION" VARCHAR(2147483647) NULL,
    "THRESHOLD" BIGINT DEFAULT 0 NOT NULL,
    "RUN_PERIOD" INTEGER DEFAULT 0 NOT NULL,
    "RUN_COUNT" INTEGER DEFAULT 0 NOT NULL,
    "SEVERITY_LEVEL" INTEGER DEFAULT 0 NOT NULL,
    "ENABLED" TINYINT DEFAULT 0 NOT NULL,
    "CREATE_TIME" TIMESTAMP,
    "LAST_UPDATE_BY" VARCHAR(50) NULL,
    "LAST_UPDATE_TIME" TIMESTAMP,
    PRIMARY KEY ("MONITOR_ID")
)
2020-08-03 19:19:28,896 INFO [master-manager] [H2SymmetricDialect] [main] DDL applied: CREATE TABLE "SYM_MONITOR_EVENT"(
    "MONITOR_ID" VARCHAR(128) NOT NULL,
    "NODE_ID" VARCHAR(50) NOT NULL,
    "EVENT_TIME" TIMESTAMP NOT NULL,
    "HOST_NAME" VARCHAR(60) NULL,
    "TYPE" VARCHAR(50) NOT NULL,
    "THRESHOLD" BIGINT DEFAULT 0 NOT NULL,
    "EVENT_VALUE" BIGINT DEFAULT 0 NOT NULL,
    "EVENT_COUNT" INTEGER DEFAULT 0 NOT NULL,
    "SEVERITY_LEVEL" INTEGER DEFAULT 0 NOT NULL,
    "IS_RESOLVED" TINYINT DEFAULT 0 NOT NULL,
    "IS_NOTIFIED" TINYINT DEFAULT 0 NOT NULL,
    "DETAILS" VARCHAR(2147483647) NULL,
    "LAST_UPDATE_TIME" TIMESTAMP,
    PRIMARY KEY ("MONITOR_ID", "NODE_ID", "EVENT_TIME")
)
2020-08-03 19:19:28,897 INFO [master-manager] [H2SymmetricDialect] [main] DDL applied: CREATE TABLE "SYM_NOTIFICATION"(
    "NOTIFICATION_ID" VARCHAR(128) NOT NULL,
    "NODE_GROUP_ID" VARCHAR(50) DEFAULT 'ALL' NOT NULL,
    "EXTERNAL_ID" VARCHAR(255) DEFAULT 'ALL' NOT NULL,
    "SEVERITY_LEVEL" INTEGER DEFAULT 0 NOT NULL,
    "TYPE" VARCHAR(50) NOT NULL,
    "EXPRESSION" VARCHAR(2147483647) NULL,
    "ENABLED" TINYINT DEFAULT 0 NOT NULL,
    "CREATE_TIME" TIMESTAMP,
    "LAST_UPDATE_BY" VARCHAR(50) NULL,
    "LAST_UPDATE_TIME" TIMESTAMP,
    PRIMARY KEY ("NOTIFICATION_ID")
)
2020-08-03 19:19:28,899 INFO [master-manager] [H2SymmetricDialect] [main] DDL applied: CREATE TABLE "SYM_OUTGOING_BATCH"(
    "BATCH_ID" BIGINT NOT NULL,
    "NODE_ID" VARCHAR(50) NOT NULL,
    "CHANNEL_ID" VARCHAR(128) NULL,
    "STATUS" CHAR(2) NULL,
    "ERROR_FLAG" TINYINT DEFAULT 0,
    "SQL_STATE" VARCHAR(10) NULL,
    "SQL_CODE" INTEGER DEFAULT 0 NOT NULL,
    "SQL_MESSAGE" VARCHAR(2147483647) NULL,
    "LAST_UPDATE_HOSTNAME" VARCHAR(255) NULL,
    "LAST_UPDATE_TIME" TIMESTAMP,
    "CREATE_TIME" TIMESTAMP,
    "SUMMARY" VARCHAR(255) NULL,
    "IGNORE_COUNT" INTEGER DEFAULT 0 NOT NULL,
    "BYTE_COUNT" BIGINT DEFAULT 0 NOT NULL,
    "LOAD_FLAG" TINYINT DEFAULT 0,
    "EXTRACT_COUNT" INTEGER DEFAULT 0 NOT NULL,
    "SENT_COUNT" INTEGER DEFAULT 0 NOT NULL,
    "LOAD_COUNT" INTEGER DEFAULT 0 NOT NULL,
    "RELOAD_ROW_COUNT" INTEGER DEFAULT 0 NOT NULL,
    "OTHER_ROW_COUNT" INTEGER DEFAULT 0 NOT NULL,
    "DATA_ROW_COUNT" INTEGER DEFAULT 0 NOT NULL,
    "EXTRACT_ROW_COUNT" INTEGER DEFAULT 0 NOT NULL,
    "LOAD_ROW_COUNT" INTEGER DEFAULT 0 NOT NULL,
    "DATA_INSERT_ROW_COUNT" INTEGER DEFAULT 0 NOT NULL,
    "DATA_UPDATE_ROW_COUNT" INTEGER DEFAULT 0 NOT NULL,
    "DATA_DELETE_ROW_COUNT" INTEGER DEFAULT 0 NOT NULL,
    "EXTRACT_INSERT_ROW_COUNT" INTEGER DEFAULT 0 NOT NULL,
    "EXTRACT_UPDATE_ROW_COUNT" INTEGER DEFAULT 0 NOT NULL,
    "EXTRACT_DELETE_ROW_COUNT" INTEGER DEFAULT 0 NOT NULL,
    "LOAD_INSERT_ROW_COUNT" INTEGER DEFAULT 0 NOT NULL,
    "LOAD_UPDATE_ROW_COUNT" INTEGER DEFAULT 0 NOT NULL,
    "LOAD_DELETE_ROW_COUNT" INTEGER DEFAULT 0 NOT NULL,
    "NETWORK_MILLIS" INTEGER DEFAULT 0 NOT NULL,
    "FILTER_MILLIS" INTEGER DEFAULT 0 NOT NULL,
    "LOAD_MILLIS" INTEGER DEFAULT 0 NOT NULL,
    "ROUTER_MILLIS" INTEGER DEFAULT 0 NOT NULL,
    "EXTRACT_MILLIS" INTEGER DEFAULT 0 NOT NULL,
    "TRANSFORM_EXTRACT_MILLIS" INTEGER DEFAULT 0 NOT NULL,
    "TRANSFORM_LOAD_MILLIS" INTEGER DEFAULT 0 NOT NULL,
    "LOAD_ID" BIGINT,
    "COMMON_FLAG" TINYINT DEFAULT 0,
    "FALLBACK_INSERT_COUNT" INTEGER DEFAULT 0 NOT NULL,
    "FALLBACK_UPDATE_COUNT" INTEGER DEFAULT 0 NOT NULL,
    "IGNORE_ROW_COUNT" INTEGER DEFAULT 0 NOT NULL,
    "MISSING_DELETE_COUNT" INTEGER DEFAULT 0 NOT NULL,
    "SKIP_COUNT" INTEGER DEFAULT 0 NOT NULL,
    "TOTAL_EXTRACT_MILLIS" INTEGER DEFAULT 0 NOT NULL,
    "TOTAL_LOAD_MILLIS" INTEGER DEFAULT 0 NOT NULL,
    "EXTRACT_JOB_FLAG" TINYINT DEFAULT 0,
    "EXTRACT_START_TIME" TIMESTAMP,
    "TRANSFER_START_TIME" TIMESTAMP,
    "LOAD_START_TIME" TIMESTAMP,
    "FAILED_DATA_ID" BIGINT DEFAULT 0 NOT NULL,
    "FAILED_LINE_NUMBER" BIGINT DEFAULT 0 NOT NULL,
    "CREATE_BY" VARCHAR(255) NULL,
    PRIMARY KEY ("BATCH_ID", "NODE_ID")
)
2020-08-03 19:19:28,899 INFO [master-manager] [H2SymmetricDialect] [main] DDL applied: CREATE INDEX "SYM_IDX_OB_NODE_STATUS" ON "SYM_OUTGOING_BATCH" ("NODE_ID", "STATUS")
2020-08-03 19:19:28,899 INFO [master-manager] [H2SymmetricDialect] [main] DDL applied: CREATE INDEX "SYM_IDX_OB_STATUS" ON "SYM_OUTGOING_BATCH" ("STATUS")
2020-08-03 19:19:28,900 INFO [master-manager] [H2SymmetricDialect] [main] DDL applied: CREATE INDEX "SYM_IDX_OB_IN_ERROR" ON "SYM_OUTGOING_BATCH" ("ERROR_FLAG")
2020-08-03 19:19:28,900 INFO [master-manager] [H2SymmetricDialect] [main] DDL applied: CREATE TABLE "SYM_PARAMETER"(
    "EXTERNAL_ID" VARCHAR(255) NOT NULL,
    "NODE_GROUP_ID" VARCHAR(50) NOT NULL,
    "PARAM_KEY" VARCHAR(80) NOT NULL,
    "PARAM_VALUE" VARCHAR(2147483647) NULL,
    "CREATE_TIME" TIMESTAMP,
    "LAST_UPDATE_BY" VARCHAR(50) NULL,
    "LAST_UPDATE_TIME" TIMESTAMP,
    PRIMARY KEY ("EXTERNAL_ID", "NODE_GROUP_ID", "PARAM_KEY")
)
2020-08-03 19:19:28,901 INFO [master-manager] [H2SymmetricDialect] [main] DDL applied: CREATE TABLE "SYM_REGISTRATION_REDIRECT"(
    "REGISTRANT_EXTERNAL_ID" VARCHAR(255) NOT NULL,
    "REGISTRATION_NODE_ID" VARCHAR(50) NOT NULL,
    PRIMARY KEY ("REGISTRANT_EXTERNAL_ID")
)
2020-08-03 19:19:28,902 INFO [master-manager] [H2SymmetricDialect] [main] DDL applied: CREATE TABLE "SYM_REGISTRATION_REQUEST"(
    "NODE_GROUP_ID" VARCHAR(50) NOT NULL,
    "EXTERNAL_ID" VARCHAR(255) NOT NULL,
    "STATUS" CHAR(2) NOT NULL,
    "HOST_NAME" VARCHAR(60) NOT NULL,
    "IP_ADDRESS" VARCHAR(50) NOT NULL,
    "ATTEMPT_COUNT" INTEGER DEFAULT 0,
    "REGISTERED_NODE_ID" VARCHAR(50) NULL,
    "ERROR_MESSAGE" VARCHAR(2147483647) NULL,
    "CREATE_TIME" TIMESTAMP NOT NULL,
    "LAST_UPDATE_BY" VARCHAR(50) NULL,
    "LAST_UPDATE_TIME" TIMESTAMP NOT NULL,
    PRIMARY KEY ("NODE_GROUP_ID", "EXTERNAL_ID", "CREATE_TIME")
)
2020-08-03 19:19:28,902 INFO [master-manager] [H2SymmetricDialect] [main] DDL applied: CREATE INDEX "SYM_IDX_REG_REQ_1" ON "SYM_REGISTRATION_REQUEST" ("NODE_GROUP_ID", "EXTERNAL_ID", "STATUS", "HOST_NAME", "IP_ADDRESS")
2020-08-03 19:19:28,902 INFO [master-manager] [H2SymmetricDialect] [main] DDL applied: CREATE INDEX "SYM_IDX_REG_REQ_2" ON "SYM_REGISTRATION_REQUEST" ("STATUS")
2020-08-03 19:19:28,903 INFO [master-manager] [H2SymmetricDialect] [main] DDL applied: CREATE TABLE "SYM_ROUTER"(
    "ROUTER_ID" VARCHAR(50) NOT NULL,
    "TARGET_CATALOG_NAME" VARCHAR(255) NULL,
    "TARGET_SCHEMA_NAME" VARCHAR(255) NULL,
    "TARGET_TABLE_NAME" VARCHAR(255) NULL,
    "SOURCE_NODE_GROUP_ID" VARCHAR(50) NOT NULL,
    "TARGET_NODE_GROUP_ID" VARCHAR(50) NOT NULL,
    "ROUTER_TYPE" VARCHAR(50) DEFAULT 'default' NOT NULL,
    "ROUTER_EXPRESSION" VARCHAR(2147483647) NULL,
    "SYNC_ON_UPDATE" TINYINT DEFAULT 1 NOT NULL,
    "SYNC_ON_INSERT" TINYINT DEFAULT 1 NOT NULL,
    "SYNC_ON_DELETE" TINYINT DEFAULT 1 NOT NULL,
    "USE_SOURCE_CATALOG_SCHEMA" TINYINT DEFAULT 1 NOT NULL,
    "CREATE_TIME" TIMESTAMP NOT NULL,
    "LAST_UPDATE_BY" VARCHAR(50) NULL,
    "LAST_UPDATE_TIME" TIMESTAMP NOT NULL,
    "DESCRIPTION" VARCHAR(2147483647) NULL,
    PRIMARY KEY ("ROUTER_ID")
)
2020-08-03 19:19:28,904 INFO [master-manager] [H2SymmetricDialect] [main] DDL applied: CREATE TABLE "SYM_SEQUENCE"(
    "SEQUENCE_NAME" VARCHAR(50) NOT NULL,
    "CURRENT_VALUE" BIGINT DEFAULT 0 NOT NULL,
    "INCREMENT_BY" INTEGER DEFAULT 1 NOT NULL,
    "MIN_VALUE" BIGINT DEFAULT 1 NOT NULL,
    "MAX_VALUE" BIGINT DEFAULT 9999999999 NOT NULL,
    "CYCLE_FLAG" TINYINT DEFAULT 0,
    "CACHE_SIZE" INTEGER DEFAULT 0 NOT NULL,
    "CREATE_TIME" TIMESTAMP,
    "LAST_UPDATE_BY" VARCHAR(50) NULL,
    "LAST_UPDATE_TIME" TIMESTAMP NOT NULL,
    PRIMARY KEY ("SEQUENCE_NAME")
)
2020-08-03 19:19:28,905 INFO [master-manager] [H2SymmetricDialect] [main] DDL applied: CREATE TABLE "SYM_TABLE_RELOAD_REQUEST"(
    "TARGET_NODE_ID" VARCHAR(50) NOT NULL,
    "SOURCE_NODE_ID" VARCHAR(50) NOT NULL,
    "TRIGGER_ID" VARCHAR(128) NOT NULL,
    "ROUTER_ID" VARCHAR(50) NOT NULL,
    "CREATE_TIME" TIMESTAMP NOT NULL,
    "CREATE_TABLE" TINYINT DEFAULT 0 NOT NULL,
    "DELETE_FIRST" TINYINT DEFAULT 0 NOT NULL,
    "RELOAD_SELECT" VARCHAR(2147483647) NULL,
    "BEFORE_CUSTOM_SQL" VARCHAR(2147483647) NULL,
    "RELOAD_TIME" TIMESTAMP,
    "LOAD_ID" BIGINT,
    "PROCESSED" TINYINT DEFAULT 0 NOT NULL,
    "CHANNEL_ID" VARCHAR(128) NULL,
    "LAST_UPDATE_BY" VARCHAR(50) NULL,
    "LAST_UPDATE_TIME" TIMESTAMP NOT NULL,
    PRIMARY KEY ("TARGET_NODE_ID", "SOURCE_NODE_ID", "TRIGGER_ID", "ROUTER_ID", "CREATE_TIME")
)
2020-08-03 19:19:28,906 INFO [master-manager] [H2SymmetricDialect] [main] DDL applied: CREATE TABLE "SYM_TABLE_RELOAD_STATUS"(
    "LOAD_ID" BIGINT NOT NULL,
    "SOURCE_NODE_ID" VARCHAR(50) NOT NULL,
    "TARGET_NODE_ID" VARCHAR(50) NOT NULL,
    "START_TIME" TIMESTAMP,
    "END_TIME" TIMESTAMP,
    "COMPLETED" TINYINT DEFAULT 0 NOT NULL,
    "CANCELLED" TINYINT DEFAULT 0 NOT NULL,
    "START_DATA_BATCH_ID" BIGINT,
    "END_DATA_BATCH_ID" BIGINT,
    "SETUP_BATCH_COUNT" BIGINT DEFAULT 0 NOT NULL,
    "DATA_BATCH_COUNT" BIGINT DEFAULT 0 NOT NULL,
    "FINALIZE_BATCH_COUNT" BIGINT DEFAULT 0 NOT NULL,
    "SETUP_BATCH_LOADED" BIGINT DEFAULT 0 NOT NULL,
    "DATA_BATCH_LOADED" BIGINT DEFAULT 0 NOT NULL,
    "FINALIZE_BATCH_LOADED" BIGINT DEFAULT 0 NOT NULL,
    "TABLE_COUNT" BIGINT DEFAULT 0 NOT NULL,
    "ROWS_LOADED" BIGINT DEFAULT 0 NOT NULL,
    "ROWS_COUNT" BIGINT DEFAULT 0 NOT NULL,
    "ERROR_FLAG" TINYINT DEFAULT 0 NOT NULL,
    "SQL_STATE" VARCHAR(10) NULL,
    "SQL_CODE" INTEGER DEFAULT 0 NOT NULL,
    "SQL_MESSAGE" VARCHAR(2147483647) NULL,
    "LAST_UPDATE_BY" VARCHAR(50) NULL,
    "LAST_UPDATE_TIME" TIMESTAMP NOT NULL,
    PRIMARY KEY ("LOAD_ID", "SOURCE_NODE_ID")
)
2020-08-03 19:19:28,907 INFO [master-manager] [H2SymmetricDialect] [main] DDL applied: CREATE TABLE "SYM_TRANSFORM_TABLE"(
    "TRANSFORM_ID" VARCHAR(50) NOT NULL,
    "SOURCE_NODE_GROUP_ID" VARCHAR(50) NOT NULL,
    "TARGET_NODE_GROUP_ID" VARCHAR(50) NOT NULL,
    "TRANSFORM_POINT" VARCHAR(10) NOT NULL,
    "SOURCE_CATALOG_NAME" VARCHAR(255) NULL,
    "SOURCE_SCHEMA_NAME" VARCHAR(255) NULL,
    "SOURCE_TABLE_NAME" VARCHAR(255) NOT NULL,
    "TARGET_CATALOG_NAME" VARCHAR(255) NULL,
    "TARGET_SCHEMA_NAME" VARCHAR(255) NULL,
    "TARGET_TABLE_NAME" VARCHAR(255) NULL,
    "UPDATE_FIRST" TINYINT DEFAULT 0,
    "UPDATE_ACTION" VARCHAR(255) DEFAULT 'UPDATE_COL' NOT NULL,
    "DELETE_ACTION" VARCHAR(10) NOT NULL,
    "TRANSFORM_ORDER" INTEGER DEFAULT 1 NOT NULL,
    "COLUMN_POLICY" VARCHAR(10) DEFAULT 'SPECIFIED' NOT NULL,
    "CREATE_TIME" TIMESTAMP,
    "LAST_UPDATE_BY" VARCHAR(50) NULL,
    "LAST_UPDATE_TIME" TIMESTAMP,
    "DESCRIPTION" VARCHAR(2147483647) NULL,
    PRIMARY KEY ("TRANSFORM_ID", "SOURCE_NODE_GROUP_ID", "TARGET_NODE_GROUP_ID")
)
2020-08-03 19:19:28,908 INFO [master-manager] [H2SymmetricDialect] [main] DDL applied: CREATE TABLE "SYM_TRANSFORM_COLUMN"(
    "TRANSFORM_ID" VARCHAR(50) NOT NULL,
    "INCLUDE_ON" CHAR(1) DEFAULT '*' NOT NULL,
    "TARGET_COLUMN_NAME" VARCHAR(128) NOT NULL,
    "SOURCE_COLUMN_NAME" VARCHAR(128) NULL,
    "PK" TINYINT DEFAULT 0,
    "TRANSFORM_TYPE" VARCHAR(50) DEFAULT 'copy' NULL,
    "TRANSFORM_EXPRESSION" VARCHAR(2147483647) NULL,
    "TRANSFORM_ORDER" INTEGER DEFAULT 1 NOT NULL,
    "CREATE_TIME" TIMESTAMP,
    "LAST_UPDATE_BY" VARCHAR(50) NULL,
    "LAST_UPDATE_TIME" TIMESTAMP,
    "DESCRIPTION" VARCHAR(2147483647) NULL,
    PRIMARY KEY ("TRANSFORM_ID", "INCLUDE_ON", "TARGET_COLUMN_NAME")
)
2020-08-03 19:19:28,910 INFO [master-manager] [H2SymmetricDialect] [main] DDL applied: CREATE TABLE "SYM_TRIGGER"(
    "TRIGGER_ID" VARCHAR(128) NOT NULL,
    "SOURCE_CATALOG_NAME" VARCHAR(255) NULL,
    "SOURCE_SCHEMA_NAME" VARCHAR(255) NULL,
    "SOURCE_TABLE_NAME" VARCHAR(255) NOT NULL,
    "CHANNEL_ID" VARCHAR(128) NOT NULL,
    "RELOAD_CHANNEL_ID" VARCHAR(128) DEFAULT 'reload' NOT NULL,
    "SYNC_ON_UPDATE" TINYINT DEFAULT 1 NOT NULL,
    "SYNC_ON_INSERT" TINYINT DEFAULT 1 NOT NULL,
    "SYNC_ON_DELETE" TINYINT DEFAULT 1 NOT NULL,
    "SYNC_ON_INCOMING_BATCH" TINYINT DEFAULT 0 NOT NULL,
    "NAME_FOR_UPDATE_TRIGGER" VARCHAR(255) NULL,
    "NAME_FOR_INSERT_TRIGGER" VARCHAR(255) NULL,
    "NAME_FOR_DELETE_TRIGGER" VARCHAR(255) NULL,
    "SYNC_ON_UPDATE_CONDITION" VARCHAR(2147483647) NULL,
    "SYNC_ON_INSERT_CONDITION" VARCHAR(2147483647) NULL,
    "SYNC_ON_DELETE_CONDITION" VARCHAR(2147483647) NULL,
    "CUSTOM_BEFORE_UPDATE_TEXT" VARCHAR(2147483647) NULL,
    "CUSTOM_BEFORE_INSERT_TEXT" VARCHAR(2147483647) NULL,
    "CUSTOM_BEFORE_DELETE_TEXT" VARCHAR(2147483647) NULL,
    "CUSTOM_ON_UPDATE_TEXT" VARCHAR(2147483647) NULL,
    "CUSTOM_ON_INSERT_TEXT" VARCHAR(2147483647) NULL,
    "CUSTOM_ON_DELETE_TEXT" VARCHAR(2147483647) NULL,
    "EXTERNAL_SELECT" VARCHAR(2147483647) NULL,
    "TX_ID_EXPRESSION" VARCHAR(2147483647) NULL,
    "CHANNEL_EXPRESSION" VARCHAR(2147483647) NULL,
    "EXCLUDED_COLUMN_NAMES" VARCHAR(2147483647) NULL,
    "INCLUDED_COLUMN_NAMES" VARCHAR(2147483647) NULL,
    "SYNC_KEY_NAMES" VARCHAR(2147483647) NULL,
    "USE_STREAM_LOBS" TINYINT DEFAULT 0 NOT NULL,
    "USE_CAPTURE_LOBS" TINYINT DEFAULT 0 NOT NULL,
    "USE_CAPTURE_OLD_DATA" TINYINT DEFAULT 1 NOT NULL,
    "USE_HANDLE_KEY_UPDATES" TINYINT DEFAULT 1 NOT NULL,
    "STREAM_ROW" TINYINT DEFAULT 0 NOT NULL,
    "CREATE_TIME" TIMESTAMP NOT NULL,
    "LAST_UPDATE_BY" VARCHAR(50) NULL,
    "LAST_UPDATE_TIME" TIMESTAMP NOT NULL,
    "DESCRIPTION" VARCHAR(2147483647) NULL,
    PRIMARY KEY ("TRIGGER_ID")
)
2020-08-03 19:19:28,911 INFO [master-manager] [H2SymmetricDialect] [main] DDL applied: CREATE TABLE "SYM_TRIGGER_HIST"(
    "TRIGGER_HIST_ID" INTEGER NOT NULL,
    "TRIGGER_ID" VARCHAR(128) NOT NULL,
    "SOURCE_TABLE_NAME" VARCHAR(255) NOT NULL,
    "SOURCE_CATALOG_NAME" VARCHAR(255) NULL,
    "SOURCE_SCHEMA_NAME" VARCHAR(255) NULL,
    "NAME_FOR_UPDATE_TRIGGER" VARCHAR(255) NULL,
    "NAME_FOR_INSERT_TRIGGER" VARCHAR(255) NULL,
    "NAME_FOR_DELETE_TRIGGER" VARCHAR(255) NULL,
    "TABLE_HASH" BIGINT DEFAULT 0 NOT NULL,
    "TRIGGER_ROW_HASH" BIGINT DEFAULT 0 NOT NULL,
    "TRIGGER_TEMPLATE_HASH" BIGINT DEFAULT 0 NOT NULL,
    "COLUMN_NAMES" VARCHAR(2147483647) NOT NULL,
    "PK_COLUMN_NAMES" VARCHAR(2147483647) NOT NULL,
    "LAST_TRIGGER_BUILD_REASON" CHAR(1) NOT NULL,
    "ERROR_MESSAGE" VARCHAR(2147483647) NULL,
    "CREATE_TIME" TIMESTAMP NOT NULL,
    "INACTIVE_TIME" TIMESTAMP,
    PRIMARY KEY ("TRIGGER_HIST_ID")
)
2020-08-03 19:19:28,911 INFO [master-manager] [H2SymmetricDialect] [main] DDL applied: CREATE INDEX "SYM_IDX_TRIGG_HIST_1" ON "SYM_TRIGGER_HIST" ("TRIGGER_ID", "INACTIVE_TIME")
2020-08-03 19:19:28,912 INFO [master-manager] [H2SymmetricDialect] [main] DDL applied: CREATE TABLE "SYM_TRIGGER_ROUTER"(
    "TRIGGER_ID" VARCHAR(128) NOT NULL,
    "ROUTER_ID" VARCHAR(50) NOT NULL,
    "ENABLED" TINYINT DEFAULT 1 NOT NULL,
    "INITIAL_LOAD_ORDER" INTEGER DEFAULT 1 NOT NULL,
    "INITIAL_LOAD_SELECT" VARCHAR(2147483647) NULL,
    "INITIAL_LOAD_DELETE_STMT" VARCHAR(2147483647) NULL,
    "PING_BACK_ENABLED" TINYINT DEFAULT 0 NOT NULL,
    "CREATE_TIME" TIMESTAMP NOT NULL,
    "LAST_UPDATE_BY" VARCHAR(50) NULL,
    "LAST_UPDATE_TIME" TIMESTAMP NOT NULL,
    "DESCRIPTION" VARCHAR(2147483647) NULL,
    PRIMARY KEY ("TRIGGER_ID", "ROUTER_ID")
)
2020-08-03 19:19:28,913 INFO [master-manager] [H2SymmetricDialect] [main] DDL applied: CREATE TABLE "SYM_TRIGGER_ROUTER_GROUPLET"(
    "GROUPLET_ID" VARCHAR(50) NOT NULL,
    "TRIGGER_ID" VARCHAR(128) NOT NULL,
    "ROUTER_ID" VARCHAR(50) NOT NULL,
    "APPLIES_WHEN" CHAR(1) NOT NULL,
    "CREATE_TIME" TIMESTAMP NOT NULL,
    "LAST_UPDATE_BY" VARCHAR(50) NULL,
    "LAST_UPDATE_TIME" TIMESTAMP NOT NULL,
    PRIMARY KEY ("GROUPLET_ID", "TRIGGER_ID", "ROUTER_ID", "APPLIES_WHEN")
)
2020-08-03 19:19:28,918 INFO [master-manager] [H2SymmetricDialect] [main] DDL applied: ALTER TABLE "SYM_CONFLICT"
    ADD CONSTRAINT "SYM_FK_CF_2_GRP_LNK" FOREIGN KEY ("SOURCE_NODE_GROUP_ID", "TARGET_NODE_GROUP_ID") REFERENCES "SYM_NODE_GROUP_LINK" ("SOURCE_NODE_GROUP_ID", "TARGET_NODE_GROUP_ID")
2020-08-03 19:19:28,919 INFO [master-manager] [H2SymmetricDialect] [main] DDL applied: ALTER TABLE "SYM_FILE_TRIGGER_ROUTER"
    ADD CONSTRAINT "SYM_FK_FTR_2_FTRG" FOREIGN KEY ("TRIGGER_ID") REFERENCES "SYM_FILE_TRIGGER" ("TRIGGER_ID")
2020-08-03 19:19:28,920 INFO [master-manager] [H2SymmetricDialect] [main] DDL applied: ALTER TABLE "SYM_FILE_TRIGGER_ROUTER"
    ADD CONSTRAINT "SYM_FK_FTR_2_RTR" FOREIGN KEY ("ROUTER_ID") REFERENCES "SYM_ROUTER" ("ROUTER_ID")
2020-08-03 19:19:28,921 INFO [master-manager] [H2SymmetricDialect] [main] DDL applied: ALTER TABLE "SYM_GROUPLET_LINK"
    ADD CONSTRAINT "SYM_FK_GPLTLNK_2_GPLT" FOREIGN KEY ("GROUPLET_ID") REFERENCES "SYM_GROUPLET" ("GROUPLET_ID")
2020-08-03 19:19:28,922 INFO [master-manager] [H2SymmetricDialect] [main] DDL applied: ALTER TABLE "SYM_NODE_GROUP_LINK"
    ADD CONSTRAINT "SYM_FK_LNK_2_GRP_SRC" FOREIGN KEY ("SOURCE_NODE_GROUP_ID") REFERENCES "SYM_NODE_GROUP" ("NODE_GROUP_ID")
2020-08-03 19:19:28,923 INFO [master-manager] [H2SymmetricDialect] [main] DDL applied: ALTER TABLE "SYM_NODE_GROUP_LINK"
    ADD CONSTRAINT "SYM_FK_LNK_2_GRP_TGT" FOREIGN KEY ("TARGET_NODE_GROUP_ID") REFERENCES "SYM_NODE_GROUP" ("NODE_GROUP_ID")
2020-08-03 19:19:28,923 INFO [master-manager] [H2SymmetricDialect] [main] DDL applied: ALTER TABLE "SYM_NODE_IDENTITY"
    ADD CONSTRAINT "SYM_FK_IDENT_2_NODE" FOREIGN KEY ("NODE_ID") REFERENCES "SYM_NODE" ("NODE_ID")
2020-08-03 19:19:28,924 INFO [master-manager] [H2SymmetricDialect] [main] DDL applied: ALTER TABLE "SYM_NODE_SECURITY"
    ADD CONSTRAINT "SYM_FK_SEC_2_NODE" FOREIGN KEY ("NODE_ID") REFERENCES "SYM_NODE" ("NODE_ID")
2020-08-03 19:19:28,925 INFO [master-manager] [H2SymmetricDialect] [main] DDL applied: ALTER TABLE "SYM_ROUTER"
    ADD CONSTRAINT "SYM_FK_RT_2_GRP_LNK" FOREIGN KEY ("SOURCE_NODE_GROUP_ID", "TARGET_NODE_GROUP_ID") REFERENCES "SYM_NODE_GROUP_LINK" ("SOURCE_NODE_GROUP_ID", "TARGET_NODE_GROUP_ID")
2020-08-03 19:19:28,926 INFO [master-manager] [H2SymmetricDialect] [main] DDL applied: ALTER TABLE "SYM_TRANSFORM_TABLE"
    ADD CONSTRAINT "SYM_FK_TT_2_GRP_LNK" FOREIGN KEY ("SOURCE_NODE_GROUP_ID", "TARGET_NODE_GROUP_ID") REFERENCES "SYM_NODE_GROUP_LINK" ("SOURCE_NODE_GROUP_ID", "TARGET_NODE_GROUP_ID")
2020-08-03 19:19:28,927 INFO [master-manager] [H2SymmetricDialect] [main] DDL applied: ALTER TABLE "SYM_TRIGGER"
    ADD CONSTRAINT "SYM_FK_TRG_2_CHNL" FOREIGN KEY ("CHANNEL_ID") REFERENCES "SYM_CHANNEL" ("CHANNEL_ID")
2020-08-03 19:19:28,928 INFO [master-manager] [H2SymmetricDialect] [main] DDL applied: ALTER TABLE "SYM_TRIGGER"
    ADD CONSTRAINT "SYM_FK_TRG_2_RLD_CHNL" FOREIGN KEY ("RELOAD_CHANNEL_ID") REFERENCES "SYM_CHANNEL" ("CHANNEL_ID")
2020-08-03 19:19:28,929 INFO [master-manager] [H2SymmetricDialect] [main] DDL applied: ALTER TABLE "SYM_TRIGGER_ROUTER"
    ADD CONSTRAINT "SYM_FK_TR_2_TRG" FOREIGN KEY ("TRIGGER_ID") REFERENCES "SYM_TRIGGER" ("TRIGGER_ID")
2020-08-03 19:19:28,930 INFO [master-manager] [H2SymmetricDialect] [main] DDL applied: ALTER TABLE "SYM_TRIGGER_ROUTER"
    ADD CONSTRAINT "SYM_FK_TR_2_RTR" FOREIGN KEY ("ROUTER_ID") REFERENCES "SYM_ROUTER" ("ROUTER_ID")
2020-08-03 19:19:28,931 INFO [master-manager] [H2SymmetricDialect] [main] DDL applied: ALTER TABLE "SYM_TRIGGER_ROUTER_GROUPLET"
    ADD CONSTRAINT "SYM_FK_TRGPLT_2_GPLT" FOREIGN KEY ("GROUPLET_ID") REFERENCES "SYM_GROUPLET" ("GROUPLET_ID")
2020-08-03 19:19:28,932 INFO [master-manager] [H2SymmetricDialect] [main] DDL applied: ALTER TABLE "SYM_TRIGGER_ROUTER_GROUPLET"
    ADD CONSTRAINT "SYM_FK_TRGPLT_2_TR" FOREIGN KEY ("TRIGGER_ID", "ROUTER_ID") REFERENCES "SYM_TRIGGER_ROUTER" ("TRIGGER_ID", "ROUTER_ID")
2020-08-03 19:19:28,934 INFO [master-manager] [ClusterService] [main] This node picked a server id of daniel
2020-08-03 19:19:28,935 INFO [master-manager] [TriggerRouterService] [main] Synchronizing triggers
2020-08-03 19:19:28,948 INFO [master-manager] [TriggerRouterService] [main] Done synchronizing triggers
2020-08-03 19:19:28,949 INFO [master-manager] [H2SymmetricDialect] [main] Done with auto update of SymmetricDS tables
2020-08-03 19:19:28,950 INFO [master-manager] [ConfigurationService] [main] Auto-configuring config channel
2020-08-03 19:19:28,958 INFO [master-manager] [ConfigurationService] [main] Auto-configuring reload channel
2020-08-03 19:19:28,960 INFO [master-manager] [ConfigurationService] [main] Auto-configuring monitor channel
2020-08-03 19:19:28,961 INFO [master-manager] [ConfigurationService] [main] Auto-configuring heartbeat channel
2020-08-03 19:19:28,963 INFO [master-manager] [ConfigurationService] [main] Auto-configuring default channel
2020-08-03 19:19:28,964 INFO [master-manager] [ConfigurationService] [main] Auto-configuring dynamic channel
2020-08-03 19:19:28,976 INFO [master-manager] [AbstractSymmetricEngine] [main] Inserting rows for node, security, identity and group for registration server
2020-08-03 19:19:28,991 INFO [master-manager] [AbstractSymmetricEngine] [main] Done initializing SymmetricDS database
2020-08-03 19:19:29,823 INFO [] [AbstractCommandLauncher] [main] Option: name=engine, value={master-manager}
2020-08-03 19:19:30,283 INFO [] [AbstractSymmetricEngine] [main] Initializing connection to database
2020-08-03 19:19:30,422 INFO [] [JdbcDatabasePlatformFactory] [main] Detected database 'H2', version '1', protocol 'h2'
2020-08-03 19:19:30,437 INFO [] [JdbcDatabasePlatformFactory] [main] The IDatabasePlatform being used is org.jumpmind.db.platform.h2.H2DatabasePlatform
2020-08-03 19:19:31,273 INFO [startup] [SymmetricUtils] [main] 
   _____                              __       _       ____   _____
  / ___/ __  _____ __  ___ __  ___  _/ /_ ____(_)___  / __ | / ___/
  \__ \ / / / / _ `_ \/ _ `_ \/ _ \/_ __// __/ / __/ / / / / \__ \ 
 ___/ // /_/ / // // / // // /  __// /  / / / / /_  / /_/ / ___/ / 
/____/ \__  /_//_//_/_//_//_/\___/ \_/ /_/ /_/\__/ /_____/ /____/  
      /____/                                                        
+-----------------------------------------------------------------+
| Copyright (C) 2007-2020 JumpMind, Inc.                          |
|                                                                 |
| Licensed under the GNU General Public License version 3.        |
| This software comes with ABSOLUTELY NO WARRANTY.                |
| See http://www.gnu.org/licenses/gpl.html                        |
+-----------------------------------------------------------------+
2020-08-03 19:19:31,319 INFO [startup] [SymmetricWebServer] [main] About to start SymmetricDS web server on 0.0.0.0:31415:HTTP/1.1
2020-08-03 19:19:31,654 INFO [master-manager] [AbstractSymmetricEngine] [symmetric-engine-startup-1] Initializing connection to database
2020-08-03 19:19:32,079 INFO [master-manager] [JdbcDatabasePlatformFactory] [symmetric-engine-startup-1] Detected database 'H2', version '1', protocol 'h2'
2020-08-03 19:19:32,090 INFO [master-manager] [JdbcDatabasePlatformFactory] [symmetric-engine-startup-1] The IDatabasePlatform being used is org.jumpmind.db.platform.h2.H2DatabasePlatform
2020-08-03 19:19:32,190 INFO [master-manager] [H2SymmetricDialect] [symmetric-engine-startup-1] The DbDialect being used is org.jumpmind.symmetric.db.h2.H2SymmetricDialect
2020-08-03 19:19:32,227 INFO [master-manager] [ExtensionService] [symmetric-engine-startup-1] Found 0 extension points from the database that will be registered
2020-08-03 19:19:32,237 INFO [master-manager] [StagingManager] [symmetric-engine-startup-1] The staging directory was initialized at the following location: /home/daniel/master-thesis/pesquisa/symmetricsds/symmetric-server-3.12.2/tmp/master-manager
2020-08-03 19:19:32,702 INFO [startup] [SymmetricWebServer] [main] Joining the web server main thread
2020-08-03 19:19:32,792 INFO [master-manager] [ExtensionService] [symmetric-engine-startup-1] Found 0 extension points from the database that will be registered
2020-08-03 19:19:32,792 INFO [master-manager] [ClientExtensionService] [symmetric-engine-startup-1] Found 8 extension points from spring that will be registered
2020-08-03 19:19:32,802 INFO [master-manager] [AbstractSymmetricEngine] [symmetric-engine-startup-1] Initializing SymmetricDS database
2020-08-03 19:19:32,811 INFO [master-manager] [H2SymmetricDialect] [symmetric-engine-startup-1] Checking if SymmetricDS tables need created or altered
2020-08-03 19:19:33,303 INFO [master-manager] [ConfigurationService] [symmetric-engine-startup-1] Auto-configuring config channel
2020-08-03 19:19:33,309 INFO [master-manager] [ConfigurationService] [symmetric-engine-startup-1] Auto-configuring reload channel
2020-08-03 19:19:33,311 INFO [master-manager] [ConfigurationService] [symmetric-engine-startup-1] Auto-configuring monitor channel
2020-08-03 19:19:33,312 INFO [master-manager] [ConfigurationService] [symmetric-engine-startup-1] Auto-configuring heartbeat channel
2020-08-03 19:19:33,313 INFO [master-manager] [ConfigurationService] [symmetric-engine-startup-1] Auto-configuring default channel
2020-08-03 19:19:33,314 INFO [master-manager] [ConfigurationService] [symmetric-engine-startup-1] Auto-configuring dynamic channel
2020-08-03 19:19:33,328 INFO [master-manager] [AbstractSymmetricEngine] [symmetric-engine-startup-1] Inserting rows for node, security, identity and group for registration server
2020-08-03 19:19:33,340 INFO [master-manager] [AbstractSymmetricEngine] [symmetric-engine-startup-1] Done initializing SymmetricDS database
2020-08-03 19:19:33,340 INFO [master-manager] [AbstractSymmetricEngine] [symmetric-engine-startup-1] SymmetricDS database version : 3.12.2
2020-08-03 19:19:33,340 INFO [master-manager] [AbstractSymmetricEngine] [symmetric-engine-startup-1] SymmetricDS software version : 3.12.2
2020-08-03 19:19:33,347 INFO [master-manager] [AbstractSymmetricEngine] [symmetric-engine-startup-1] Starting registered node [group=master-manager, id=000, nodeId=000]
2020-08-03 19:19:33,350 INFO [master-manager] [ClusterService] [symmetric-engine-startup-1] This node picked a server id of daniel
2020-08-03 19:19:33,350 INFO [master-manager] [TriggerRouterService] [symmetric-engine-startup-1] Synchronizing triggers
2020-08-03 19:19:33,404 INFO [master-manager] [H2SymmetricDialect] [master-manager-sync-triggers-1] Creating SYM_ON_I_FOR_SYM_RTR_MSTRMNGR trigger for MASTER-MANAGER-DB.PUBLIC.SYM_ROUTER
2020-08-03 19:19:33,436 INFO [master-manager] [H2SymmetricDialect] [master-manager-sync-triggers-1] Creating SYM_ON_U_FOR_SYM_RTR_MSTRMNGR trigger for MASTER-MANAGER-DB.PUBLIC.SYM_ROUTER
2020-08-03 19:19:33,458 INFO [master-manager] [H2SymmetricDialect] [master-manager-sync-triggers-1] Creating SYM_ON_D_FOR_SYM_RTR_MSTRMNGR trigger for MASTER-MANAGER-DB.PUBLIC.SYM_ROUTER
2020-08-03 19:19:33,522 INFO [master-manager] [H2SymmetricDialect] [master-manager-sync-triggers-1] Creating SYM_ON_I_FOR_SYM_TRNSFRM_TBL_MSTRMNGR trigger for MASTER-MANAGER-DB.PUBLIC.SYM_TRANSFORM_TABLE
2020-08-03 19:19:33,543 INFO [master-manager] [H2SymmetricDialect] [master-manager-sync-triggers-1] Creating SYM_ON_U_FOR_SYM_TRNSFRM_TBL_MSTRMNGR trigger for MASTER-MANAGER-DB.PUBLIC.SYM_TRANSFORM_TABLE
2020-08-03 19:19:33,562 INFO [master-manager] [H2SymmetricDialect] [master-manager-sync-triggers-1] Creating SYM_ON_D_FOR_SYM_TRNSFRM_TBL_MSTRMNGR trigger for MASTER-MANAGER-DB.PUBLIC.SYM_TRANSFORM_TABLE
2020-08-03 19:19:33,585 INFO [master-manager] [H2SymmetricDialect] [master-manager-sync-triggers-1] Creating SYM_ON_I_FOR_SYM_PRMTR_MSTRMNGR trigger for MASTER-MANAGER-DB.PUBLIC.SYM_PARAMETER
2020-08-03 19:19:33,595 INFO [master-manager] [H2SymmetricDialect] [master-manager-sync-triggers-1] Creating SYM_ON_U_FOR_SYM_PRMTR_MSTRMNGR trigger for MASTER-MANAGER-DB.PUBLIC.SYM_PARAMETER
2020-08-03 19:19:33,604 INFO [master-manager] [H2SymmetricDialect] [master-manager-sync-triggers-1] Creating SYM_ON_D_FOR_SYM_PRMTR_MSTRMNGR trigger for MASTER-MANAGER-DB.PUBLIC.SYM_PARAMETER
2020-08-03 19:19:33,629 INFO [master-manager] [H2SymmetricDialect] [master-manager-sync-triggers-1] Creating SYM_ON_I_FOR_SYM_FL_TRGGR_RTR_MSTRMNGR trigger for MASTER-MANAGER-DB.PUBLIC.SYM_FILE_TRIGGER_ROUTER
2020-08-03 19:19:33,641 INFO [master-manager] [H2SymmetricDialect] [master-manager-sync-triggers-1] Creating SYM_ON_U_FOR_SYM_FL_TRGGR_RTR_MSTRMNGR trigger for MASTER-MANAGER-DB.PUBLIC.SYM_FILE_TRIGGER_ROUTER
2020-08-03 19:19:33,650 INFO [master-manager] [H2SymmetricDialect] [master-manager-sync-triggers-1] Creating SYM_ON_D_FOR_SYM_FL_TRGGR_RTR_MSTRMNGR trigger for MASTER-MANAGER-DB.PUBLIC.SYM_FILE_TRIGGER_ROUTER
2020-08-03 19:19:33,678 INFO [master-manager] [H2SymmetricDialect] [master-manager-sync-triggers-1] Creating SYM_ON_I_FOR_SYM_TBL_RLD_RQST_MSTRMNGR trigger for MASTER-MANAGER-DB.PUBLIC.SYM_TABLE_RELOAD_REQUEST
2020-08-03 19:19:33,697 INFO [master-manager] [H2SymmetricDialect] [master-manager-sync-triggers-1] Creating SYM_ON_U_FOR_SYM_TBL_RLD_RQST_MSTRMNGR trigger for MASTER-MANAGER-DB.PUBLIC.SYM_TABLE_RELOAD_REQUEST
2020-08-03 19:19:33,720 INFO [master-manager] [H2SymmetricDialect] [master-manager-sync-triggers-1] Creating SYM_ON_D_FOR_SYM_TBL_RLD_RQST_MSTRMNGR trigger for MASTER-MANAGER-DB.PUBLIC.SYM_TABLE_RELOAD_REQUEST
2020-08-03 19:19:33,774 INFO [master-manager] [H2SymmetricDialect] [master-manager-sync-triggers-1] Creating SYM_ON_I_FOR_SYM_GRPLT_LNK_MSTRMNGR trigger for MASTER-MANAGER-DB.PUBLIC.SYM_GROUPLET_LINK
2020-08-03 19:19:33,785 INFO [master-manager] [H2SymmetricDialect] [master-manager-sync-triggers-1] Creating SYM_ON_U_FOR_SYM_GRPLT_LNK_MSTRMNGR trigger for MASTER-MANAGER-DB.PUBLIC.SYM_GROUPLET_LINK
2020-08-03 19:19:33,796 INFO [master-manager] [H2SymmetricDialect] [master-manager-sync-triggers-1] Creating SYM_ON_D_FOR_SYM_GRPLT_LNK_MSTRMNGR trigger for MASTER-MANAGER-DB.PUBLIC.SYM_GROUPLET_LINK
2020-08-03 19:19:33,815 INFO [master-manager] [H2SymmetricDialect] [master-manager-sync-triggers-1] Creating SYM_ON_I_FOR_RLS_MSTRMNGR trigger for MASTER-MANAGER-DB.PUBLIC.RULES
2020-08-03 19:19:33,823 INFO [master-manager] [H2SymmetricDialect] [master-manager-sync-triggers-1] Creating SYM_ON_U_FOR_RLS_MSTRMNGR trigger for MASTER-MANAGER-DB.PUBLIC.RULES
2020-08-03 19:19:33,830 INFO [master-manager] [H2SymmetricDialect] [master-manager-sync-triggers-1] Creating SYM_ON_D_FOR_RLS_MSTRMNGR trigger for MASTER-MANAGER-DB.PUBLIC.RULES
2020-08-03 19:19:33,846 INFO [master-manager] [H2SymmetricDialect] [master-manager-sync-triggers-1] Creating SYM_ON_I_FOR_SYM_GRPLT_MSTRMNGR trigger for MASTER-MANAGER-DB.PUBLIC.SYM_GROUPLET
2020-08-03 19:19:33,858 INFO [master-manager] [H2SymmetricDialect] [master-manager-sync-triggers-1] Creating SYM_ON_U_FOR_SYM_GRPLT_MSTRMNGR trigger for MASTER-MANAGER-DB.PUBLIC.SYM_GROUPLET
2020-08-03 19:19:33,870 INFO [master-manager] [H2SymmetricDialect] [master-manager-sync-triggers-1] Creating SYM_ON_D_FOR_SYM_GRPLT_MSTRMNGR trigger for MASTER-MANAGER-DB.PUBLIC.SYM_GROUPLET
2020-08-03 19:19:33,912 INFO [master-manager] [H2SymmetricDialect] [master-manager-sync-triggers-1] Creating SYM_ON_I_FOR_SYM_FL_TRGGR_MSTRMNGR trigger for MASTER-MANAGER-DB.PUBLIC.SYM_FILE_TRIGGER
2020-08-03 19:19:33,925 INFO [master-manager] [H2SymmetricDialect] [master-manager-sync-triggers-1] Creating SYM_ON_U_FOR_SYM_FL_TRGGR_MSTRMNGR trigger for MASTER-MANAGER-DB.PUBLIC.SYM_FILE_TRIGGER
2020-08-03 19:19:33,936 INFO [master-manager] [H2SymmetricDialect] [master-manager-sync-triggers-1] Creating SYM_ON_D_FOR_SYM_FL_TRGGR_MSTRMNGR trigger for MASTER-MANAGER-DB.PUBLIC.SYM_FILE_TRIGGER
2020-08-03 19:19:33,952 INFO [master-manager] [H2SymmetricDialect] [master-manager-sync-triggers-1] Creating SYM_ON_I_FOR_SYM_TRNSFRM_CLMN_MSTRMNGR trigger for MASTER-MANAGER-DB.PUBLIC.SYM_TRANSFORM_COLUMN
2020-08-03 19:19:33,960 INFO [master-manager] [H2SymmetricDialect] [master-manager-sync-triggers-1] Creating SYM_ON_U_FOR_SYM_TRNSFRM_CLMN_MSTRMNGR trigger for MASTER-MANAGER-DB.PUBLIC.SYM_TRANSFORM_COLUMN
2020-08-03 19:19:33,968 INFO [master-manager] [H2SymmetricDialect] [master-manager-sync-triggers-1] Creating SYM_ON_D_FOR_SYM_TRNSFRM_CLMN_MSTRMNGR trigger for MASTER-MANAGER-DB.PUBLIC.SYM_TRANSFORM_COLUMN
2020-08-03 19:19:33,987 INFO [master-manager] [H2SymmetricDialect] [master-manager-sync-triggers-1] Creating SYM_ON_I_FOR_SYM_JB_MSTRMNGR trigger for MASTER-MANAGER-DB.PUBLIC.SYM_JOB
2020-08-03 19:19:33,996 INFO [master-manager] [H2SymmetricDialect] [master-manager-sync-triggers-1] Creating SYM_ON_U_FOR_SYM_JB_MSTRMNGR trigger for MASTER-MANAGER-DB.PUBLIC.SYM_JOB
2020-08-03 19:19:34,006 INFO [master-manager] [H2SymmetricDialect] [master-manager-sync-triggers-1] Creating SYM_ON_D_FOR_SYM_JB_MSTRMNGR trigger for MASTER-MANAGER-DB.PUBLIC.SYM_JOB
2020-08-03 19:19:34,032 INFO [master-manager] [H2SymmetricDialect] [master-manager-sync-triggers-1] Creating SYM_ON_I_FOR_SYM_TRGGR_RTR_MSTRMNGR trigger for MASTER-MANAGER-DB.PUBLIC.SYM_TRIGGER_ROUTER
2020-08-03 19:19:34,046 INFO [master-manager] [H2SymmetricDialect] [master-manager-sync-triggers-1] Creating SYM_ON_U_FOR_SYM_TRGGR_RTR_MSTRMNGR trigger for MASTER-MANAGER-DB.PUBLIC.SYM_TRIGGER_ROUTER
2020-08-03 19:19:34,059 INFO [master-manager] [H2SymmetricDialect] [master-manager-sync-triggers-1] Creating SYM_ON_D_FOR_SYM_TRGGR_RTR_MSTRMNGR trigger for MASTER-MANAGER-DB.PUBLIC.SYM_TRIGGER_ROUTER
2020-08-03 19:19:34,085 INFO [master-manager] [H2SymmetricDialect] [master-manager-sync-triggers-1] Creating SYM_ON_I_FOR_SYM_ND_MSTRMNGR trigger for MASTER-MANAGER-DB.PUBLIC.SYM_NODE
2020-08-03 19:19:34,096 INFO [master-manager] [H2SymmetricDialect] [master-manager-sync-triggers-1] Creating SYM_ON_U_FOR_SYM_ND_MSTRMNGR trigger for MASTER-MANAGER-DB.PUBLIC.SYM_NODE
2020-08-03 19:19:34,110 INFO [master-manager] [H2SymmetricDialect] [master-manager-sync-triggers-1] Creating SYM_ON_D_FOR_SYM_ND_MSTRMNGR trigger for MASTER-MANAGER-DB.PUBLIC.SYM_NODE
2020-08-03 19:19:34,126 INFO [master-manager] [H2SymmetricDialect] [master-manager-sync-triggers-1] Creating SYM_ON_I_FOR_PPS_MSTRMNGR trigger for MASTER-MANAGER-DB.PUBLIC.APPS
2020-08-03 19:19:34,133 INFO [master-manager] [H2SymmetricDialect] [master-manager-sync-triggers-1] Creating SYM_ON_U_FOR_PPS_MSTRMNGR trigger for MASTER-MANAGER-DB.PUBLIC.APPS
2020-08-03 19:19:34,139 INFO [master-manager] [H2SymmetricDialect] [master-manager-sync-triggers-1] Creating SYM_ON_D_FOR_PPS_MSTRMNGR trigger for MASTER-MANAGER-DB.PUBLIC.APPS
2020-08-03 19:19:34,160 INFO [master-manager] [H2SymmetricDialect] [master-manager-sync-triggers-1] Creating SYM_ON_I_FOR_SYM_ND_GRP_CHNNL_WND_MSTRMNGR trigger for MASTER-MANAGER-DB.PUBLIC.SYM_NODE_GROUP_CHANNEL_WND
2020-08-03 19:19:34,168 INFO [master-manager] [H2SymmetricDialect] [master-manager-sync-triggers-1] Creating SYM_ON_U_FOR_SYM_ND_GRP_CHNNL_WND_MSTRMNGR trigger for MASTER-MANAGER-DB.PUBLIC.SYM_NODE_GROUP_CHANNEL_WND
2020-08-03 19:19:34,178 INFO [master-manager] [H2SymmetricDialect] [master-manager-sync-triggers-1] Creating SYM_ON_D_FOR_SYM_ND_GRP_CHNNL_WND_MSTRMNGR trigger for MASTER-MANAGER-DB.PUBLIC.SYM_NODE_GROUP_CHANNEL_WND
2020-08-03 19:19:34,203 INFO [master-manager] [H2SymmetricDialect] [master-manager-sync-triggers-1] Creating SYM_ON_I_FOR_SYM_NTFCTN_MSTRMNGR trigger for MASTER-MANAGER-DB.PUBLIC.SYM_NOTIFICATION
2020-08-03 19:19:34,214 INFO [master-manager] [H2SymmetricDialect] [master-manager-sync-triggers-1] Creating SYM_ON_U_FOR_SYM_NTFCTN_MSTRMNGR trigger for MASTER-MANAGER-DB.PUBLIC.SYM_NOTIFICATION
2020-08-03 19:19:34,225 INFO [master-manager] [H2SymmetricDialect] [master-manager-sync-triggers-1] Creating SYM_ON_D_FOR_SYM_NTFCTN_MSTRMNGR trigger for MASTER-MANAGER-DB.PUBLIC.SYM_NOTIFICATION
2020-08-03 19:19:34,247 INFO [master-manager] [H2SymmetricDialect] [master-manager-sync-triggers-1] Creating SYM_ON_I_FOR_SYM_ND_GRP_LNK_MSTRMNGR trigger for MASTER-MANAGER-DB.PUBLIC.SYM_NODE_GROUP_LINK
2020-08-03 19:19:34,258 INFO [master-manager] [H2SymmetricDialect] [master-manager-sync-triggers-1] Creating SYM_ON_U_FOR_SYM_ND_GRP_LNK_MSTRMNGR trigger for MASTER-MANAGER-DB.PUBLIC.SYM_NODE_GROUP_LINK
2020-08-03 19:19:34,267 INFO [master-manager] [H2SymmetricDialect] [master-manager-sync-triggers-1] Creating SYM_ON_D_FOR_SYM_ND_GRP_LNK_MSTRMNGR trigger for MASTER-MANAGER-DB.PUBLIC.SYM_NODE_GROUP_LINK
2020-08-03 19:19:34,283 INFO [master-manager] [H2SymmetricDialect] [master-manager-sync-triggers-1] Creating SYM_ON_I_FOR_SYM_ND_GRP_MSTRMNGR trigger for MASTER-MANAGER-DB.PUBLIC.SYM_NODE_GROUP
2020-08-03 19:19:34,289 INFO [master-manager] [H2SymmetricDialect] [master-manager-sync-triggers-1] Creating SYM_ON_U_FOR_SYM_ND_GRP_MSTRMNGR trigger for MASTER-MANAGER-DB.PUBLIC.SYM_NODE_GROUP
2020-08-03 19:19:34,295 INFO [master-manager] [H2SymmetricDialect] [master-manager-sync-triggers-1] Creating SYM_ON_D_FOR_SYM_ND_GRP_MSTRMNGR trigger for MASTER-MANAGER-DB.PUBLIC.SYM_NODE_GROUP
2020-08-03 19:19:34,311 INFO [master-manager] [H2SymmetricDialect] [master-manager-sync-triggers-1] Creating SYM_ON_I_FOR_SYM_ND_SCRTY_MSTRMNGR trigger for MASTER-MANAGER-DB.PUBLIC.SYM_NODE_SECURITY
2020-08-03 19:19:34,319 INFO [master-manager] [H2SymmetricDialect] [master-manager-sync-triggers-1] Creating SYM_ON_U_FOR_SYM_ND_SCRTY_MSTRMNGR trigger for MASTER-MANAGER-DB.PUBLIC.SYM_NODE_SECURITY
2020-08-03 19:19:34,332 INFO [master-manager] [H2SymmetricDialect] [master-manager-sync-triggers-1] Creating SYM_ON_D_FOR_SYM_ND_SCRTY_MSTRMNGR trigger for MASTER-MANAGER-DB.PUBLIC.SYM_NODE_SECURITY
2020-08-03 19:19:34,357 INFO [master-manager] [H2SymmetricDialect] [master-manager-sync-triggers-1] Creating SYM_ON_I_FOR_SYM_LD_FLTR_MSTRMNGR trigger for MASTER-MANAGER-DB.PUBLIC.SYM_LOAD_FILTER
2020-08-03 19:19:34,373 INFO [master-manager] [H2SymmetricDialect] [master-manager-sync-triggers-1] Creating SYM_ON_U_FOR_SYM_LD_FLTR_MSTRMNGR trigger for MASTER-MANAGER-DB.PUBLIC.SYM_LOAD_FILTER
2020-08-03 19:19:34,387 INFO [master-manager] [H2SymmetricDialect] [master-manager-sync-triggers-1] Creating SYM_ON_D_FOR_SYM_LD_FLTR_MSTRMNGR trigger for MASTER-MANAGER-DB.PUBLIC.SYM_LOAD_FILTER
2020-08-03 19:19:34,413 INFO [master-manager] [H2SymmetricDialect] [master-manager-sync-triggers-1] Creating SYM_ON_I_FOR_SYM_MNTR_MSTRMNGR trigger for MASTER-MANAGER-DB.PUBLIC.SYM_MONITOR
2020-08-03 19:19:34,426 INFO [master-manager] [H2SymmetricDialect] [master-manager-sync-triggers-1] Creating SYM_ON_U_FOR_SYM_MNTR_MSTRMNGR trigger for MASTER-MANAGER-DB.PUBLIC.SYM_MONITOR
2020-08-03 19:19:34,434 INFO [master-manager] [H2SymmetricDialect] [master-manager-sync-triggers-1] Creating SYM_ON_D_FOR_SYM_MNTR_MSTRMNGR trigger for MASTER-MANAGER-DB.PUBLIC.SYM_MONITOR
2020-08-03 19:19:34,451 INFO [master-manager] [H2SymmetricDialect] [master-manager-sync-triggers-1] Creating SYM_ON_I_FOR_SYM_XTNSN_MSTRMNGR trigger for MASTER-MANAGER-DB.PUBLIC.SYM_EXTENSION
2020-08-03 19:19:34,460 INFO [master-manager] [H2SymmetricDialect] [master-manager-sync-triggers-1] Creating SYM_ON_U_FOR_SYM_XTNSN_MSTRMNGR trigger for MASTER-MANAGER-DB.PUBLIC.SYM_EXTENSION
2020-08-03 19:19:34,470 INFO [master-manager] [H2SymmetricDialect] [master-manager-sync-triggers-1] Creating SYM_ON_D_FOR_SYM_XTNSN_MSTRMNGR trigger for MASTER-MANAGER-DB.PUBLIC.SYM_EXTENSION
2020-08-03 19:19:34,492 INFO [master-manager] [H2SymmetricDialect] [master-manager-sync-triggers-1] Creating SYM_ON_I_FOR_SYM_CNFLCT_MSTRMNGR trigger for MASTER-MANAGER-DB.PUBLIC.SYM_CONFLICT
2020-08-03 19:19:34,504 INFO [master-manager] [H2SymmetricDialect] [master-manager-sync-triggers-1] Creating SYM_ON_U_FOR_SYM_CNFLCT_MSTRMNGR trigger for MASTER-MANAGER-DB.PUBLIC.SYM_CONFLICT
2020-08-03 19:19:34,515 INFO [master-manager] [H2SymmetricDialect] [master-manager-sync-triggers-1] Creating SYM_ON_D_FOR_SYM_CNFLCT_MSTRMNGR trigger for MASTER-MANAGER-DB.PUBLIC.SYM_CONFLICT
2020-08-03 19:19:34,542 INFO [master-manager] [H2SymmetricDialect] [master-manager-sync-triggers-1] Creating SYM_ON_I_FOR_SYM_TRGGR_MSTRMNGR trigger for MASTER-MANAGER-DB.PUBLIC.SYM_TRIGGER
2020-08-03 19:19:34,564 INFO [master-manager] [H2SymmetricDialect] [master-manager-sync-triggers-1] Creating SYM_ON_U_FOR_SYM_TRGGR_MSTRMNGR trigger for MASTER-MANAGER-DB.PUBLIC.SYM_TRIGGER
2020-08-03 19:19:34,586 INFO [master-manager] [H2SymmetricDialect] [master-manager-sync-triggers-1] Creating SYM_ON_D_FOR_SYM_TRGGR_MSTRMNGR trigger for MASTER-MANAGER-DB.PUBLIC.SYM_TRIGGER
2020-08-03 19:19:34,614 INFO [master-manager] [H2SymmetricDialect] [master-manager-sync-triggers-1] Creating SYM_ON_I_FOR_SYM_CHNNL_MSTRMNGR trigger for MASTER-MANAGER-DB.PUBLIC.SYM_CHANNEL
2020-08-03 19:19:34,625 INFO [master-manager] [H2SymmetricDialect] [master-manager-sync-triggers-1] Creating SYM_ON_U_FOR_SYM_CHNNL_MSTRMNGR trigger for MASTER-MANAGER-DB.PUBLIC.SYM_CHANNEL
2020-08-03 19:19:34,639 INFO [master-manager] [H2SymmetricDialect] [master-manager-sync-triggers-1] Creating SYM_ON_D_FOR_SYM_CHNNL_MSTRMNGR trigger for MASTER-MANAGER-DB.PUBLIC.SYM_CHANNEL
2020-08-03 19:19:34,657 INFO [master-manager] [H2SymmetricDialect] [master-manager-sync-triggers-1] Creating SYM_ON_I_FOR_SYM_TRGGR_RTR_GRPLT_MSTRMNGR trigger for MASTER-MANAGER-DB.PUBLIC.SYM_TRIGGER_ROUTER_GROUPLET
2020-08-03 19:19:34,664 INFO [master-manager] [H2SymmetricDialect] [master-manager-sync-triggers-1] Creating SYM_ON_U_FOR_SYM_TRGGR_RTR_GRPLT_MSTRMNGR trigger for MASTER-MANAGER-DB.PUBLIC.SYM_TRIGGER_ROUTER_GROUPLET
2020-08-03 19:19:34,671 INFO [master-manager] [H2SymmetricDialect] [master-manager-sync-triggers-1] Creating SYM_ON_D_FOR_SYM_TRGGR_RTR_GRPLT_MSTRMNGR trigger for MASTER-MANAGER-DB.PUBLIC.SYM_TRIGGER_ROUTER_GROUPLET
2020-08-03 19:19:34,693 INFO [master-manager] [H2SymmetricDialect] [master-manager-sync-triggers-1] Creating SYM_ON_I_FOR_SYM_ND_HST_MSTRMNGR trigger for MASTER-MANAGER-DB.PUBLIC.SYM_NODE_HOST
2020-08-03 19:19:34,706 INFO [master-manager] [H2SymmetricDialect] [master-manager-sync-triggers-1] Creating SYM_ON_U_FOR_SYM_ND_HST_MSTRMNGR trigger for MASTER-MANAGER-DB.PUBLIC.SYM_NODE_HOST
2020-08-03 19:19:34,719 INFO [master-manager] [H2SymmetricDialect] [master-manager-sync-triggers-1] Creating SYM_ON_D_FOR_SYM_ND_HST_MSTRMNGR trigger for MASTER-MANAGER-DB.PUBLIC.SYM_NODE_HOST
2020-08-03 19:19:34,730 INFO [master-manager] [TriggerRouterService] [symmetric-engine-startup-1] Done synchronizing triggers
2020-08-03 19:19:34,743 INFO [master-manager] [RouterJob] [symmetric-engine-startup-1] Starting Routing on periodic schedule: every 5000ms with the first run at 2020-08-03T19:19:44.484+0100
2020-08-03 19:19:34,745 INFO [master-manager] [PushJob] [symmetric-engine-startup-1] Starting Push on periodic schedule: every 10000ms with the first run at 2020-08-03T19:19:44.486+0100
2020-08-03 19:19:34,746 INFO [master-manager] [PullJob] [symmetric-engine-startup-1] Starting Pull on periodic schedule: every 10000ms with the first run at 2020-08-03T19:19:44.487+0100
2020-08-03 19:19:34,746 INFO [master-manager] [JobManager] [symmetric-engine-startup-1] Job Offline Push not configured for auto start
2020-08-03 19:19:34,746 INFO [master-manager] [JobManager] [symmetric-engine-startup-1] Job Offline Pull not configured for auto start
2020-08-03 19:19:34,749 INFO [master-manager] [OutgoingPurgeJob] [symmetric-engine-startup-1] Starting job 'Purge Outgoing' with cron expression: '0 0 */4 * * *'
2020-08-03 19:19:34,750 INFO [master-manager] [IncomingPurgeJob] [symmetric-engine-startup-1] Starting job 'Purge Incoming' with cron expression: '0 0 */4 * * *'
2020-08-03 19:19:34,751 INFO [master-manager] [StatisticFlushJob] [symmetric-engine-startup-1] Starting job 'Stat Flush' with cron expression: '0 0/5 * * * *'
2020-08-03 19:19:34,751 INFO [master-manager] [SyncTriggersJob] [symmetric-engine-startup-1] Starting job 'SyncTriggers' with cron expression: '0 0 0 * * *'
2020-08-03 19:19:34,751 INFO [master-manager] [HeartbeatJob] [symmetric-engine-startup-1] Starting Heartbeat on periodic schedule: every 900000ms with the first run at 2020-08-03T19:19:44.492+0100
2020-08-03 19:19:34,752 INFO [master-manager] [WatchdogJob] [symmetric-engine-startup-1] Starting Watchdog on periodic schedule: every 3600000ms with the first run at 2020-08-03T19:19:44.493+0100
2020-08-03 19:19:34,752 INFO [master-manager] [StageManagementJob] [symmetric-engine-startup-1] Starting job 'Stage Management' with cron expression: '0 0 * * * *'
2020-08-03 19:19:34,752 INFO [master-manager] [JobManager] [symmetric-engine-startup-1] Job Refresh Cache not configured for auto start
2020-08-03 19:19:34,752 INFO [master-manager] [JobManager] [symmetric-engine-startup-1] Job File Sync Tracker not configured for auto start
2020-08-03 19:19:34,752 INFO [master-manager] [JobManager] [symmetric-engine-startup-1] Job File Sync Pull not configured for auto start
2020-08-03 19:19:34,752 INFO [master-manager] [JobManager] [symmetric-engine-startup-1] Job File Sync Push not configured for auto start
2020-08-03 19:19:34,753 INFO [master-manager] [InitialLoadExtractorJob] [symmetric-engine-startup-1] Starting Initial Load Extract on periodic schedule: every 10000ms with the first run at 2020-08-03T19:19:44.494+0100
2020-08-03 19:19:34,753 INFO [master-manager] [MonitorJob] [symmetric-engine-startup-1] Starting Monitor on periodic schedule: every 60000ms with the first run at 2020-08-03T19:19:44.494+0100
2020-08-03 19:19:34,753 INFO [master-manager] [JobManager] [symmetric-engine-startup-1] Job Report Status not configured for auto start
2020-08-03 19:19:34,753 INFO [master-manager] [JobManager] [symmetric-engine-startup-1] Job Log Miner not configured for auto start
2020-08-03 19:19:34,754 INFO [master-manager] [InitialLoadJob] [symmetric-engine-startup-1] Starting Initial Load Queue on periodic schedule: every 10000ms with the first run at 2020-08-03T19:19:44.495+0100
2020-08-03 19:19:34,758 INFO [master-manager] [AbstractSymmetricEngine] [symmetric-engine-startup-1] SymmetricDS Node STARTED:
	 nodeId=000
	 groupId=master-manager
	 type=server
	 subType=null
	 name=master-manager
	 softwareVersion=3.12.2
	 databaseName=H2
	 databaseVersion=1.3
	 driverName=H2 JDBC Driver
	 driverVersion=1.3.176 (2014-04-05)
	 uptime=0 sec.
2020-08-03 19:19:44,488 INFO [master-manager] [DataService] [master-manager-job-1] Inserting missing last data gap: { startId: 1, endId: 50000001, createTime: "Mon Aug 03 19:19:44 WEST 2020" }
2020-08-03 19:19:44,493 INFO [master-manager] [PushHeartbeatListener] [master-manager-job-4] Some attribute(s) of node changed.  Recording changes
2020-08-03 19:19:44,493 INFO [master-manager] [PushHeartbeatListener] [master-manager-job-4] Updating my node configuration info according to the symmetric properties
2020-08-03 19:19:44,500 INFO [master-manager] [DataGapFastDetector] [master-manager-job-1] Full gap analysis is running
2020-08-03 19:19:44,501 INFO [master-manager] [NodeCommunicationService] [master-manager-job-3] pull will use 10 threads
2020-08-03 19:19:44,522 INFO [master-manager] [DataGapFastDetector] [master-manager-job-1] Querying data in gaps from database took 22 ms
2020-08-03 19:19:44,528 INFO [master-manager] [DataGapFastDetector] [master-manager-job-1] Full gap analysis is done after 27 ms
2020-08-03 19:19:44,612 INFO [master-manager] [ConfigurationChangedDataRouter] [master-manager-job-1] About to refresh the cache of nodes because new configuration came through the data router
2020-08-03 19:19:44,612 INFO [master-manager] [RouterService] [master-manager-job-1] Routed 1 data events in 114 ms
2020-08-03 19:19:48,407 INFO [] [AbstractCommandLauncher] [main] Option: name=engine, value={master-manager}
2020-08-03 19:19:48,425 INFO [] [AbstractSymmetricEngine] [main] Initializing connection to database
2020-08-03 19:19:49,653 INFO [master-manager] [RouterService] [master-manager-job-1] Routed 1 data events in 35 ms
2020-08-03 19:19:51,931 INFO [master-manager] [RegistrationService] [qtp1747352992-18] Completed registration of node worker-manager:001:001
2020-08-03 19:19:53,444 INFO [master-manager] [PullUriHandler] [qtp1747352992-17] 1 data and 1 batches sent during pull request from worker-manager:001:001
2020-08-03 19:19:54,533 INFO [master-manager] [InitialLoadService] [master-manager-job-14] Creating load request from node 000 to node 001
2020-08-03 19:19:54,550 INFO [master-manager] [InitialLoadService] [master-manager-job-14] Found 1 table reload requests to process.
2020-08-03 19:19:54,554 INFO [master-manager] [DataService] [master-manager-job-14] Queueing up an initial load to node 001
2020-08-03 19:19:54,597 INFO [master-manager] [DataService] [master-manager-job-14] Before sending load 2 to target node worker-manager:001:001 create table events were sent for 2 tables
2020-08-03 19:19:54,608 INFO [master-manager] [DataService] [master-manager-job-14] Table reload request(s) for load id 2 have been processed.
2020-08-03 19:19:54,616 INFO [master-manager] [PurgeService] [master-manager-job-14] Purged all 0 incoming batch for node 001
2020-08-03 19:19:54,683 INFO [master-manager] [ConfigurationChangedDataRouter] [master-manager-job-9] About to refresh the cache of nodes because new configuration came through the data router
2020-08-03 19:19:54,684 INFO [master-manager] [ConfigurationChangedDataRouter] [master-manager-job-9] About to refresh the cache of node security because new configuration came through the data router
2020-08-03 19:19:54,685 INFO [master-manager] [RouterService] [master-manager-job-9] Routed 8 data events in 28 ms
2020-08-03 19:20:01,964 INFO [master-manager] [DataLoaderService] [qtp1747352992-16] 2 data and 2 batches loaded during push request from worker-manager:001:001
2020-08-03 19:20:03,446 INFO [master-manager] [DataExtractorService] [master-manager-dataextractor-2] Batch 001-8 is not ready for delivery.  It is currently scheduled for extraction.
2020-08-03 19:20:03,449 INFO [master-manager] [PullUriHandler] [qtp1747352992-18] 8 data and 5 batches sent during pull request from worker-manager:001:001
2020-08-03 19:20:03,613 INFO [master-manager] [DataExtractorService] [master-manager-dataextractor-3] Batch 001-8 is not ready for delivery.  It is currently scheduled for extraction.
2020-08-03 19:20:04,501 INFO [master-manager] [NodeCommunicationService] [master-manager-job-3] extract will use 20 threads
2020-08-03 19:20:04,508 INFO [master-manager] [DataExtractorService] [master-manager-extract-default-1] Starting request 2 to extract table RULES into batches 8 through 8 for node 001.
2020-08-03 19:20:04,531 INFO [master-manager] [DataExtractorService] [master-manager-extract-default-1] Done with request 2 to extract table RULES into batches 8 through 8 for node 001
2020-08-03 19:20:04,532 INFO [master-manager] [DataExtractorService] [master-manager-extract-default-1] Starting request 3 to extract table APPS into batches 9 through 9 for node 001.
2020-08-03 19:20:04,545 INFO [master-manager] [DataExtractorService] [master-manager-extract-default-1] Done with request 3 to extract table APPS into batches 9 through 9 for node 001
2020-08-03 19:20:04,705 INFO [master-manager] [ConfigurationChangedDataRouter] [master-manager-job-7] About to refresh the cache of nodes because new configuration came through the data router
2020-08-03 19:20:04,740 INFO [master-manager] [RouterService] [master-manager-job-7] Routed 4 data events in 42 ms
2020-08-03 19:20:13,433 INFO [master-manager] [PullUriHandler] [qtp1747352992-14] 3 data and 3 batches sent during pull request from worker-manager:001:001
2020-08-03 19:20:13,514 INFO [master-manager] [PullUriHandler] [qtp1747352992-12] 2 data and 2 batches sent during pull request from worker-manager:001:001
2020-08-03 19:23:24,783 INFO [master-manager] [RegistrationService] [qtp1747352992-17] Registration was reopened for 001
2020-08-03 19:23:24,787 INFO [master-manager] [RegistrationService] [qtp1747352992-17] Completed registration of node worker-manager:001:001
2020-08-03 19:23:25,133 INFO [master-manager] [ConfigurationChangedDataRouter] [master-manager-job-14] About to refresh the cache of nodes because new configuration came through the data router
2020-08-03 19:23:25,133 INFO [master-manager] [ConfigurationChangedDataRouter] [master-manager-job-14] About to refresh the cache of node security because new configuration came through the data router
2020-08-03 19:23:25,153 INFO [master-manager] [RouterService] [master-manager-job-14] Routed 4 data events in 37 ms
2020-08-03 19:23:26,116 INFO [master-manager] [PullUriHandler] [qtp1747352992-17] 2 data and 2 batches sent during pull request from worker-manager:001:001
2020-08-03 19:23:30,178 INFO [master-manager] [ConfigurationChangedDataRouter] [master-manager-job-3] About to refresh the cache of node security because new configuration came through the data router
2020-08-03 19:23:30,180 INFO [master-manager] [RouterService] [master-manager-job-3] Routed 1 data events in 14 ms
2020-08-03 19:23:49,972 INFO [master-manager] [RegistrationService] [qtp1747352992-18] Registration was reopened for 001
2020-08-03 19:23:49,978 INFO [master-manager] [RegistrationService] [qtp1747352992-18] Completed registration of node worker-manager:001:001
2020-08-03 19:23:50,230 INFO [master-manager] [ConfigurationChangedDataRouter] [master-manager-job-10] About to refresh the cache of nodes because new configuration came through the data router
2020-08-03 19:23:50,231 INFO [master-manager] [ConfigurationChangedDataRouter] [master-manager-job-10] About to refresh the cache of node security because new configuration came through the data router
2020-08-03 19:23:50,242 INFO [master-manager] [RouterService] [master-manager-job-10] Routed 4 data events in 28 ms
2020-08-03 19:23:51,251 INFO [master-manager] [PullUriHandler] [qtp1747352992-18] 2 data and 2 batches sent during pull request from worker-manager:001:001
2020-08-03 19:23:55,259 INFO [master-manager] [ConfigurationChangedDataRouter] [master-manager-job-3] About to refresh the cache of node security because new configuration came through the data router
2020-08-03 19:23:55,261 INFO [master-manager] [RouterService] [master-manager-job-3] Routed 1 data events in 16 ms
2020-08-03 19:23:59,986 INFO [master-manager] [IncomingBatchService] [master-manager-dataloader-2] Skipping batch 001-3 that was already loaded
2020-08-03 19:23:59,994 INFO [master-manager] [DataLoaderService] [qtp1747352992-12] 1 data and 1 batches loaded during push request from worker-manager:001:001
2020-08-03 19:25:16,099 INFO [master-manager] [RegistrationService] [qtp1747352992-17] Registration was reopened for 001
2020-08-03 19:25:16,106 INFO [master-manager] [RegistrationService] [qtp1747352992-17] Completed registration of node worker-manager:001:001
2020-08-03 19:25:20,437 INFO [master-manager] [ConfigurationChangedDataRouter] [master-manager-job-11] About to refresh the cache of nodes because new configuration came through the data router
2020-08-03 19:25:20,437 INFO [master-manager] [ConfigurationChangedDataRouter] [master-manager-job-11] About to refresh the cache of node security because new configuration came through the data router
2020-08-03 19:25:20,449 INFO [master-manager] [RouterService] [master-manager-job-11] Routed 5 data events in 28 ms
2020-08-03 19:25:56,305 INFO [master-manager] [RegistrationService] [qtp1747352992-18] Registration was reopened for 001
2020-08-03 19:25:56,310 INFO [master-manager] [RegistrationService] [qtp1747352992-18] Completed registration of node worker-manager:001:001
2020-08-03 19:25:57,999 INFO [master-manager] [PullUriHandler] [qtp1747352992-18] 1 data and 1 batches sent during pull request from worker-manager:001:001
2020-08-03 19:26:00,538 INFO [master-manager] [ConfigurationChangedDataRouter] [master-manager-job-6] About to refresh the cache of nodes because new configuration came through the data router
2020-08-03 19:26:00,538 INFO [master-manager] [ConfigurationChangedDataRouter] [master-manager-job-6] About to refresh the cache of node security because new configuration came through the data router
2020-08-03 19:26:00,546 INFO [master-manager] [RouterService] [master-manager-job-6] Routed 5 data events in 24 ms
2020-08-03 19:26:06,317 INFO [master-manager] [IncomingBatchService] [master-manager-dataloader-3] Skipping batch 001-2 that was already loaded
2020-08-03 19:26:06,320 INFO [master-manager] [DataLoaderService] [qtp1747352992-16] 1 data and 1 batches loaded during push request from worker-manager:001:001
2020-08-03 19:26:07,997 INFO [master-manager] [PullUriHandler] [qtp1747352992-12] 2 data and 2 batches sent during pull request from worker-manager:001:001
2020-08-03 19:27:40,271 INFO [master-manager] [RegistrationService] [qtp1747352992-16] Registration was reopened for 001
2020-08-03 19:27:40,274 INFO [master-manager] [RegistrationService] [qtp1747352992-16] Completed registration of node worker-manager:001:001
2020-08-03 19:27:40,781 INFO [master-manager] [ConfigurationChangedDataRouter] [master-manager-job-18] About to refresh the cache of nodes because new configuration came through the data router
2020-08-03 19:27:40,781 INFO [master-manager] [ConfigurationChangedDataRouter] [master-manager-job-18] About to refresh the cache of node security because new configuration came through the data router
2020-08-03 19:27:40,796 INFO [master-manager] [RouterService] [master-manager-job-18] Routed 4 data events in 38 ms
2020-08-03 19:27:41,497 INFO [master-manager] [PullUriHandler] [qtp1747352992-90] 2 data and 2 batches sent during pull request from worker-manager:001:001
2020-08-03 19:27:45,816 INFO [master-manager] [ConfigurationChangedDataRouter] [master-manager-job-12] About to refresh the cache of node security because new configuration came through the data router
2020-08-03 19:27:45,817 INFO [master-manager] [RouterService] [master-manager-job-12] Routed 1 data events in 15 ms
2020-08-03 19:29:04,193 INFO [master-manager] [RegistrationService] [qtp1747352992-64] Registration was reopened for 001
2020-08-03 19:29:04,196 INFO [master-manager] [RegistrationService] [qtp1747352992-64] Completed registration of node worker-manager:001:001
2020-08-03 19:29:05,976 INFO [master-manager] [ConfigurationChangedDataRouter] [master-manager-job-13] About to refresh the cache of nodes because new configuration came through the data router
2020-08-03 19:29:05,977 INFO [master-manager] [ConfigurationChangedDataRouter] [master-manager-job-13] About to refresh the cache of node security because new configuration came through the data router
2020-08-03 19:29:05,985 INFO [master-manager] [RouterService] [master-manager-job-13] Routed 5 data events in 19 ms
2020-08-03 19:29:14,213 INFO [master-manager] [IncomingBatchService] [master-manager-dataloader-4] Skipping batch 001-2 that was already loaded
2020-08-03 19:29:14,216 INFO [master-manager] [DataLoaderService] [qtp1747352992-18] 1 data and 1 batches loaded during push request from worker-manager:001:001
2020-08-03 19:29:15,949 INFO [master-manager] [PullUriHandler] [qtp1747352992-17] 2 data and 2 batches sent during pull request from worker-manager:001:001
2020-08-03 19:32:03,609 INFO [master-manager] [RegistrationService] [qtp1747352992-17] Registration was reopened for 001
2020-08-03 19:32:03,611 INFO [master-manager] [RegistrationService] [qtp1747352992-17] Completed registration of node worker-manager:001:001
2020-08-03 19:32:06,381 INFO [master-manager] [ConfigurationChangedDataRouter] [master-manager-job-13] About to refresh the cache of nodes because new configuration came through the data router
2020-08-03 19:32:06,381 INFO [master-manager] [ConfigurationChangedDataRouter] [master-manager-job-13] About to refresh the cache of node security because new configuration came through the data router
2020-08-03 19:32:06,393 INFO [master-manager] [RouterService] [master-manager-job-13] Routed 5 data events in 40 ms
2020-08-03 19:32:13,636 INFO [master-manager] [IncomingBatchService] [master-manager-dataloader-5] Skipping batch 001-2 that was already loaded
2020-08-03 19:32:13,644 INFO [master-manager] [DataLoaderService] [qtp1747352992-12] 1 data and 1 batches loaded during push request from worker-manager:001:001
2020-08-03 19:32:14,818 INFO [master-manager] [PullUriHandler] [qtp1747352992-18] 2 data and 2 batches sent during pull request from worker-manager:001:001
2020-08-03 19:34:46,657 INFO [master-manager] [RouterService] [master-manager-job-11] Routed 1 data events in 25 ms
2020-08-03 19:34:54,824 INFO [master-manager] [PullUriHandler] [qtp1747352992-18] 1 data and 1 batches sent during pull request from worker-manager:001:001
2020-08-03 19:43:42,192 INFO [master-manager] [RegistrationService] [qtp1747352992-104] Registration was reopened for 001
2020-08-03 19:43:42,194 INFO [master-manager] [RegistrationService] [qtp1747352992-104] Completed registration of node worker-manager:001:001
2020-08-03 19:43:42,529 INFO [master-manager] [ConfigurationChangedDataRouter] [master-manager-job-4] About to refresh the cache of nodes because new configuration came through the data router
2020-08-03 19:43:42,529 INFO [master-manager] [ConfigurationChangedDataRouter] [master-manager-job-4] About to refresh the cache of node security because new configuration came through the data router
2020-08-03 19:43:42,545 INFO [master-manager] [RouterService] [master-manager-job-4] Routed 4 data events in 39 ms
2020-08-03 19:43:42,551 INFO [master-manager] [DataGapFastDetector] [master-manager-job-4] Expired 1 data gap(s) between data_id 10 and 14 and between create_time 2020-08-03T19:19:54.657+0100 and 2020-08-03T19:19:54.657+0100
2020-08-03 19:43:43,476 INFO [master-manager] [PullUriHandler] [qtp1747352992-12] 2 data and 2 batches sent during pull request from worker-manager:001:001
2020-08-03 19:43:47,566 INFO [master-manager] [ConfigurationChangedDataRouter] [master-manager-job-14] About to refresh the cache of node security because new configuration came through the data router
2020-08-03 19:43:47,566 INFO [master-manager] [RouterService] [master-manager-job-14] Routed 1 data events in 14 ms
2020-08-03 19:43:52,200 INFO [master-manager] [IncomingBatchService] [master-manager-dataloader-6] Skipping batch 001-3 that was already loaded
2020-08-03 19:43:52,203 INFO [master-manager] [DataLoaderService] [qtp1747352992-17] 1 data and 1 batches loaded during push request from worker-manager:001:001
2020-08-03 19:49:47,833 INFO [master-manager] [RouterService] [master-manager-job-19] Routed 1 data events in 13 ms
2020-08-03 19:49:53,577 INFO [master-manager] [PullUriHandler] [qtp1747352992-16] 1 data and 1 batches sent during pull request from worker-manager:001:001
2020-08-03 19:52:30,046 INFO [master-manager] [RegistrationService] [qtp1747352992-12] Registration was reopened for 001
2020-08-03 19:52:30,048 INFO [master-manager] [RegistrationService] [qtp1747352992-12] Completed registration of node worker-manager:001:001
2020-08-03 19:52:32,885 INFO [master-manager] [ConfigurationChangedDataRouter] [master-manager-job-7] About to refresh the cache of nodes because new configuration came through the data router
2020-08-03 19:52:32,886 INFO [master-manager] [ConfigurationChangedDataRouter] [master-manager-job-7] About to refresh the cache of node security because new configuration came through the data router
2020-08-03 19:52:32,900 INFO [master-manager] [RouterService] [master-manager-job-7] Routed 5 data events in 39 ms
2020-08-03 19:52:40,054 INFO [master-manager] [IncomingBatchService] [master-manager-dataloader-7] Skipping batch 001-2 that was already loaded
2020-08-03 19:52:40,061 INFO [master-manager] [DataLoaderService] [qtp1747352992-16] 1 data and 1 batches loaded during push request from worker-manager:001:001
2020-08-03 19:52:41,241 INFO [master-manager] [PullUriHandler] [qtp1747352992-161] 2 data and 2 batches sent during pull request from worker-manager:001:001
2020-08-03 20:07:27,946 INFO [master-manager] [PurgeService] [master-manager-job-16] The incoming purge process is about to run
2020-08-03 20:07:27,946 INFO [master-manager] [PurgeService] [master-manager-job-16] Getting range for incoming batch
2020-08-03 20:07:27,948 INFO [master-manager] [PurgeService] [master-manager-job-1] The outgoing purge process is about to run for data older than Aug 3, 2020 6:07:27 PM
2020-08-03 20:07:27,948 INFO [master-manager] [PurgeService] [master-manager-job-1] Looking for old nodes in batches
2020-08-03 20:07:27,949 INFO [master-manager] [PurgeService] [master-manager-job-16] About to purge incoming batch
2020-08-03 20:07:27,950 INFO [master-manager] [PurgeService] [master-manager-job-16] Done purging 0 incoming batch rows
2020-08-03 20:07:27,950 INFO [master-manager] [PurgeService] [master-manager-job-16] Purging incoming error rows
2020-08-03 20:07:27,950 INFO [master-manager] [PurgeService] [master-manager-job-1] Looking for old channels in batches
2020-08-03 20:07:27,950 INFO [master-manager] [PurgeService] [master-manager-job-16] Purged 0 incoming error rows
2020-08-03 20:07:27,950 INFO [master-manager] [PurgeService] [master-manager-job-1] Getting range for data
2020-08-03 20:07:27,951 INFO [master-manager] [PurgeService] [master-manager-job-16] Purging registration requests that are older than 2020-07-29T20:07:27.950+0100
2020-08-03 20:07:27,951 INFO [master-manager] [PurgeService] [master-manager-job-16] Purging monitor events that are older than 2020-08-03T18:07:27.951+0100
2020-08-03 20:07:27,952 INFO [master-manager] [PurgeService] [master-manager-job-16] The incoming purge process has completed
2020-08-03 20:07:27,952 INFO [master-manager] [StagingManager] [master-manager-job-15] Cleaning staging...
2020-08-03 20:07:27,952 INFO [master-manager] [PurgeService] [master-manager-job-1] Found range for data of 1 through 0
2020-08-03 20:07:27,954 INFO [master-manager] [PurgeService] [master-manager-job-1] Getting count of outstanding batches
2020-08-03 20:07:27,954 INFO [master-manager] [PurgeService] [master-manager-job-1] Found 4 outstanding batches, threshold is 100000
2020-08-03 20:07:27,954 INFO [master-manager] [PurgeService] [master-manager-job-1] Getting first data_id for outstanding batches
2020-08-03 20:07:27,956 INFO [master-manager] [PurgeService] [master-manager-job-1] About to purge data_range using range 1 through 0
2020-08-03 20:07:27,956 INFO [master-manager] [PurgeService] [master-manager-job-1] Done purging 0 of data_range rows
2020-08-03 20:07:27,956 INFO [master-manager] [PurgeService] [master-manager-job-1] About to purge data using range 1 through -1
2020-08-03 20:07:27,956 INFO [master-manager] [PurgeService] [master-manager-job-1] Done purging 0 of data rows
2020-08-03 20:07:27,956 INFO [master-manager] [PurgeService] [master-manager-job-1] Getting range for outgoing batch
2020-08-03 20:07:27,956 INFO [master-manager] [StagingManager] [master-manager-job-15] Finished cleaning staging in 0 seconds.
2020-08-03 20:07:27,957 INFO [master-manager] [PurgeService] [master-manager-job-1] Getting first batch_id for outstanding batches
2020-08-03 20:07:27,957 INFO [master-manager] [PurgeService] [master-manager-job-1] About to purge data_event_range using range 2 through 0
2020-08-03 20:07:27,957 INFO [master-manager] [PurgeService] [master-manager-job-1] Done purging 0 of data_event_range rows
2020-08-03 20:07:27,957 INFO [master-manager] [PurgeService] [master-manager-job-1] About to purge outgoing_batch_range using range 2 through 0
2020-08-03 20:07:27,957 INFO [master-manager] [PurgeService] [master-manager-job-1] Done purging 0 of outgoing_batch_range rows
2020-08-03 20:07:27,957 INFO [master-manager] [PurgeService] [master-manager-job-1] About to purge data_event using range 2 through -1
2020-08-03 20:07:27,957 INFO [master-manager] [PurgeService] [master-manager-job-1] Done purging 0 of data_event rows
2020-08-03 20:07:27,957 INFO [master-manager] [PurgeService] [master-manager-job-1] About to purge outgoing_batch using range 2 through -1
2020-08-03 20:07:27,957 INFO [master-manager] [PurgeService] [master-manager-job-1] Done purging 0 of outgoing_batch rows
2020-08-03 20:07:27,957 INFO [master-manager] [PurgeService] [master-manager-job-1] Done purging 0 lingering batches and 0 rows
2020-08-03 20:07:27,957 INFO [master-manager] [PurgeService] [master-manager-job-1] Getting range for stranded data events
2020-08-03 20:07:27,958 INFO [master-manager] [PurgeService] [master-manager-job-1] About to purge stranded_data_event using range 0 through -1
2020-08-03 20:07:27,958 INFO [master-manager] [PurgeService] [master-manager-job-1] Done purging 0 of stranded_data_event rows
2020-08-03 20:07:27,958 INFO [master-manager] [PurgeService] [master-manager-job-1] Getting range for stranded data
2020-08-03 20:07:27,958 INFO [master-manager] [PurgeService] [master-manager-job-1] About to purge stranded_data using range 1 through 0
2020-08-03 20:07:27,958 INFO [master-manager] [PurgeService] [master-manager-job-1] Done purging 0 of stranded_data rows
2020-08-03 20:07:27,959 INFO [master-manager] [PurgeService] [master-manager-job-1] Purging extract requests that are older than 2020-07-24T20:07:27.958+0100
2020-08-03 20:07:27,959 INFO [master-manager] [PurgeService] [master-manager-job-1] Looking for old channels in data
2020-08-03 20:07:27,960 INFO [master-manager] [PurgeService] [master-manager-job-1] Found 2 old channels
2020-08-03 20:07:27,960 INFO [master-manager] [PurgeService] [master-manager-job-1] Purging data for channel master-to-one-worker
2020-08-03 20:07:27,960 INFO [master-manager] [PurgeService] [master-manager-job-1] Purging data for channel master-to-worker
2020-08-03 20:07:27,960 INFO [master-manager] [PurgeService] [master-manager-job-1] Done purging 2 rows
2020-08-03 20:07:27,960 INFO [master-manager] [PurgeService] [master-manager-job-1] The outgoing purge process has completed
