2020-08-09 11:13:24,498 INFO [] [AbstractCommandLauncher] [main] Option: name=engine, value={master-manager}
2020-08-09 11:13:24,500 INFO [] [AbstractCommandLauncher] [main] Option: name=alter-case, value={}
2020-08-09 11:13:25,149 INFO [] [AbstractSymmetricEngine] [main] Initializing connection to database
2020-08-09 11:13:25,306 INFO [] [JdbcDatabasePlatformFactory] [main] Detected database 'H2', version '1', protocol 'h2'
2020-08-09 11:13:25,332 INFO [] [JdbcDatabasePlatformFactory] [main] The IDatabasePlatform being used is org.jumpmind.db.platform.h2.H2DatabasePlatform
2020-08-09 11:13:26,051 INFO [] [AbstractCommandLauncher] [main] Option: name=engine, value={master-manager}
2020-08-09 11:13:26,888 INFO [] [SymmetricUtils] [main] 
   _____                              __       _       ____   _____
  / ___/ __  _____ __  ___ __  ___  _/ /_ ____(_)___  / __ | / ___/
  \__ \ / / / / _ `_ \/ _ `_ \/ _ \/_ __// __/ / __/ / / / / \__ \ 
 ___/ // /_/ / // // / // // /  __// /  / / / / /_  / /_/ / ___/ / 
/____/ \__  /_//_//_/_//_//_/\___/ \_/ /_/ /_/\__/ /_____/ /____/  
      /____/                                                        
+-----------------------------------------------------------------+
| Copyright (C) 2007-2020 JumpMind, Inc.                          |
|                                                                 |
| Licensed under the GNU General Public License version 3.        |
| This software comes with ABSOLUTELY NO WARRANTY.                |
| See http://www.gnu.org/licenses/gpl.html                        |
+-----------------------------------------------------------------+
2020-08-09 11:13:26,905 INFO [master-manager] [AbstractSymmetricEngine] [main] Initializing connection to database
2020-08-09 11:13:27,055 INFO [master-manager] [JdbcDatabasePlatformFactory] [main] Detected database 'H2', version '1', protocol 'h2'
2020-08-09 11:13:27,077 INFO [master-manager] [JdbcDatabasePlatformFactory] [main] The IDatabasePlatform being used is org.jumpmind.db.platform.h2.H2DatabasePlatform
2020-08-09 11:13:27,158 INFO [master-manager] [H2SymmetricDialect] [main] The DbDialect being used is org.jumpmind.symmetric.db.h2.H2SymmetricDialect
2020-08-09 11:13:27,192 INFO [master-manager] [StagingManager] [main] The staging directory was initialized at the following location: /home/daniel/master-thesis/pesquisa/symmetricsds/symmetric-server-3.11.10/tmp/master-manager
2020-08-09 11:13:28,285 INFO [master-manager] [ClientExtensionService] [main] Found 8 extension points from spring that will be registered
2020-08-09 11:13:28,285 INFO [master-manager] [AbstractSymmetricEngine] [main] Initializing SymmetricDS database
2020-08-09 11:13:28,317 INFO [master-manager] [H2SymmetricDialect] [main] Installing SymmetricDS database object:
CREATE ALIAS IF NOT EXISTS SYM_BASE64_ENCODE for "org.jumpmind.symmetric.db.EmbeddedDbFunctions.encodeBase64"; 
2020-08-09 11:13:28,320 INFO [master-manager] [H2SymmetricDialect] [main] Just installed SYM_BASE64_ENCODE
2020-08-09 11:13:28,320 INFO [master-manager] [H2SymmetricDialect] [main] Checking if SymmetricDS tables need created or altered
2020-08-09 11:13:28,518 INFO [master-manager] [H2SymmetricDialect] [main] There are SymmetricDS tables that needed altered
2020-08-09 11:13:28,524 INFO [master-manager] [H2SymmetricDialect] [main] DDL applied: CREATE TABLE "SYM_CHANNEL"(
    "CHANNEL_ID" VARCHAR(128) NOT NULL,
    "PROCESSING_ORDER" INTEGER DEFAULT 1 NOT NULL,
    "MAX_BATCH_SIZE" INTEGER DEFAULT 1000 NOT NULL,
    "MAX_BATCH_TO_SEND" INTEGER DEFAULT 60 NOT NULL,
    "MAX_DATA_TO_ROUTE" INTEGER DEFAULT 100000 NOT NULL,
    "EXTRACT_PERIOD_MILLIS" INTEGER DEFAULT 0 NOT NULL,
    "ENABLED" TINYINT DEFAULT 1 NOT NULL,
    "USE_OLD_DATA_TO_ROUTE" TINYINT DEFAULT 1 NOT NULL,
    "USE_ROW_DATA_TO_ROUTE" TINYINT DEFAULT 1 NOT NULL,
    "USE_PK_DATA_TO_ROUTE" TINYINT DEFAULT 1 NOT NULL,
    "RELOAD_FLAG" TINYINT DEFAULT 0 NOT NULL,
    "FILE_SYNC_FLAG" TINYINT DEFAULT 0 NOT NULL,
    "CONTAINS_BIG_LOB" TINYINT DEFAULT 0 NOT NULL,
    "BATCH_ALGORITHM" VARCHAR(50) DEFAULT 'default' NOT NULL,
    "DATA_LOADER_TYPE" VARCHAR(50) DEFAULT 'default' NOT NULL,
    "DESCRIPTION" VARCHAR(255) NULL,
    "QUEUE" VARCHAR(25) DEFAULT 'default' NOT NULL,
    "MAX_NETWORK_KBPS" DECIMAL(10,3) DEFAULT 0.000 NOT NULL,
    "DATA_EVENT_ACTION" CHAR(1) NULL,
    "CREATE_TIME" TIMESTAMP,
    "LAST_UPDATE_BY" VARCHAR(50) NULL,
    "LAST_UPDATE_TIME" TIMESTAMP,
    PRIMARY KEY ("CHANNEL_ID")
)
2020-08-09 11:13:28,526 INFO [master-manager] [H2SymmetricDialect] [main] DDL applied: CREATE TABLE "SYM_CONFLICT"(
    "CONFLICT_ID" VARCHAR(50) NOT NULL,
    "SOURCE_NODE_GROUP_ID" VARCHAR(50) NOT NULL,
    "TARGET_NODE_GROUP_ID" VARCHAR(50) NOT NULL,
    "TARGET_CHANNEL_ID" VARCHAR(128) NULL,
    "TARGET_CATALOG_NAME" VARCHAR(255) NULL,
    "TARGET_SCHEMA_NAME" VARCHAR(255) NULL,
    "TARGET_TABLE_NAME" VARCHAR(255) NULL,
    "DETECT_TYPE" VARCHAR(128) NOT NULL,
    "DETECT_EXPRESSION" VARCHAR(2147483647) NULL,
    "RESOLVE_TYPE" VARCHAR(128) NOT NULL,
    "PING_BACK" VARCHAR(128) NOT NULL,
    "RESOLVE_CHANGES_ONLY" TINYINT DEFAULT 0,
    "RESOLVE_ROW_ONLY" TINYINT DEFAULT 0,
    "CREATE_TIME" TIMESTAMP NOT NULL,
    "LAST_UPDATE_BY" VARCHAR(50) NULL,
    "LAST_UPDATE_TIME" TIMESTAMP NOT NULL,
    PRIMARY KEY ("CONFLICT_ID")
)
2020-08-09 11:13:28,528 INFO [master-manager] [H2SymmetricDialect] [main] DDL applied: CREATE TABLE "SYM_CONTEXT"(
    "NAME" VARCHAR(80) NOT NULL,
    "CONTEXT_VALUE" VARCHAR(2147483647) NULL,
    "CREATE_TIME" TIMESTAMP,
    "LAST_UPDATE_TIME" TIMESTAMP,
    PRIMARY KEY ("NAME")
)
2020-08-09 11:13:28,534 INFO [master-manager] [H2SymmetricDialect] [main] DDL applied: CREATE TABLE "SYM_DATA"(
    "DATA_ID" BIGINT NOT NULL AUTO_INCREMENT,
    "TABLE_NAME" VARCHAR(255) NOT NULL,
    "EVENT_TYPE" CHAR(1) NOT NULL,
    "ROW_DATA" VARCHAR(2147483647) NULL,
    "PK_DATA" VARCHAR(2147483647) NULL,
    "OLD_DATA" VARCHAR(2147483647) NULL,
    "TRIGGER_HIST_ID" INTEGER NOT NULL,
    "CHANNEL_ID" VARCHAR(128) NULL,
    "TRANSACTION_ID" VARCHAR(255) NULL,
    "SOURCE_NODE_ID" VARCHAR(50) NULL,
    "EXTERNAL_DATA" VARCHAR(50) NULL,
    "NODE_LIST" VARCHAR(255) NULL,
    "IS_PREROUTED" TINYINT DEFAULT 0 NOT NULL,
    "CREATE_TIME" TIMESTAMP,
    PRIMARY KEY ("DATA_ID")
)
2020-08-09 11:13:28,536 INFO [master-manager] [H2SymmetricDialect] [main] DDL applied: CREATE INDEX "SYM_IDX_D_CHANNEL_ID" ON "SYM_DATA" ("DATA_ID", "CHANNEL_ID")
2020-08-09 11:13:28,537 INFO [master-manager] [H2SymmetricDialect] [main] DDL applied: CREATE TABLE "SYM_DATA_EVENT"(
    "DATA_ID" BIGINT NOT NULL,
    "BATCH_ID" BIGINT NOT NULL,
    "CREATE_TIME" TIMESTAMP,
    PRIMARY KEY ("DATA_ID", "BATCH_ID")
)
2020-08-09 11:13:28,538 INFO [master-manager] [H2SymmetricDialect] [main] DDL applied: CREATE INDEX "SYM_IDX_DE_BATCHID" ON "SYM_DATA_EVENT" ("BATCH_ID")
2020-08-09 11:13:28,540 INFO [master-manager] [H2SymmetricDialect] [main] DDL applied: CREATE TABLE "SYM_DATA_GAP"(
    "START_ID" BIGINT NOT NULL,
    "END_ID" BIGINT NOT NULL,
    "CREATE_TIME" TIMESTAMP NOT NULL,
    "LAST_UPDATE_HOSTNAME" VARCHAR(255) NULL,
    PRIMARY KEY ("START_ID", "END_ID")
)
2020-08-09 11:13:28,542 INFO [master-manager] [H2SymmetricDialect] [main] DDL applied: CREATE TABLE "SYM_EXTENSION"(
    "EXTENSION_ID" VARCHAR(50) NOT NULL,
    "EXTENSION_TYPE" VARCHAR(10) NOT NULL,
    "INTERFACE_NAME" VARCHAR(255) NULL,
    "NODE_GROUP_ID" VARCHAR(50) NOT NULL,
    "ENABLED" TINYINT DEFAULT 1 NOT NULL,
    "EXTENSION_ORDER" INTEGER DEFAULT 1 NOT NULL,
    "EXTENSION_TEXT" VARCHAR(2147483647) NULL,
    "CREATE_TIME" TIMESTAMP,
    "LAST_UPDATE_BY" VARCHAR(50) NULL,
    "LAST_UPDATE_TIME" TIMESTAMP,
    PRIMARY KEY ("EXTENSION_ID")
)
2020-08-09 11:13:28,547 INFO [master-manager] [H2SymmetricDialect] [main] DDL applied: CREATE TABLE "SYM_EXTRACT_REQUEST"(
    "REQUEST_ID" BIGINT NOT NULL,
    "NODE_ID" VARCHAR(50) NOT NULL,
    "QUEUE" VARCHAR(128) NULL,
    "STATUS" CHAR(2) NULL,
    "START_BATCH_ID" BIGINT NOT NULL,
    "END_BATCH_ID" BIGINT NOT NULL,
    "TRIGGER_ID" VARCHAR(128) NOT NULL,
    "ROUTER_ID" VARCHAR(50) NOT NULL,
    "LOAD_ID" BIGINT,
    "TABLE_NAME" VARCHAR(255) NULL,
    "EXTRACTED_ROWS" BIGINT DEFAULT 0 NOT NULL,
    "EXTRACTED_MILLIS" BIGINT DEFAULT 0 NOT NULL,
    "TRANSFERRED_ROWS" BIGINT DEFAULT 0 NOT NULL,
    "TRANSFERRED_MILLIS" BIGINT DEFAULT 0 NOT NULL,
    "LAST_TRANSFERRED_BATCH_ID" BIGINT,
    "LOADED_ROWS" BIGINT DEFAULT 0 NOT NULL,
    "LOADED_MILLIS" BIGINT DEFAULT 0 NOT NULL,
    "LAST_LOADED_BATCH_ID" BIGINT,
    "TOTAL_ROWS" BIGINT,
    "LOADED_TIME" TIMESTAMP,
    "PARENT_REQUEST_ID" BIGINT DEFAULT 0 NOT NULL,
    "LAST_UPDATE_TIME" TIMESTAMP,
    "CREATE_TIME" TIMESTAMP,
    PRIMARY KEY ("REQUEST_ID")
)
2020-08-09 11:13:28,550 INFO [master-manager] [H2SymmetricDialect] [main] DDL applied: CREATE TABLE "SYM_FILE_INCOMING"(
    "RELATIVE_DIR" VARCHAR(255) NOT NULL,
    "FILE_NAME" VARCHAR(128) NOT NULL,
    "LAST_EVENT_TYPE" CHAR(1) NOT NULL,
    "NODE_ID" VARCHAR(50) NOT NULL,
    "FILE_MODIFIED_TIME" BIGINT,
    PRIMARY KEY ("RELATIVE_DIR", "FILE_NAME")
)
2020-08-09 11:13:28,552 INFO [master-manager] [H2SymmetricDialect] [main] DDL applied: CREATE TABLE "SYM_FILE_SNAPSHOT"(
    "TRIGGER_ID" VARCHAR(128) NOT NULL,
    "ROUTER_ID" VARCHAR(50) NOT NULL,
    "RELATIVE_DIR" VARCHAR(255) NOT NULL,
    "FILE_NAME" VARCHAR(128) NOT NULL,
    "CHANNEL_ID" VARCHAR(128) DEFAULT 'filesync' NOT NULL,
    "RELOAD_CHANNEL_ID" VARCHAR(128) DEFAULT 'filesync_reload' NOT NULL,
    "LAST_EVENT_TYPE" CHAR(1) NOT NULL,
    "CRC32_CHECKSUM" BIGINT,
    "FILE_SIZE" BIGINT,
    "FILE_MODIFIED_TIME" BIGINT,
    "LAST_UPDATE_TIME" TIMESTAMP NOT NULL,
    "LAST_UPDATE_BY" VARCHAR(50) NULL,
    "CREATE_TIME" TIMESTAMP NOT NULL,
    PRIMARY KEY ("TRIGGER_ID", "ROUTER_ID", "RELATIVE_DIR", "FILE_NAME")
)
2020-08-09 11:13:28,554 INFO [master-manager] [H2SymmetricDialect] [main] DDL applied: CREATE INDEX "SYM_IDX_F_SNPSHT_CHID" ON "SYM_FILE_SNAPSHOT" ("RELOAD_CHANNEL_ID")
2020-08-09 11:13:28,556 INFO [master-manager] [H2SymmetricDialect] [main] DDL applied: CREATE TABLE "SYM_FILE_TRIGGER"(
    "TRIGGER_ID" VARCHAR(128) NOT NULL,
    "CHANNEL_ID" VARCHAR(128) DEFAULT 'filesync' NOT NULL,
    "RELOAD_CHANNEL_ID" VARCHAR(128) DEFAULT 'filesync_reload' NOT NULL,
    "BASE_DIR" VARCHAR(255) NOT NULL,
    "RECURSE" TINYINT DEFAULT 1 NOT NULL,
    "INCLUDES_FILES" VARCHAR(255) NULL,
    "EXCLUDES_FILES" VARCHAR(255) NULL,
    "SYNC_ON_CREATE" TINYINT DEFAULT 1 NOT NULL,
    "SYNC_ON_MODIFIED" TINYINT DEFAULT 1 NOT NULL,
    "SYNC_ON_DELETE" TINYINT DEFAULT 1 NOT NULL,
    "SYNC_ON_CTL_FILE" TINYINT DEFAULT 0 NOT NULL,
    "DELETE_AFTER_SYNC" TINYINT DEFAULT 0 NOT NULL,
    "BEFORE_COPY_SCRIPT" VARCHAR(2147483647) NULL,
    "AFTER_COPY_SCRIPT" VARCHAR(2147483647) NULL,
    "CREATE_TIME" TIMESTAMP NOT NULL,
    "LAST_UPDATE_BY" VARCHAR(50) NULL,
    "LAST_UPDATE_TIME" TIMESTAMP NOT NULL,
    "DESCRIPTION" VARCHAR(2147483647) NULL,
    PRIMARY KEY ("TRIGGER_ID")
)
2020-08-09 11:13:28,559 INFO [master-manager] [H2SymmetricDialect] [main] DDL applied: CREATE TABLE "SYM_FILE_TRIGGER_ROUTER"(
    "TRIGGER_ID" VARCHAR(128) NOT NULL,
    "ROUTER_ID" VARCHAR(50) NOT NULL,
    "ENABLED" TINYINT DEFAULT 1 NOT NULL,
    "INITIAL_LOAD_ENABLED" TINYINT DEFAULT 1 NOT NULL,
    "TARGET_BASE_DIR" VARCHAR(255) NULL,
    "CONFLICT_STRATEGY" VARCHAR(128) DEFAULT 'source_wins' NOT NULL,
    "CREATE_TIME" TIMESTAMP NOT NULL,
    "LAST_UPDATE_BY" VARCHAR(50) NULL,
    "LAST_UPDATE_TIME" TIMESTAMP NOT NULL,
    "DESCRIPTION" VARCHAR(2147483647) NULL,
    PRIMARY KEY ("TRIGGER_ID", "ROUTER_ID")
)
2020-08-09 11:13:28,561 INFO [master-manager] [H2SymmetricDialect] [main] DDL applied: CREATE TABLE "SYM_GROUPLET"(
    "GROUPLET_ID" VARCHAR(50) NOT NULL,
    "GROUPLET_LINK_POLICY" CHAR(1) DEFAULT 'I' NOT NULL,
    "DESCRIPTION" VARCHAR(255) NULL,
    "CREATE_TIME" TIMESTAMP NOT NULL,
    "LAST_UPDATE_BY" VARCHAR(50) NULL,
    "LAST_UPDATE_TIME" TIMESTAMP NOT NULL,
    PRIMARY KEY ("GROUPLET_ID")
)
2020-08-09 11:13:28,563 INFO [master-manager] [H2SymmetricDialect] [main] DDL applied: CREATE TABLE "SYM_GROUPLET_LINK"(
    "GROUPLET_ID" VARCHAR(50) NOT NULL,
    "EXTERNAL_ID" VARCHAR(255) NOT NULL,
    "CREATE_TIME" TIMESTAMP NOT NULL,
    "LAST_UPDATE_BY" VARCHAR(50) NULL,
    "LAST_UPDATE_TIME" TIMESTAMP NOT NULL,
    PRIMARY KEY ("GROUPLET_ID", "EXTERNAL_ID")
)
2020-08-09 11:13:28,569 INFO [master-manager] [H2SymmetricDialect] [main] DDL applied: CREATE TABLE "SYM_INCOMING_BATCH"(
    "BATCH_ID" BIGINT NOT NULL,
    "NODE_ID" VARCHAR(50) NOT NULL,
    "CHANNEL_ID" VARCHAR(128) NULL,
    "STATUS" CHAR(2) NULL,
    "ERROR_FLAG" TINYINT DEFAULT 0,
    "SQL_STATE" VARCHAR(10) NULL,
    "SQL_CODE" INTEGER DEFAULT 0 NOT NULL,
    "SQL_MESSAGE" VARCHAR(2147483647) NULL,
    "LAST_UPDATE_HOSTNAME" VARCHAR(255) NULL,
    "LAST_UPDATE_TIME" TIMESTAMP,
    "CREATE_TIME" TIMESTAMP,
    "SUMMARY" VARCHAR(255) NULL,
    "IGNORE_COUNT" INTEGER DEFAULT 0 NOT NULL,
    "BYTE_COUNT" BIGINT DEFAULT 0 NOT NULL,
    "LOAD_FLAG" TINYINT DEFAULT 0,
    "EXTRACT_COUNT" INTEGER DEFAULT 0 NOT NULL,
    "SENT_COUNT" INTEGER DEFAULT 0 NOT NULL,
    "LOAD_COUNT" INTEGER DEFAULT 0 NOT NULL,
    "RELOAD_ROW_COUNT" INTEGER DEFAULT 0 NOT NULL,
    "OTHER_ROW_COUNT" INTEGER DEFAULT 0 NOT NULL,
    "DATA_ROW_COUNT" INTEGER DEFAULT 0 NOT NULL,
    "EXTRACT_ROW_COUNT" INTEGER DEFAULT 0 NOT NULL,
    "LOAD_ROW_COUNT" INTEGER DEFAULT 0 NOT NULL,
    "DATA_INSERT_ROW_COUNT" INTEGER DEFAULT 0 NOT NULL,
    "DATA_UPDATE_ROW_COUNT" INTEGER DEFAULT 0 NOT NULL,
    "DATA_DELETE_ROW_COUNT" INTEGER DEFAULT 0 NOT NULL,
    "EXTRACT_INSERT_ROW_COUNT" INTEGER DEFAULT 0 NOT NULL,
    "EXTRACT_UPDATE_ROW_COUNT" INTEGER DEFAULT 0 NOT NULL,
    "EXTRACT_DELETE_ROW_COUNT" INTEGER DEFAULT 0 NOT NULL,
    "LOAD_INSERT_ROW_COUNT" INTEGER DEFAULT 0 NOT NULL,
    "LOAD_UPDATE_ROW_COUNT" INTEGER DEFAULT 0 NOT NULL,
    "LOAD_DELETE_ROW_COUNT" INTEGER DEFAULT 0 NOT NULL,
    "NETWORK_MILLIS" INTEGER DEFAULT 0 NOT NULL,
    "FILTER_MILLIS" INTEGER DEFAULT 0 NOT NULL,
    "LOAD_MILLIS" INTEGER DEFAULT 0 NOT NULL,
    "ROUTER_MILLIS" INTEGER DEFAULT 0 NOT NULL,
    "EXTRACT_MILLIS" INTEGER DEFAULT 0 NOT NULL,
    "TRANSFORM_EXTRACT_MILLIS" INTEGER DEFAULT 0 NOT NULL,
    "TRANSFORM_LOAD_MILLIS" INTEGER DEFAULT 0 NOT NULL,
    "LOAD_ID" BIGINT,
    "COMMON_FLAG" TINYINT DEFAULT 0,
    "FALLBACK_INSERT_COUNT" INTEGER DEFAULT 0 NOT NULL,
    "FALLBACK_UPDATE_COUNT" INTEGER DEFAULT 0 NOT NULL,
    "IGNORE_ROW_COUNT" INTEGER DEFAULT 0 NOT NULL,
    "MISSING_DELETE_COUNT" INTEGER DEFAULT 0 NOT NULL,
    "SKIP_COUNT" INTEGER DEFAULT 0 NOT NULL,
    "FAILED_ROW_NUMBER" INTEGER DEFAULT 0 NOT NULL,
    "FAILED_LINE_NUMBER" INTEGER DEFAULT 0 NOT NULL,
    "FAILED_DATA_ID" BIGINT DEFAULT 0 NOT NULL,
    PRIMARY KEY ("BATCH_ID", "NODE_ID")
)
2020-08-09 11:13:28,572 INFO [master-manager] [H2SymmetricDialect] [main] DDL applied: CREATE INDEX "SYM_IDX_IB_TIME_STATUS" ON "SYM_INCOMING_BATCH" ("CREATE_TIME", "STATUS")
2020-08-09 11:13:28,572 INFO [master-manager] [H2SymmetricDialect] [main] DDL applied: CREATE INDEX "SYM_IDX_IB_IN_ERROR" ON "SYM_INCOMING_BATCH" ("ERROR_FLAG")
2020-08-09 11:13:28,574 INFO [master-manager] [H2SymmetricDialect] [main] DDL applied: CREATE TABLE "SYM_INCOMING_ERROR"(
    "BATCH_ID" BIGINT NOT NULL,
    "NODE_ID" VARCHAR(50) NOT NULL,
    "FAILED_ROW_NUMBER" BIGINT NOT NULL,
    "FAILED_LINE_NUMBER" BIGINT DEFAULT 0 NOT NULL,
    "TARGET_CATALOG_NAME" VARCHAR(255) NULL,
    "TARGET_SCHEMA_NAME" VARCHAR(255) NULL,
    "TARGET_TABLE_NAME" VARCHAR(255) NOT NULL,
    "EVENT_TYPE" CHAR(1) NOT NULL,
    "BINARY_ENCODING" VARCHAR(10) DEFAULT 'HEX' NOT NULL,
    "COLUMN_NAMES" VARCHAR(2147483647) NOT NULL,
    "PK_COLUMN_NAMES" VARCHAR(2147483647) NOT NULL,
    "ROW_DATA" VARCHAR(2147483647) NULL,
    "OLD_DATA" VARCHAR(2147483647) NULL,
    "CUR_DATA" VARCHAR(2147483647) NULL,
    "RESOLVE_DATA" VARCHAR(2147483647) NULL,
    "RESOLVE_IGNORE" TINYINT DEFAULT 0,
    "CONFLICT_ID" VARCHAR(50) NULL,
    "CREATE_TIME" TIMESTAMP,
    "LAST_UPDATE_BY" VARCHAR(50) NULL,
    "LAST_UPDATE_TIME" TIMESTAMP NOT NULL,
    PRIMARY KEY ("BATCH_ID", "NODE_ID", "FAILED_ROW_NUMBER")
)
2020-08-09 11:13:28,576 INFO [master-manager] [H2SymmetricDialect] [main] DDL applied: CREATE TABLE "SYM_JOB"(
    "JOB_NAME" VARCHAR(50) NOT NULL,
    "JOB_TYPE" VARCHAR(10) NOT NULL,
    "REQUIRES_REGISTRATION" TINYINT DEFAULT 1 NOT NULL,
    "JOB_EXPRESSION" VARCHAR(2147483647) NULL,
    "DESCRIPTION" VARCHAR(255) NULL,
    "DEFAULT_SCHEDULE" VARCHAR(50) NULL,
    "DEFAULT_AUTO_START" TINYINT DEFAULT 1 NOT NULL,
    "NODE_GROUP_ID" VARCHAR(50) NOT NULL,
    "CREATE_BY" VARCHAR(50) NULL,
    "CREATE_TIME" TIMESTAMP,
    "LAST_UPDATE_BY" VARCHAR(50) NULL,
    "LAST_UPDATE_TIME" TIMESTAMP,
    PRIMARY KEY ("JOB_NAME")
)
2020-08-09 11:13:28,578 INFO [master-manager] [H2SymmetricDialect] [main] DDL applied: CREATE TABLE "SYM_LOAD_FILTER"(
    "LOAD_FILTER_ID" VARCHAR(50) NOT NULL,
    "LOAD_FILTER_TYPE" VARCHAR(10) NOT NULL,
    "SOURCE_NODE_GROUP_ID" VARCHAR(50) NOT NULL,
    "TARGET_NODE_GROUP_ID" VARCHAR(50) NOT NULL,
    "TARGET_CATALOG_NAME" VARCHAR(255) NULL,
    "TARGET_SCHEMA_NAME" VARCHAR(255) NULL,
    "TARGET_TABLE_NAME" VARCHAR(255) NULL,
    "FILTER_ON_UPDATE" TINYINT DEFAULT 1 NOT NULL,
    "FILTER_ON_INSERT" TINYINT DEFAULT 1 NOT NULL,
    "FILTER_ON_DELETE" TINYINT DEFAULT 1 NOT NULL,
    "BEFORE_WRITE_SCRIPT" VARCHAR(2147483647) NULL,
    "AFTER_WRITE_SCRIPT" VARCHAR(2147483647) NULL,
    "BATCH_COMPLETE_SCRIPT" VARCHAR(2147483647) NULL,
    "BATCH_COMMIT_SCRIPT" VARCHAR(2147483647) NULL,
    "BATCH_ROLLBACK_SCRIPT" VARCHAR(2147483647) NULL,
    "HANDLE_ERROR_SCRIPT" VARCHAR(2147483647) NULL,
    "CREATE_TIME" TIMESTAMP NOT NULL,
    "LAST_UPDATE_BY" VARCHAR(50) NULL,
    "LAST_UPDATE_TIME" TIMESTAMP NOT NULL,
    "LOAD_FILTER_ORDER" INTEGER DEFAULT 1 NOT NULL,
    "FAIL_ON_ERROR" TINYINT DEFAULT 0 NOT NULL,
    PRIMARY KEY ("LOAD_FILTER_ID")
)
2020-08-09 11:13:28,580 INFO [master-manager] [H2SymmetricDialect] [main] DDL applied: CREATE TABLE "SYM_LOCK"(
    "LOCK_ACTION" VARCHAR(50) NOT NULL,
    "LOCK_TYPE" VARCHAR(50) NOT NULL,
    "LOCKING_SERVER_ID" VARCHAR(255) NULL,
    "LOCK_TIME" TIMESTAMP,
    "SHARED_COUNT" INTEGER DEFAULT 0 NOT NULL,
    "SHARED_ENABLE" INTEGER DEFAULT 0 NOT NULL,
    "LAST_LOCK_TIME" TIMESTAMP,
    "LAST_LOCKING_SERVER_ID" VARCHAR(255) NULL,
    PRIMARY KEY ("LOCK_ACTION")
)
2020-08-09 11:13:28,581 INFO [master-manager] [H2SymmetricDialect] [main] DDL applied: CREATE TABLE "SYM_NODE"(
    "NODE_ID" VARCHAR(50) NOT NULL,
    "NODE_GROUP_ID" VARCHAR(50) NOT NULL,
    "EXTERNAL_ID" VARCHAR(255) NOT NULL,
    "SYNC_ENABLED" TINYINT DEFAULT 0,
    "SYNC_URL" VARCHAR(255) NULL,
    "SCHEMA_VERSION" VARCHAR(50) NULL,
    "SYMMETRIC_VERSION" VARCHAR(50) NULL,
    "CONFIG_VERSION" VARCHAR(50) NULL,
    "DATABASE_TYPE" VARCHAR(50) NULL,
    "DATABASE_VERSION" VARCHAR(50) NULL,
    "BATCH_TO_SEND_COUNT" INTEGER DEFAULT 0,
    "BATCH_IN_ERROR_COUNT" INTEGER DEFAULT 0,
    "CREATED_AT_NODE_ID" VARCHAR(50) NULL,
    "DEPLOYMENT_TYPE" VARCHAR(50) NULL,
    "DEPLOYMENT_SUB_TYPE" VARCHAR(50) NULL,
    PRIMARY KEY ("NODE_ID")
)
2020-08-09 11:13:28,583 INFO [master-manager] [H2SymmetricDialect] [main] DDL applied: CREATE TABLE "SYM_NODE_COMMUNICATION"(
    "NODE_ID" VARCHAR(50) NOT NULL,
    "QUEUE" VARCHAR(25) DEFAULT 'default' NOT NULL,
    "COMMUNICATION_TYPE" VARCHAR(10) NOT NULL,
    "LOCK_TIME" TIMESTAMP,
    "LOCKING_SERVER_ID" VARCHAR(255) NULL,
    "LAST_LOCK_TIME" TIMESTAMP,
    "LAST_LOCK_MILLIS" BIGINT DEFAULT 0,
    "SUCCESS_COUNT" BIGINT DEFAULT 0,
    "FAIL_COUNT" BIGINT DEFAULT 0,
    "SKIP_COUNT" BIGINT DEFAULT 0,
    "TOTAL_SUCCESS_COUNT" BIGINT DEFAULT 0,
    "TOTAL_FAIL_COUNT" BIGINT DEFAULT 0,
    "TOTAL_SUCCESS_MILLIS" BIGINT DEFAULT 0,
    "TOTAL_FAIL_MILLIS" BIGINT DEFAULT 0,
    "BATCH_TO_SEND_COUNT" BIGINT DEFAULT 0,
    "NODE_PRIORITY" INTEGER DEFAULT 0,
    PRIMARY KEY ("NODE_ID", "QUEUE", "COMMUNICATION_TYPE")
)
2020-08-09 11:13:28,584 INFO [master-manager] [H2SymmetricDialect] [main] DDL applied: CREATE TABLE "SYM_NODE_CHANNEL_CTL"(
    "NODE_ID" VARCHAR(50) NOT NULL,
    "CHANNEL_ID" VARCHAR(128) NOT NULL,
    "SUSPEND_ENABLED" TINYINT DEFAULT 0,
    "IGNORE_ENABLED" TINYINT DEFAULT 0,
    "LAST_EXTRACT_TIME" TIMESTAMP,
    PRIMARY KEY ("NODE_ID", "CHANNEL_ID")
)
2020-08-09 11:13:28,585 INFO [master-manager] [H2SymmetricDialect] [main] DDL applied: CREATE TABLE "SYM_NODE_GROUP"(
    "NODE_GROUP_ID" VARCHAR(50) NOT NULL,
    "DESCRIPTION" VARCHAR(255) NULL,
    "CREATE_TIME" TIMESTAMP,
    "LAST_UPDATE_BY" VARCHAR(50) NULL,
    "LAST_UPDATE_TIME" TIMESTAMP,
    PRIMARY KEY ("NODE_GROUP_ID")
)
2020-08-09 11:13:28,586 INFO [master-manager] [H2SymmetricDialect] [main] DDL applied: CREATE TABLE "SYM_NODE_GROUP_CHANNEL_WND"(
    "NODE_GROUP_ID" VARCHAR(50) NOT NULL,
    "CHANNEL_ID" VARCHAR(128) NOT NULL,
    "START_TIME" TIMESTAMP NOT NULL,
    "END_TIME" TIMESTAMP NOT NULL,
    "ENABLED" TINYINT DEFAULT 0 NOT NULL,
    PRIMARY KEY ("NODE_GROUP_ID", "CHANNEL_ID", "START_TIME", "END_TIME")
)
2020-08-09 11:13:28,587 INFO [master-manager] [H2SymmetricDialect] [main] DDL applied: CREATE TABLE "SYM_NODE_GROUP_LINK"(
    "SOURCE_NODE_GROUP_ID" VARCHAR(50) NOT NULL,
    "TARGET_NODE_GROUP_ID" VARCHAR(50) NOT NULL,
    "DATA_EVENT_ACTION" CHAR(1) DEFAULT 'W' NOT NULL,
    "SYNC_CONFIG_ENABLED" TINYINT DEFAULT 1 NOT NULL,
    "IS_REVERSIBLE" TINYINT DEFAULT 0 NOT NULL,
    "CREATE_TIME" TIMESTAMP,
    "LAST_UPDATE_BY" VARCHAR(50) NULL,
    "LAST_UPDATE_TIME" TIMESTAMP,
    PRIMARY KEY ("SOURCE_NODE_GROUP_ID", "TARGET_NODE_GROUP_ID")
)
2020-08-09 11:13:28,589 INFO [master-manager] [H2SymmetricDialect] [main] DDL applied: CREATE TABLE "SYM_NODE_HOST"(
    "NODE_ID" VARCHAR(50) NOT NULL,
    "HOST_NAME" VARCHAR(60) NOT NULL,
    "INSTANCE_ID" VARCHAR(60) NULL,
    "IP_ADDRESS" VARCHAR(50) NULL,
    "OS_USER" VARCHAR(50) NULL,
    "OS_NAME" VARCHAR(50) NULL,
    "OS_ARCH" VARCHAR(50) NULL,
    "OS_VERSION" VARCHAR(50) NULL,
    "AVAILABLE_PROCESSORS" INTEGER DEFAULT 0,
    "FREE_MEMORY_BYTES" BIGINT DEFAULT 0,
    "TOTAL_MEMORY_BYTES" BIGINT DEFAULT 0,
    "MAX_MEMORY_BYTES" BIGINT DEFAULT 0,
    "JAVA_VERSION" VARCHAR(50) NULL,
    "JAVA_VENDOR" VARCHAR(255) NULL,
    "JDBC_VERSION" VARCHAR(255) NULL,
    "SYMMETRIC_VERSION" VARCHAR(50) NULL,
    "TIMEZONE_OFFSET" VARCHAR(6) NULL,
    "HEARTBEAT_TIME" TIMESTAMP,
    "LAST_RESTART_TIME" TIMESTAMP NOT NULL,
    "CREATE_TIME" TIMESTAMP NOT NULL,
    PRIMARY KEY ("NODE_ID", "HOST_NAME")
)
2020-08-09 11:13:28,591 INFO [master-manager] [H2SymmetricDialect] [main] DDL applied: CREATE TABLE "SYM_NODE_HOST_CHANNEL_STATS"(
    "NODE_ID" VARCHAR(50) NOT NULL,
    "HOST_NAME" VARCHAR(60) NOT NULL,
    "CHANNEL_ID" VARCHAR(128) NOT NULL,
    "START_TIME" TIMESTAMP NOT NULL,
    "END_TIME" TIMESTAMP NOT NULL,
    "DATA_ROUTED" BIGINT DEFAULT 0,
    "DATA_UNROUTED" BIGINT DEFAULT 0,
    "DATA_EVENT_INSERTED" BIGINT DEFAULT 0,
    "DATA_EXTRACTED" BIGINT DEFAULT 0,
    "DATA_BYTES_EXTRACTED" BIGINT DEFAULT 0,
    "DATA_EXTRACTED_ERRORS" BIGINT DEFAULT 0,
    "DATA_BYTES_SENT" BIGINT DEFAULT 0,
    "DATA_SENT" BIGINT DEFAULT 0,
    "DATA_SENT_ERRORS" BIGINT DEFAULT 0,
    "DATA_LOADED" BIGINT DEFAULT 0,
    "DATA_BYTES_LOADED" BIGINT DEFAULT 0,
    "DATA_LOADED_ERRORS" BIGINT DEFAULT 0,
    "DATA_LOADED_OUTGOING" BIGINT DEFAULT 0,
    "DATA_BYTES_LOADED_OUTGOING" BIGINT DEFAULT 0,
    "DATA_LOADED_OUTGOING_ERRORS" BIGINT DEFAULT 0,
    PRIMARY KEY ("NODE_ID", "HOST_NAME", "CHANNEL_ID", "START_TIME", "END_TIME")
)
2020-08-09 11:13:28,592 INFO [master-manager] [H2SymmetricDialect] [main] DDL applied: CREATE INDEX "SYM_IDX_ND_HST_CHNL_STS" ON "SYM_NODE_HOST_CHANNEL_STATS" ("NODE_ID", "START_TIME", "END_TIME")
2020-08-09 11:13:28,593 INFO [master-manager] [H2SymmetricDialect] [main] DDL applied: CREATE TABLE "SYM_NODE_HOST_JOB_STATS"(
    "NODE_ID" VARCHAR(50) NOT NULL,
    "HOST_NAME" VARCHAR(60) NOT NULL,
    "JOB_NAME" VARCHAR(50) NOT NULL,
    "START_TIME" TIMESTAMP NOT NULL,
    "END_TIME" TIMESTAMP NOT NULL,
    "PROCESSED_COUNT" BIGINT DEFAULT 0,
    "TARGET_NODE_ID" VARCHAR(50) NULL,
    "TARGET_NODE_COUNT" INTEGER DEFAULT 0,
    PRIMARY KEY ("NODE_ID", "HOST_NAME", "JOB_NAME", "START_TIME", "END_TIME")
)
2020-08-09 11:13:28,593 INFO [master-manager] [H2SymmetricDialect] [main] DDL applied: CREATE INDEX "SYM_IDX_ND_HST_JOB" ON "SYM_NODE_HOST_JOB_STATS" ("NODE_ID", "START_TIME", "END_TIME")
2020-08-09 11:13:28,595 INFO [master-manager] [H2SymmetricDialect] [main] DDL applied: CREATE TABLE "SYM_NODE_HOST_STATS"(
    "NODE_ID" VARCHAR(50) NOT NULL,
    "HOST_NAME" VARCHAR(60) NOT NULL,
    "START_TIME" TIMESTAMP NOT NULL,
    "END_TIME" TIMESTAMP NOT NULL,
    "RESTARTED" BIGINT DEFAULT 0 NOT NULL,
    "NODES_PULLED" BIGINT DEFAULT 0,
    "TOTAL_NODES_PULL_TIME" BIGINT DEFAULT 0,
    "NODES_PUSHED" BIGINT DEFAULT 0,
    "TOTAL_NODES_PUSH_TIME" BIGINT DEFAULT 0,
    "NODES_REJECTED" BIGINT DEFAULT 0,
    "NODES_REGISTERED" BIGINT DEFAULT 0,
    "NODES_LOADED" BIGINT DEFAULT 0,
    "NODES_DISABLED" BIGINT DEFAULT 0,
    "PURGED_DATA_ROWS" BIGINT DEFAULT 0,
    "PURGED_DATA_EVENT_ROWS" BIGINT DEFAULT 0,
    "PURGED_BATCH_OUTGOING_ROWS" BIGINT DEFAULT 0,
    "PURGED_BATCH_INCOMING_ROWS" BIGINT DEFAULT 0,
    "TRIGGERS_CREATED_COUNT" BIGINT,
    "TRIGGERS_REBUILT_COUNT" BIGINT,
    "TRIGGERS_REMOVED_COUNT" BIGINT,
    PRIMARY KEY ("NODE_ID", "HOST_NAME", "START_TIME", "END_TIME")
)
2020-08-09 11:13:28,595 INFO [master-manager] [H2SymmetricDialect] [main] DDL applied: CREATE INDEX "SYM_IDX_ND_HST_STS" ON "SYM_NODE_HOST_STATS" ("NODE_ID", "START_TIME", "END_TIME")
2020-08-09 11:13:28,596 INFO [master-manager] [H2SymmetricDialect] [main] DDL applied: CREATE TABLE "SYM_NODE_IDENTITY"(
    "NODE_ID" VARCHAR(50) NOT NULL,
    PRIMARY KEY ("NODE_ID")
)
2020-08-09 11:13:28,598 INFO [master-manager] [H2SymmetricDialect] [main] DDL applied: CREATE TABLE "SYM_NODE_SECURITY"(
    "NODE_ID" VARCHAR(50) NOT NULL,
    "NODE_PASSWORD" VARCHAR(50) NOT NULL,
    "REGISTRATION_ENABLED" TINYINT DEFAULT 0,
    "REGISTRATION_TIME" TIMESTAMP,
    "INITIAL_LOAD_ENABLED" TINYINT DEFAULT 0,
    "INITIAL_LOAD_TIME" TIMESTAMP,
    "INITIAL_LOAD_ID" BIGINT,
    "INITIAL_LOAD_CREATE_BY" VARCHAR(255) NULL,
    "REV_INITIAL_LOAD_ENABLED" TINYINT DEFAULT 0,
    "REV_INITIAL_LOAD_TIME" TIMESTAMP,
    "REV_INITIAL_LOAD_ID" BIGINT,
    "REV_INITIAL_LOAD_CREATE_BY" VARCHAR(255) NULL,
    "CREATED_AT_NODE_ID" VARCHAR(50) NULL,
    PRIMARY KEY ("NODE_ID")
)
2020-08-09 11:13:28,599 INFO [master-manager] [H2SymmetricDialect] [main] DDL applied: CREATE TABLE "SYM_MONITOR"(
    "MONITOR_ID" VARCHAR(128) NOT NULL,
    "NODE_GROUP_ID" VARCHAR(50) DEFAULT 'ALL' NOT NULL,
    "EXTERNAL_ID" VARCHAR(255) DEFAULT 'ALL' NOT NULL,
    "TYPE" VARCHAR(50) NOT NULL,
    "EXPRESSION" VARCHAR(2147483647) NULL,
    "THRESHOLD" BIGINT DEFAULT 0 NOT NULL,
    "RUN_PERIOD" INTEGER DEFAULT 0 NOT NULL,
    "RUN_COUNT" INTEGER DEFAULT 0 NOT NULL,
    "SEVERITY_LEVEL" INTEGER DEFAULT 0 NOT NULL,
    "ENABLED" TINYINT DEFAULT 0 NOT NULL,
    "CREATE_TIME" TIMESTAMP,
    "LAST_UPDATE_BY" VARCHAR(50) NULL,
    "LAST_UPDATE_TIME" TIMESTAMP,
    PRIMARY KEY ("MONITOR_ID")
)
2020-08-09 11:13:28,600 INFO [master-manager] [H2SymmetricDialect] [main] DDL applied: CREATE TABLE "SYM_MONITOR_EVENT"(
    "MONITOR_ID" VARCHAR(128) NOT NULL,
    "NODE_ID" VARCHAR(50) NOT NULL,
    "EVENT_TIME" TIMESTAMP NOT NULL,
    "HOST_NAME" VARCHAR(60) NULL,
    "TYPE" VARCHAR(50) NOT NULL,
    "THRESHOLD" BIGINT DEFAULT 0 NOT NULL,
    "EVENT_VALUE" BIGINT DEFAULT 0 NOT NULL,
    "EVENT_COUNT" INTEGER DEFAULT 0 NOT NULL,
    "SEVERITY_LEVEL" INTEGER DEFAULT 0 NOT NULL,
    "IS_RESOLVED" TINYINT DEFAULT 0 NOT NULL,
    "IS_NOTIFIED" TINYINT DEFAULT 0 NOT NULL,
    "DETAILS" VARCHAR(2147483647) NULL,
    "LAST_UPDATE_TIME" TIMESTAMP,
    PRIMARY KEY ("MONITOR_ID", "NODE_ID", "EVENT_TIME")
)
2020-08-09 11:13:28,602 INFO [master-manager] [H2SymmetricDialect] [main] DDL applied: CREATE TABLE "SYM_NOTIFICATION"(
    "NOTIFICATION_ID" VARCHAR(128) NOT NULL,
    "NODE_GROUP_ID" VARCHAR(50) DEFAULT 'ALL' NOT NULL,
    "EXTERNAL_ID" VARCHAR(255) DEFAULT 'ALL' NOT NULL,
    "SEVERITY_LEVEL" INTEGER DEFAULT 0 NOT NULL,
    "TYPE" VARCHAR(50) NOT NULL,
    "EXPRESSION" VARCHAR(2147483647) NULL,
    "ENABLED" TINYINT DEFAULT 0 NOT NULL,
    "CREATE_TIME" TIMESTAMP,
    "LAST_UPDATE_BY" VARCHAR(50) NULL,
    "LAST_UPDATE_TIME" TIMESTAMP,
    PRIMARY KEY ("NOTIFICATION_ID")
)
2020-08-09 11:13:28,604 INFO [master-manager] [H2SymmetricDialect] [main] DDL applied: CREATE TABLE "SYM_OUTGOING_BATCH"(
    "BATCH_ID" BIGINT NOT NULL,
    "NODE_ID" VARCHAR(50) NOT NULL,
    "CHANNEL_ID" VARCHAR(128) NULL,
    "STATUS" CHAR(2) NULL,
    "ERROR_FLAG" TINYINT DEFAULT 0,
    "SQL_STATE" VARCHAR(10) NULL,
    "SQL_CODE" INTEGER DEFAULT 0 NOT NULL,
    "SQL_MESSAGE" VARCHAR(2147483647) NULL,
    "LAST_UPDATE_HOSTNAME" VARCHAR(255) NULL,
    "LAST_UPDATE_TIME" TIMESTAMP,
    "CREATE_TIME" TIMESTAMP,
    "SUMMARY" VARCHAR(255) NULL,
    "IGNORE_COUNT" INTEGER DEFAULT 0 NOT NULL,
    "BYTE_COUNT" BIGINT DEFAULT 0 NOT NULL,
    "LOAD_FLAG" TINYINT DEFAULT 0,
    "EXTRACT_COUNT" INTEGER DEFAULT 0 NOT NULL,
    "SENT_COUNT" INTEGER DEFAULT 0 NOT NULL,
    "LOAD_COUNT" INTEGER DEFAULT 0 NOT NULL,
    "RELOAD_ROW_COUNT" INTEGER DEFAULT 0 NOT NULL,
    "OTHER_ROW_COUNT" INTEGER DEFAULT 0 NOT NULL,
    "DATA_ROW_COUNT" INTEGER DEFAULT 0 NOT NULL,
    "EXTRACT_ROW_COUNT" INTEGER DEFAULT 0 NOT NULL,
    "LOAD_ROW_COUNT" INTEGER DEFAULT 0 NOT NULL,
    "DATA_INSERT_ROW_COUNT" INTEGER DEFAULT 0 NOT NULL,
    "DATA_UPDATE_ROW_COUNT" INTEGER DEFAULT 0 NOT NULL,
    "DATA_DELETE_ROW_COUNT" INTEGER DEFAULT 0 NOT NULL,
    "EXTRACT_INSERT_ROW_COUNT" INTEGER DEFAULT 0 NOT NULL,
    "EXTRACT_UPDATE_ROW_COUNT" INTEGER DEFAULT 0 NOT NULL,
    "EXTRACT_DELETE_ROW_COUNT" INTEGER DEFAULT 0 NOT NULL,
    "LOAD_INSERT_ROW_COUNT" INTEGER DEFAULT 0 NOT NULL,
    "LOAD_UPDATE_ROW_COUNT" INTEGER DEFAULT 0 NOT NULL,
    "LOAD_DELETE_ROW_COUNT" INTEGER DEFAULT 0 NOT NULL,
    "NETWORK_MILLIS" INTEGER DEFAULT 0 NOT NULL,
    "FILTER_MILLIS" INTEGER DEFAULT 0 NOT NULL,
    "LOAD_MILLIS" INTEGER DEFAULT 0 NOT NULL,
    "ROUTER_MILLIS" INTEGER DEFAULT 0 NOT NULL,
    "EXTRACT_MILLIS" INTEGER DEFAULT 0 NOT NULL,
    "TRANSFORM_EXTRACT_MILLIS" INTEGER DEFAULT 0 NOT NULL,
    "TRANSFORM_LOAD_MILLIS" INTEGER DEFAULT 0 NOT NULL,
    "LOAD_ID" BIGINT,
    "COMMON_FLAG" TINYINT DEFAULT 0,
    "FALLBACK_INSERT_COUNT" INTEGER DEFAULT 0 NOT NULL,
    "FALLBACK_UPDATE_COUNT" INTEGER DEFAULT 0 NOT NULL,
    "IGNORE_ROW_COUNT" INTEGER DEFAULT 0 NOT NULL,
    "MISSING_DELETE_COUNT" INTEGER DEFAULT 0 NOT NULL,
    "SKIP_COUNT" INTEGER DEFAULT 0 NOT NULL,
    "TOTAL_EXTRACT_MILLIS" INTEGER DEFAULT 0 NOT NULL,
    "TOTAL_LOAD_MILLIS" INTEGER DEFAULT 0 NOT NULL,
    "EXTRACT_JOB_FLAG" TINYINT DEFAULT 0,
    "EXTRACT_START_TIME" TIMESTAMP,
    "TRANSFER_START_TIME" TIMESTAMP,
    "LOAD_START_TIME" TIMESTAMP,
    "FAILED_DATA_ID" BIGINT DEFAULT 0 NOT NULL,
    "FAILED_LINE_NUMBER" BIGINT DEFAULT 0 NOT NULL,
    "CREATE_BY" VARCHAR(255) NULL,
    PRIMARY KEY ("BATCH_ID", "NODE_ID")
)
2020-08-09 11:13:28,605 INFO [master-manager] [H2SymmetricDialect] [main] DDL applied: CREATE INDEX "SYM_IDX_OB_NODE_STATUS" ON "SYM_OUTGOING_BATCH" ("NODE_ID", "STATUS")
2020-08-09 11:13:28,605 INFO [master-manager] [H2SymmetricDialect] [main] DDL applied: CREATE INDEX "SYM_IDX_OB_STATUS" ON "SYM_OUTGOING_BATCH" ("STATUS")
2020-08-09 11:13:28,606 INFO [master-manager] [H2SymmetricDialect] [main] DDL applied: CREATE INDEX "SYM_IDX_OB_IN_ERROR" ON "SYM_OUTGOING_BATCH" ("ERROR_FLAG")
2020-08-09 11:13:28,607 INFO [master-manager] [H2SymmetricDialect] [main] DDL applied: CREATE TABLE "SYM_PARAMETER"(
    "EXTERNAL_ID" VARCHAR(255) NOT NULL,
    "NODE_GROUP_ID" VARCHAR(50) NOT NULL,
    "PARAM_KEY" VARCHAR(80) NOT NULL,
    "PARAM_VALUE" VARCHAR(2147483647) NULL,
    "CREATE_TIME" TIMESTAMP,
    "LAST_UPDATE_BY" VARCHAR(50) NULL,
    "LAST_UPDATE_TIME" TIMESTAMP,
    PRIMARY KEY ("EXTERNAL_ID", "NODE_GROUP_ID", "PARAM_KEY")
)
2020-08-09 11:13:28,607 INFO [master-manager] [H2SymmetricDialect] [main] DDL applied: CREATE TABLE "SYM_REGISTRATION_REDIRECT"(
    "REGISTRANT_EXTERNAL_ID" VARCHAR(255) NOT NULL,
    "REGISTRATION_NODE_ID" VARCHAR(50) NOT NULL,
    PRIMARY KEY ("REGISTRANT_EXTERNAL_ID")
)
2020-08-09 11:13:28,608 INFO [master-manager] [H2SymmetricDialect] [main] DDL applied: CREATE TABLE "SYM_REGISTRATION_REQUEST"(
    "NODE_GROUP_ID" VARCHAR(50) NOT NULL,
    "EXTERNAL_ID" VARCHAR(255) NOT NULL,
    "STATUS" CHAR(2) NOT NULL,
    "HOST_NAME" VARCHAR(60) NOT NULL,
    "IP_ADDRESS" VARCHAR(50) NOT NULL,
    "ATTEMPT_COUNT" INTEGER DEFAULT 0,
    "REGISTERED_NODE_ID" VARCHAR(50) NULL,
    "ERROR_MESSAGE" VARCHAR(2147483647) NULL,
    "CREATE_TIME" TIMESTAMP NOT NULL,
    "LAST_UPDATE_BY" VARCHAR(50) NULL,
    "LAST_UPDATE_TIME" TIMESTAMP NOT NULL,
    PRIMARY KEY ("NODE_GROUP_ID", "EXTERNAL_ID", "CREATE_TIME")
)
2020-08-09 11:13:28,609 INFO [master-manager] [H2SymmetricDialect] [main] DDL applied: CREATE INDEX "SYM_IDX_REG_REQ_1" ON "SYM_REGISTRATION_REQUEST" ("NODE_GROUP_ID", "EXTERNAL_ID", "STATUS", "HOST_NAME", "IP_ADDRESS")
2020-08-09 11:13:28,609 INFO [master-manager] [H2SymmetricDialect] [main] DDL applied: CREATE INDEX "SYM_IDX_REG_REQ_2" ON "SYM_REGISTRATION_REQUEST" ("STATUS")
2020-08-09 11:13:28,610 INFO [master-manager] [H2SymmetricDialect] [main] DDL applied: CREATE TABLE "SYM_ROUTER"(
    "ROUTER_ID" VARCHAR(50) NOT NULL,
    "TARGET_CATALOG_NAME" VARCHAR(255) NULL,
    "TARGET_SCHEMA_NAME" VARCHAR(255) NULL,
    "TARGET_TABLE_NAME" VARCHAR(255) NULL,
    "SOURCE_NODE_GROUP_ID" VARCHAR(50) NOT NULL,
    "TARGET_NODE_GROUP_ID" VARCHAR(50) NOT NULL,
    "ROUTER_TYPE" VARCHAR(50) NULL,
    "ROUTER_EXPRESSION" VARCHAR(2147483647) NULL,
    "SYNC_ON_UPDATE" TINYINT DEFAULT 1 NOT NULL,
    "SYNC_ON_INSERT" TINYINT DEFAULT 1 NOT NULL,
    "SYNC_ON_DELETE" TINYINT DEFAULT 1 NOT NULL,
    "USE_SOURCE_CATALOG_SCHEMA" TINYINT DEFAULT 1 NOT NULL,
    "CREATE_TIME" TIMESTAMP NOT NULL,
    "LAST_UPDATE_BY" VARCHAR(50) NULL,
    "LAST_UPDATE_TIME" TIMESTAMP NOT NULL,
    "DESCRIPTION" VARCHAR(2147483647) NULL,
    PRIMARY KEY ("ROUTER_ID")
)
2020-08-09 11:13:28,612 INFO [master-manager] [H2SymmetricDialect] [main] DDL applied: CREATE TABLE "SYM_SEQUENCE"(
    "SEQUENCE_NAME" VARCHAR(50) NOT NULL,
    "CURRENT_VALUE" BIGINT DEFAULT 0 NOT NULL,
    "INCREMENT_BY" INTEGER DEFAULT 1 NOT NULL,
    "MIN_VALUE" BIGINT DEFAULT 1 NOT NULL,
    "MAX_VALUE" BIGINT DEFAULT 9999999999 NOT NULL,
    "CYCLE_FLAG" TINYINT DEFAULT 0,
    "CACHE_SIZE" INTEGER DEFAULT 0 NOT NULL,
    "CREATE_TIME" TIMESTAMP,
    "LAST_UPDATE_BY" VARCHAR(50) NULL,
    "LAST_UPDATE_TIME" TIMESTAMP NOT NULL,
    PRIMARY KEY ("SEQUENCE_NAME")
)
2020-08-09 11:13:28,613 INFO [master-manager] [H2SymmetricDialect] [main] DDL applied: CREATE TABLE "SYM_TABLE_RELOAD_REQUEST"(
    "TARGET_NODE_ID" VARCHAR(50) NOT NULL,
    "SOURCE_NODE_ID" VARCHAR(50) NOT NULL,
    "TRIGGER_ID" VARCHAR(128) NOT NULL,
    "ROUTER_ID" VARCHAR(50) NOT NULL,
    "CREATE_TIME" TIMESTAMP NOT NULL,
    "CREATE_TABLE" TINYINT DEFAULT 0 NOT NULL,
    "DELETE_FIRST" TINYINT DEFAULT 0 NOT NULL,
    "RELOAD_SELECT" VARCHAR(2147483647) NULL,
    "BEFORE_CUSTOM_SQL" VARCHAR(2147483647) NULL,
    "RELOAD_TIME" TIMESTAMP,
    "LOAD_ID" BIGINT,
    "PROCESSED" TINYINT DEFAULT 0 NOT NULL,
    "CHANNEL_ID" VARCHAR(128) NULL,
    "LAST_UPDATE_BY" VARCHAR(50) NULL,
    "LAST_UPDATE_TIME" TIMESTAMP NOT NULL,
    PRIMARY KEY ("TARGET_NODE_ID", "SOURCE_NODE_ID", "TRIGGER_ID", "ROUTER_ID", "CREATE_TIME")
)
2020-08-09 11:13:28,615 INFO [master-manager] [H2SymmetricDialect] [main] DDL applied: CREATE TABLE "SYM_TABLE_RELOAD_STATUS"(
    "LOAD_ID" BIGINT NOT NULL,
    "SOURCE_NODE_ID" VARCHAR(50) NOT NULL,
    "TARGET_NODE_ID" VARCHAR(50) NOT NULL,
    "START_TIME" TIMESTAMP,
    "END_TIME" TIMESTAMP,
    "COMPLETED" TINYINT DEFAULT 0 NOT NULL,
    "CANCELLED" TINYINT DEFAULT 0 NOT NULL,
    "START_DATA_BATCH_ID" BIGINT,
    "END_DATA_BATCH_ID" BIGINT,
    "SETUP_BATCH_COUNT" BIGINT DEFAULT 0 NOT NULL,
    "DATA_BATCH_COUNT" BIGINT DEFAULT 0 NOT NULL,
    "FINALIZE_BATCH_COUNT" BIGINT DEFAULT 0 NOT NULL,
    "SETUP_BATCH_LOADED" BIGINT DEFAULT 0 NOT NULL,
    "DATA_BATCH_LOADED" BIGINT DEFAULT 0 NOT NULL,
    "FINALIZE_BATCH_LOADED" BIGINT DEFAULT 0 NOT NULL,
    "TABLE_COUNT" BIGINT DEFAULT 0 NOT NULL,
    "ROWS_LOADED" BIGINT DEFAULT 0 NOT NULL,
    "ROWS_COUNT" BIGINT DEFAULT 0 NOT NULL,
    "ERROR_FLAG" TINYINT DEFAULT 0 NOT NULL,
    "SQL_STATE" VARCHAR(10) NULL,
    "SQL_CODE" INTEGER DEFAULT 0 NOT NULL,
    "SQL_MESSAGE" VARCHAR(2147483647) NULL,
    "LAST_UPDATE_BY" VARCHAR(50) NULL,
    "LAST_UPDATE_TIME" TIMESTAMP NOT NULL,
    PRIMARY KEY ("LOAD_ID", "SOURCE_NODE_ID")
)
2020-08-09 11:13:28,616 INFO [master-manager] [H2SymmetricDialect] [main] DDL applied: CREATE TABLE "SYM_TRANSFORM_TABLE"(
    "TRANSFORM_ID" VARCHAR(50) NOT NULL,
    "SOURCE_NODE_GROUP_ID" VARCHAR(50) NOT NULL,
    "TARGET_NODE_GROUP_ID" VARCHAR(50) NOT NULL,
    "TRANSFORM_POINT" VARCHAR(10) NOT NULL,
    "SOURCE_CATALOG_NAME" VARCHAR(255) NULL,
    "SOURCE_SCHEMA_NAME" VARCHAR(255) NULL,
    "SOURCE_TABLE_NAME" VARCHAR(255) NOT NULL,
    "TARGET_CATALOG_NAME" VARCHAR(255) NULL,
    "TARGET_SCHEMA_NAME" VARCHAR(255) NULL,
    "TARGET_TABLE_NAME" VARCHAR(255) NULL,
    "UPDATE_FIRST" TINYINT DEFAULT 0,
    "UPDATE_ACTION" VARCHAR(255) DEFAULT 'UPDATE_COL' NOT NULL,
    "DELETE_ACTION" VARCHAR(10) NOT NULL,
    "TRANSFORM_ORDER" INTEGER DEFAULT 1 NOT NULL,
    "COLUMN_POLICY" VARCHAR(10) DEFAULT 'SPECIFIED' NOT NULL,
    "CREATE_TIME" TIMESTAMP,
    "LAST_UPDATE_BY" VARCHAR(50) NULL,
    "LAST_UPDATE_TIME" TIMESTAMP,
    "DESCRIPTION" VARCHAR(2147483647) NULL,
    PRIMARY KEY ("TRANSFORM_ID", "SOURCE_NODE_GROUP_ID", "TARGET_NODE_GROUP_ID")
)
2020-08-09 11:13:28,617 INFO [master-manager] [H2SymmetricDialect] [main] DDL applied: CREATE TABLE "SYM_TRANSFORM_COLUMN"(
    "TRANSFORM_ID" VARCHAR(50) NOT NULL,
    "INCLUDE_ON" CHAR(1) DEFAULT '*' NOT NULL,
    "TARGET_COLUMN_NAME" VARCHAR(128) NOT NULL,
    "SOURCE_COLUMN_NAME" VARCHAR(128) NULL,
    "PK" TINYINT DEFAULT 0,
    "TRANSFORM_TYPE" VARCHAR(50) DEFAULT 'copy' NULL,
    "TRANSFORM_EXPRESSION" VARCHAR(2147483647) NULL,
    "TRANSFORM_ORDER" INTEGER DEFAULT 1 NOT NULL,
    "CREATE_TIME" TIMESTAMP,
    "LAST_UPDATE_BY" VARCHAR(50) NULL,
    "LAST_UPDATE_TIME" TIMESTAMP,
    "DESCRIPTION" VARCHAR(2147483647) NULL,
    PRIMARY KEY ("TRANSFORM_ID", "INCLUDE_ON", "TARGET_COLUMN_NAME")
)
2020-08-09 11:13:28,618 INFO [master-manager] [H2SymmetricDialect] [main] DDL applied: CREATE TABLE "SYM_TRIGGER"(
    "TRIGGER_ID" VARCHAR(128) NOT NULL,
    "SOURCE_CATALOG_NAME" VARCHAR(255) NULL,
    "SOURCE_SCHEMA_NAME" VARCHAR(255) NULL,
    "SOURCE_TABLE_NAME" VARCHAR(255) NOT NULL,
    "CHANNEL_ID" VARCHAR(128) NOT NULL,
    "RELOAD_CHANNEL_ID" VARCHAR(128) DEFAULT 'reload' NOT NULL,
    "SYNC_ON_UPDATE" TINYINT DEFAULT 1 NOT NULL,
    "SYNC_ON_INSERT" TINYINT DEFAULT 1 NOT NULL,
    "SYNC_ON_DELETE" TINYINT DEFAULT 1 NOT NULL,
    "SYNC_ON_INCOMING_BATCH" TINYINT DEFAULT 0 NOT NULL,
    "NAME_FOR_UPDATE_TRIGGER" VARCHAR(255) NULL,
    "NAME_FOR_INSERT_TRIGGER" VARCHAR(255) NULL,
    "NAME_FOR_DELETE_TRIGGER" VARCHAR(255) NULL,
    "SYNC_ON_UPDATE_CONDITION" VARCHAR(2147483647) NULL,
    "SYNC_ON_INSERT_CONDITION" VARCHAR(2147483647) NULL,
    "SYNC_ON_DELETE_CONDITION" VARCHAR(2147483647) NULL,
    "CUSTOM_BEFORE_UPDATE_TEXT" VARCHAR(2147483647) NULL,
    "CUSTOM_BEFORE_INSERT_TEXT" VARCHAR(2147483647) NULL,
    "CUSTOM_BEFORE_DELETE_TEXT" VARCHAR(2147483647) NULL,
    "CUSTOM_ON_UPDATE_TEXT" VARCHAR(2147483647) NULL,
    "CUSTOM_ON_INSERT_TEXT" VARCHAR(2147483647) NULL,
    "CUSTOM_ON_DELETE_TEXT" VARCHAR(2147483647) NULL,
    "EXTERNAL_SELECT" VARCHAR(2147483647) NULL,
    "TX_ID_EXPRESSION" VARCHAR(2147483647) NULL,
    "CHANNEL_EXPRESSION" VARCHAR(2147483647) NULL,
    "EXCLUDED_COLUMN_NAMES" VARCHAR(2147483647) NULL,
    "INCLUDED_COLUMN_NAMES" VARCHAR(2147483647) NULL,
    "SYNC_KEY_NAMES" VARCHAR(2147483647) NULL,
    "USE_STREAM_LOBS" TINYINT DEFAULT 0 NOT NULL,
    "USE_CAPTURE_LOBS" TINYINT DEFAULT 0 NOT NULL,
    "USE_CAPTURE_OLD_DATA" TINYINT DEFAULT 1 NOT NULL,
    "USE_HANDLE_KEY_UPDATES" TINYINT DEFAULT 1 NOT NULL,
    "STREAM_ROW" TINYINT DEFAULT 0 NOT NULL,
    "CREATE_TIME" TIMESTAMP NOT NULL,
    "LAST_UPDATE_BY" VARCHAR(50) NULL,
    "LAST_UPDATE_TIME" TIMESTAMP NOT NULL,
    "DESCRIPTION" VARCHAR(2147483647) NULL,
    PRIMARY KEY ("TRIGGER_ID")
)
2020-08-09 11:13:28,619 INFO [master-manager] [H2SymmetricDialect] [main] DDL applied: CREATE TABLE "SYM_TRIGGER_HIST"(
    "TRIGGER_HIST_ID" INTEGER NOT NULL,
    "TRIGGER_ID" VARCHAR(128) NOT NULL,
    "SOURCE_TABLE_NAME" VARCHAR(255) NOT NULL,
    "SOURCE_CATALOG_NAME" VARCHAR(255) NULL,
    "SOURCE_SCHEMA_NAME" VARCHAR(255) NULL,
    "NAME_FOR_UPDATE_TRIGGER" VARCHAR(255) NULL,
    "NAME_FOR_INSERT_TRIGGER" VARCHAR(255) NULL,
    "NAME_FOR_DELETE_TRIGGER" VARCHAR(255) NULL,
    "TABLE_HASH" BIGINT DEFAULT 0 NOT NULL,
    "TRIGGER_ROW_HASH" BIGINT DEFAULT 0 NOT NULL,
    "TRIGGER_TEMPLATE_HASH" BIGINT DEFAULT 0 NOT NULL,
    "COLUMN_NAMES" VARCHAR(2147483647) NOT NULL,
    "PK_COLUMN_NAMES" VARCHAR(2147483647) NOT NULL,
    "LAST_TRIGGER_BUILD_REASON" CHAR(1) NOT NULL,
    "ERROR_MESSAGE" VARCHAR(2147483647) NULL,
    "CREATE_TIME" TIMESTAMP NOT NULL,
    "INACTIVE_TIME" TIMESTAMP,
    PRIMARY KEY ("TRIGGER_HIST_ID")
)
2020-08-09 11:13:28,620 INFO [master-manager] [H2SymmetricDialect] [main] DDL applied: CREATE INDEX "SYM_IDX_TRIGG_HIST_1" ON "SYM_TRIGGER_HIST" ("TRIGGER_ID", "INACTIVE_TIME")
2020-08-09 11:13:28,621 INFO [master-manager] [H2SymmetricDialect] [main] DDL applied: CREATE TABLE "SYM_TRIGGER_ROUTER"(
    "TRIGGER_ID" VARCHAR(128) NOT NULL,
    "ROUTER_ID" VARCHAR(50) NOT NULL,
    "ENABLED" TINYINT DEFAULT 1 NOT NULL,
    "INITIAL_LOAD_ORDER" INTEGER DEFAULT 1 NOT NULL,
    "INITIAL_LOAD_SELECT" VARCHAR(2147483647) NULL,
    "INITIAL_LOAD_DELETE_STMT" VARCHAR(2147483647) NULL,
    "PING_BACK_ENABLED" TINYINT DEFAULT 0 NOT NULL,
    "CREATE_TIME" TIMESTAMP NOT NULL,
    "LAST_UPDATE_BY" VARCHAR(50) NULL,
    "LAST_UPDATE_TIME" TIMESTAMP NOT NULL,
    "DESCRIPTION" VARCHAR(2147483647) NULL,
    PRIMARY KEY ("TRIGGER_ID", "ROUTER_ID")
)
2020-08-09 11:13:28,621 INFO [master-manager] [H2SymmetricDialect] [main] DDL applied: CREATE TABLE "SYM_TRIGGER_ROUTER_GROUPLET"(
    "GROUPLET_ID" VARCHAR(50) NOT NULL,
    "TRIGGER_ID" VARCHAR(128) NOT NULL,
    "ROUTER_ID" VARCHAR(50) NOT NULL,
    "APPLIES_WHEN" CHAR(1) NOT NULL,
    "CREATE_TIME" TIMESTAMP NOT NULL,
    "LAST_UPDATE_BY" VARCHAR(50) NULL,
    "LAST_UPDATE_TIME" TIMESTAMP NOT NULL,
    PRIMARY KEY ("GROUPLET_ID", "TRIGGER_ID", "ROUTER_ID", "APPLIES_WHEN")
)
2020-08-09 11:13:28,630 INFO [master-manager] [H2SymmetricDialect] [main] DDL applied: ALTER TABLE "SYM_CONFLICT"
    ADD CONSTRAINT "SYM_FK_CF_2_GRP_LNK" FOREIGN KEY ("SOURCE_NODE_GROUP_ID", "TARGET_NODE_GROUP_ID") REFERENCES "SYM_NODE_GROUP_LINK" ("SOURCE_NODE_GROUP_ID", "TARGET_NODE_GROUP_ID")
2020-08-09 11:13:28,631 INFO [master-manager] [H2SymmetricDialect] [main] DDL applied: ALTER TABLE "SYM_FILE_TRIGGER_ROUTER"
    ADD CONSTRAINT "SYM_FK_FTR_2_FTRG" FOREIGN KEY ("TRIGGER_ID") REFERENCES "SYM_FILE_TRIGGER" ("TRIGGER_ID")
2020-08-09 11:13:28,632 INFO [master-manager] [H2SymmetricDialect] [main] DDL applied: ALTER TABLE "SYM_FILE_TRIGGER_ROUTER"
    ADD CONSTRAINT "SYM_FK_FTR_2_RTR" FOREIGN KEY ("ROUTER_ID") REFERENCES "SYM_ROUTER" ("ROUTER_ID")
2020-08-09 11:13:28,633 INFO [master-manager] [H2SymmetricDialect] [main] DDL applied: ALTER TABLE "SYM_GROUPLET_LINK"
    ADD CONSTRAINT "SYM_FK_GPLTLNK_2_GPLT" FOREIGN KEY ("GROUPLET_ID") REFERENCES "SYM_GROUPLET" ("GROUPLET_ID")
2020-08-09 11:13:28,634 INFO [master-manager] [H2SymmetricDialect] [main] DDL applied: ALTER TABLE "SYM_NODE_GROUP_LINK"
    ADD CONSTRAINT "SYM_FK_LNK_2_GRP_SRC" FOREIGN KEY ("SOURCE_NODE_GROUP_ID") REFERENCES "SYM_NODE_GROUP" ("NODE_GROUP_ID")
2020-08-09 11:13:28,635 INFO [master-manager] [H2SymmetricDialect] [main] DDL applied: ALTER TABLE "SYM_NODE_GROUP_LINK"
    ADD CONSTRAINT "SYM_FK_LNK_2_GRP_TGT" FOREIGN KEY ("TARGET_NODE_GROUP_ID") REFERENCES "SYM_NODE_GROUP" ("NODE_GROUP_ID")
2020-08-09 11:13:28,636 INFO [master-manager] [H2SymmetricDialect] [main] DDL applied: ALTER TABLE "SYM_NODE_IDENTITY"
    ADD CONSTRAINT "SYM_FK_IDENT_2_NODE" FOREIGN KEY ("NODE_ID") REFERENCES "SYM_NODE" ("NODE_ID")
2020-08-09 11:13:28,637 INFO [master-manager] [H2SymmetricDialect] [main] DDL applied: ALTER TABLE "SYM_NODE_SECURITY"
    ADD CONSTRAINT "SYM_FK_SEC_2_NODE" FOREIGN KEY ("NODE_ID") REFERENCES "SYM_NODE" ("NODE_ID")
2020-08-09 11:13:28,638 INFO [master-manager] [H2SymmetricDialect] [main] DDL applied: ALTER TABLE "SYM_ROUTER"
    ADD CONSTRAINT "SYM_FK_RT_2_GRP_LNK" FOREIGN KEY ("SOURCE_NODE_GROUP_ID", "TARGET_NODE_GROUP_ID") REFERENCES "SYM_NODE_GROUP_LINK" ("SOURCE_NODE_GROUP_ID", "TARGET_NODE_GROUP_ID")
2020-08-09 11:13:28,639 INFO [master-manager] [H2SymmetricDialect] [main] DDL applied: ALTER TABLE "SYM_TRANSFORM_TABLE"
    ADD CONSTRAINT "SYM_FK_TT_2_GRP_LNK" FOREIGN KEY ("SOURCE_NODE_GROUP_ID", "TARGET_NODE_GROUP_ID") REFERENCES "SYM_NODE_GROUP_LINK" ("SOURCE_NODE_GROUP_ID", "TARGET_NODE_GROUP_ID")
2020-08-09 11:13:28,641 INFO [master-manager] [H2SymmetricDialect] [main] DDL applied: ALTER TABLE "SYM_TRIGGER"
    ADD CONSTRAINT "SYM_FK_TRG_2_CHNL" FOREIGN KEY ("CHANNEL_ID") REFERENCES "SYM_CHANNEL" ("CHANNEL_ID")
2020-08-09 11:13:28,642 INFO [master-manager] [H2SymmetricDialect] [main] DDL applied: ALTER TABLE "SYM_TRIGGER"
    ADD CONSTRAINT "SYM_FK_TRG_2_RLD_CHNL" FOREIGN KEY ("RELOAD_CHANNEL_ID") REFERENCES "SYM_CHANNEL" ("CHANNEL_ID")
2020-08-09 11:13:28,643 INFO [master-manager] [H2SymmetricDialect] [main] DDL applied: ALTER TABLE "SYM_TRIGGER_ROUTER"
    ADD CONSTRAINT "SYM_FK_TR_2_TRG" FOREIGN KEY ("TRIGGER_ID") REFERENCES "SYM_TRIGGER" ("TRIGGER_ID")
2020-08-09 11:13:28,645 INFO [master-manager] [H2SymmetricDialect] [main] DDL applied: ALTER TABLE "SYM_TRIGGER_ROUTER"
    ADD CONSTRAINT "SYM_FK_TR_2_RTR" FOREIGN KEY ("ROUTER_ID") REFERENCES "SYM_ROUTER" ("ROUTER_ID")
2020-08-09 11:13:28,646 INFO [master-manager] [H2SymmetricDialect] [main] DDL applied: ALTER TABLE "SYM_TRIGGER_ROUTER_GROUPLET"
    ADD CONSTRAINT "SYM_FK_TRGPLT_2_GPLT" FOREIGN KEY ("GROUPLET_ID") REFERENCES "SYM_GROUPLET" ("GROUPLET_ID")
2020-08-09 11:13:28,648 INFO [master-manager] [H2SymmetricDialect] [main] DDL applied: ALTER TABLE "SYM_TRIGGER_ROUTER_GROUPLET"
    ADD CONSTRAINT "SYM_FK_TRGPLT_2_TR" FOREIGN KEY ("TRIGGER_ID", "ROUTER_ID") REFERENCES "SYM_TRIGGER_ROUTER" ("TRIGGER_ID", "ROUTER_ID")
2020-08-09 11:13:28,653 INFO [master-manager] [ClusterService] [main] This node picked a server id of daniel
2020-08-09 11:13:28,653 INFO [master-manager] [TriggerRouterService] [main] Synchronizing triggers
2020-08-09 11:13:28,674 INFO [master-manager] [TriggerRouterService] [main] Done synchronizing triggers
2020-08-09 11:13:28,675 INFO [master-manager] [H2SymmetricDialect] [main] Done with auto update of SymmetricDS tables
2020-08-09 11:13:28,676 INFO [master-manager] [ConfigurationService] [main] Auto-configuring config channel
2020-08-09 11:13:28,684 INFO [master-manager] [ConfigurationService] [main] Auto-configuring reload channel
2020-08-09 11:13:28,685 INFO [master-manager] [ConfigurationService] [main] Auto-configuring monitor channel
2020-08-09 11:13:28,687 INFO [master-manager] [ConfigurationService] [main] Auto-configuring heartbeat channel
2020-08-09 11:13:28,688 INFO [master-manager] [ConfigurationService] [main] Auto-configuring default channel
2020-08-09 11:13:28,689 INFO [master-manager] [ConfigurationService] [main] Auto-configuring dynamic channel
2020-08-09 11:13:28,712 INFO [master-manager] [AbstractSymmetricEngine] [main] Inserting rows for node, security, identity and group for registration server
2020-08-09 11:13:28,734 INFO [master-manager] [AbstractSymmetricEngine] [main] Done initializing SymmetricDS database
2020-08-09 11:13:29,493 INFO [] [AbstractCommandLauncher] [main] Option: name=engine, value={master-manager}
2020-08-09 11:13:30,264 INFO [] [AbstractSymmetricEngine] [main] Initializing connection to database
2020-08-09 11:13:30,443 INFO [] [JdbcDatabasePlatformFactory] [main] Detected database 'H2', version '1', protocol 'h2'
2020-08-09 11:13:30,462 INFO [] [JdbcDatabasePlatformFactory] [main] The IDatabasePlatform being used is org.jumpmind.db.platform.h2.H2DatabasePlatform
2020-08-09 11:13:31,574 INFO [startup] [SymmetricUtils] [main] 
   _____                              __       _       ____   _____
  / ___/ __  _____ __  ___ __  ___  _/ /_ ____(_)___  / __ | / ___/
  \__ \ / / / / _ `_ \/ _ `_ \/ _ \/_ __// __/ / __/ / / / / \__ \ 
 ___/ // /_/ / // // / // // /  __// /  / / / / /_  / /_/ / ___/ / 
/____/ \__  /_//_//_/_//_//_/\___/ \_/ /_/ /_/\__/ /_____/ /____/  
      /____/                                                        
+-----------------------------------------------------------------+
| Copyright (C) 2007-2020 JumpMind, Inc.                          |
|                                                                 |
| Licensed under the GNU General Public License version 3.        |
| This software comes with ABSOLUTELY NO WARRANTY.                |
| See http://www.gnu.org/licenses/gpl.html                        |
+-----------------------------------------------------------------+
2020-08-09 11:13:31,657 INFO [startup] [SymmetricWebServer] [main] About to start SymmetricDS web server on host:port 0.0.0.0:31415
2020-08-09 11:13:32,285 INFO [master-manager] [AbstractSymmetricEngine] [symmetric-engine-startup-1] Initializing connection to database
2020-08-09 11:13:32,899 INFO [master-manager] [JdbcDatabasePlatformFactory] [symmetric-engine-startup-1] Detected database 'H2', version '1', protocol 'h2'
2020-08-09 11:13:32,924 INFO [master-manager] [JdbcDatabasePlatformFactory] [symmetric-engine-startup-1] The IDatabasePlatform being used is org.jumpmind.db.platform.h2.H2DatabasePlatform
2020-08-09 11:13:33,126 INFO [master-manager] [H2SymmetricDialect] [symmetric-engine-startup-1] The DbDialect being used is org.jumpmind.symmetric.db.h2.H2SymmetricDialect
2020-08-09 11:13:33,161 INFO [master-manager] [ExtensionService] [symmetric-engine-startup-1] Found 0 extension points from the database that will be registered
2020-08-09 11:13:33,181 INFO [master-manager] [StagingManager] [symmetric-engine-startup-1] The staging directory was initialized at the following location: /home/daniel/master-thesis/pesquisa/symmetricsds/symmetric-server-3.11.10/tmp/master-manager
2020-08-09 11:13:34,344 INFO [master-manager] [ExtensionService] [symmetric-engine-startup-1] Found 0 extension points from the database that will be registered
2020-08-09 11:13:34,344 INFO [master-manager] [ClientExtensionService] [symmetric-engine-startup-1] Found 8 extension points from spring that will be registered
2020-08-09 11:13:34,365 INFO [master-manager] [AbstractSymmetricEngine] [symmetric-engine-startup-1] Initializing SymmetricDS database
2020-08-09 11:13:34,425 INFO [startup] [SymmetricWebServer] [main] Starting JMX HTTP console on port 31416
2020-08-09 11:13:34,426 INFO [master-manager] [H2SymmetricDialect] [symmetric-engine-startup-1] Checking if SymmetricDS tables need created or altered
2020-08-09 11:13:34,457 INFO [startup] [SymmetricWebServer] [main] Joining the web server main thread
2020-08-09 11:13:35,058 INFO [master-manager] [ConfigurationService] [symmetric-engine-startup-1] Auto-configuring config channel
2020-08-09 11:13:35,068 INFO [master-manager] [ConfigurationService] [symmetric-engine-startup-1] Auto-configuring reload channel
2020-08-09 11:13:35,071 INFO [master-manager] [ConfigurationService] [symmetric-engine-startup-1] Auto-configuring monitor channel
2020-08-09 11:13:35,073 INFO [master-manager] [ConfigurationService] [symmetric-engine-startup-1] Auto-configuring heartbeat channel
2020-08-09 11:13:35,075 INFO [master-manager] [ConfigurationService] [symmetric-engine-startup-1] Auto-configuring default channel
2020-08-09 11:13:35,078 INFO [master-manager] [ConfigurationService] [symmetric-engine-startup-1] Auto-configuring dynamic channel
2020-08-09 11:13:35,103 INFO [master-manager] [AbstractSymmetricEngine] [symmetric-engine-startup-1] Inserting rows for node, security, identity and group for registration server
2020-08-09 11:13:35,124 INFO [master-manager] [AbstractSymmetricEngine] [symmetric-engine-startup-1] Done initializing SymmetricDS database
2020-08-09 11:13:35,124 INFO [master-manager] [AbstractSymmetricEngine] [symmetric-engine-startup-1] SymmetricDS database version : 3.11.10
2020-08-09 11:13:35,124 INFO [master-manager] [AbstractSymmetricEngine] [symmetric-engine-startup-1] SymmetricDS software version : 3.11.10
2020-08-09 11:13:35,139 INFO [master-manager] [AbstractSymmetricEngine] [symmetric-engine-startup-1] Starting registered node [group=master-manager, id=000, nodeId=000]
2020-08-09 11:13:35,143 INFO [master-manager] [ClusterService] [symmetric-engine-startup-1] This node picked a server id of daniel
2020-08-09 11:13:35,144 INFO [master-manager] [TriggerRouterService] [symmetric-engine-startup-1] Synchronizing triggers
2020-08-09 11:13:35,224 INFO [master-manager] [H2SymmetricDialect] [master-manager-sync-triggers-1] Creating SYM_ON_I_FOR_SYM_RTR_MSTRMNGR trigger for MASTER-MANAGER-DB.PUBLIC.SYM_ROUTER
2020-08-09 11:13:35,270 INFO [master-manager] [H2SymmetricDialect] [master-manager-sync-triggers-1] Creating SYM_ON_U_FOR_SYM_RTR_MSTRMNGR trigger for MASTER-MANAGER-DB.PUBLIC.SYM_ROUTER
2020-08-09 11:13:35,297 INFO [master-manager] [H2SymmetricDialect] [master-manager-sync-triggers-1] Creating SYM_ON_D_FOR_SYM_RTR_MSTRMNGR trigger for MASTER-MANAGER-DB.PUBLIC.SYM_ROUTER
2020-08-09 11:13:35,374 INFO [master-manager] [H2SymmetricDialect] [master-manager-sync-triggers-1] Creating SYM_ON_I_FOR_SYM_TRNSFRM_TBL_MSTRMNGR trigger for MASTER-MANAGER-DB.PUBLIC.SYM_TRANSFORM_TABLE
2020-08-09 11:13:35,392 INFO [master-manager] [H2SymmetricDialect] [master-manager-sync-triggers-1] Creating SYM_ON_U_FOR_SYM_TRNSFRM_TBL_MSTRMNGR trigger for MASTER-MANAGER-DB.PUBLIC.SYM_TRANSFORM_TABLE
2020-08-09 11:13:35,412 INFO [master-manager] [H2SymmetricDialect] [master-manager-sync-triggers-1] Creating SYM_ON_D_FOR_SYM_TRNSFRM_TBL_MSTRMNGR trigger for MASTER-MANAGER-DB.PUBLIC.SYM_TRANSFORM_TABLE
2020-08-09 11:13:35,446 INFO [master-manager] [H2SymmetricDialect] [master-manager-sync-triggers-1] Creating SYM_ON_I_FOR_SYM_PRMTR_MSTRMNGR trigger for MASTER-MANAGER-DB.PUBLIC.SYM_PARAMETER
2020-08-09 11:13:35,460 INFO [master-manager] [H2SymmetricDialect] [master-manager-sync-triggers-1] Creating SYM_ON_U_FOR_SYM_PRMTR_MSTRMNGR trigger for MASTER-MANAGER-DB.PUBLIC.SYM_PARAMETER
2020-08-09 11:13:35,471 INFO [master-manager] [H2SymmetricDialect] [master-manager-sync-triggers-1] Creating SYM_ON_D_FOR_SYM_PRMTR_MSTRMNGR trigger for MASTER-MANAGER-DB.PUBLIC.SYM_PARAMETER
2020-08-09 11:13:35,496 INFO [master-manager] [H2SymmetricDialect] [master-manager-sync-triggers-1] Creating SYM_ON_I_FOR_SYM_FL_TRGGR_RTR_MSTRMNGR trigger for MASTER-MANAGER-DB.PUBLIC.SYM_FILE_TRIGGER_ROUTER
2020-08-09 11:13:35,511 INFO [master-manager] [H2SymmetricDialect] [master-manager-sync-triggers-1] Creating SYM_ON_U_FOR_SYM_FL_TRGGR_RTR_MSTRMNGR trigger for MASTER-MANAGER-DB.PUBLIC.SYM_FILE_TRIGGER_ROUTER
2020-08-09 11:13:35,527 INFO [master-manager] [H2SymmetricDialect] [master-manager-sync-triggers-1] Creating SYM_ON_D_FOR_SYM_FL_TRGGR_RTR_MSTRMNGR trigger for MASTER-MANAGER-DB.PUBLIC.SYM_FILE_TRIGGER_ROUTER
2020-08-09 11:13:35,564 INFO [master-manager] [H2SymmetricDialect] [master-manager-sync-triggers-1] Creating SYM_ON_I_FOR_SYM_TBL_RLD_RQST_MSTRMNGR trigger for MASTER-MANAGER-DB.PUBLIC.SYM_TABLE_RELOAD_REQUEST
2020-08-09 11:13:35,584 INFO [master-manager] [H2SymmetricDialect] [master-manager-sync-triggers-1] Creating SYM_ON_U_FOR_SYM_TBL_RLD_RQST_MSTRMNGR trigger for MASTER-MANAGER-DB.PUBLIC.SYM_TABLE_RELOAD_REQUEST
2020-08-09 11:13:35,607 INFO [master-manager] [H2SymmetricDialect] [master-manager-sync-triggers-1] Creating SYM_ON_D_FOR_SYM_TBL_RLD_RQST_MSTRMNGR trigger for MASTER-MANAGER-DB.PUBLIC.SYM_TABLE_RELOAD_REQUEST
2020-08-09 11:13:35,675 INFO [master-manager] [H2SymmetricDialect] [master-manager-sync-triggers-1] Creating SYM_ON_I_FOR_SYM_GRPLT_LNK_MSTRMNGR trigger for MASTER-MANAGER-DB.PUBLIC.SYM_GROUPLET_LINK
2020-08-09 11:13:35,696 INFO [master-manager] [H2SymmetricDialect] [master-manager-sync-triggers-1] Creating SYM_ON_U_FOR_SYM_GRPLT_LNK_MSTRMNGR trigger for MASTER-MANAGER-DB.PUBLIC.SYM_GROUPLET_LINK
2020-08-09 11:13:35,709 INFO [master-manager] [H2SymmetricDialect] [master-manager-sync-triggers-1] Creating SYM_ON_D_FOR_SYM_GRPLT_LNK_MSTRMNGR trigger for MASTER-MANAGER-DB.PUBLIC.SYM_GROUPLET_LINK
2020-08-09 11:13:35,760 INFO [master-manager] [H2SymmetricDialect] [master-manager-sync-triggers-1] Creating SYM_ON_I_FOR_RLS_MSTRMNGR trigger for MASTER-MANAGER-DB.PUBLIC.RULES
2020-08-09 11:13:35,782 INFO [master-manager] [H2SymmetricDialect] [master-manager-sync-triggers-1] Creating SYM_ON_U_FOR_RLS_MSTRMNGR trigger for MASTER-MANAGER-DB.PUBLIC.RULES
2020-08-09 11:13:35,802 INFO [master-manager] [H2SymmetricDialect] [master-manager-sync-triggers-1] Creating SYM_ON_D_FOR_RLS_MSTRMNGR trigger for MASTER-MANAGER-DB.PUBLIC.RULES
2020-08-09 11:13:35,845 INFO [master-manager] [H2SymmetricDialect] [master-manager-sync-triggers-1] Creating SYM_ON_I_FOR_SYM_GRPLT_MSTRMNGR trigger for MASTER-MANAGER-DB.PUBLIC.SYM_GROUPLET
2020-08-09 11:13:35,862 INFO [master-manager] [H2SymmetricDialect] [master-manager-sync-triggers-1] Creating SYM_ON_U_FOR_SYM_GRPLT_MSTRMNGR trigger for MASTER-MANAGER-DB.PUBLIC.SYM_GROUPLET
2020-08-09 11:13:35,878 INFO [master-manager] [H2SymmetricDialect] [master-manager-sync-triggers-1] Creating SYM_ON_D_FOR_SYM_GRPLT_MSTRMNGR trigger for MASTER-MANAGER-DB.PUBLIC.SYM_GROUPLET
2020-08-09 11:13:35,935 INFO [master-manager] [H2SymmetricDialect] [master-manager-sync-triggers-1] Creating SYM_ON_I_FOR_SYM_FL_TRGGR_MSTRMNGR trigger for MASTER-MANAGER-DB.PUBLIC.SYM_FILE_TRIGGER
2020-08-09 11:13:35,953 INFO [master-manager] [H2SymmetricDialect] [master-manager-sync-triggers-1] Creating SYM_ON_U_FOR_SYM_FL_TRGGR_MSTRMNGR trigger for MASTER-MANAGER-DB.PUBLIC.SYM_FILE_TRIGGER
2020-08-09 11:13:35,973 INFO [master-manager] [H2SymmetricDialect] [master-manager-sync-triggers-1] Creating SYM_ON_D_FOR_SYM_FL_TRGGR_MSTRMNGR trigger for MASTER-MANAGER-DB.PUBLIC.SYM_FILE_TRIGGER
2020-08-09 11:13:36,000 INFO [master-manager] [H2SymmetricDialect] [master-manager-sync-triggers-1] Creating SYM_ON_I_FOR_SYM_TRNSFRM_CLMN_MSTRMNGR trigger for MASTER-MANAGER-DB.PUBLIC.SYM_TRANSFORM_COLUMN
2020-08-09 11:13:36,014 INFO [master-manager] [H2SymmetricDialect] [master-manager-sync-triggers-1] Creating SYM_ON_U_FOR_SYM_TRNSFRM_CLMN_MSTRMNGR trigger for MASTER-MANAGER-DB.PUBLIC.SYM_TRANSFORM_COLUMN
2020-08-09 11:13:36,024 INFO [master-manager] [H2SymmetricDialect] [master-manager-sync-triggers-1] Creating SYM_ON_D_FOR_SYM_TRNSFRM_CLMN_MSTRMNGR trigger for MASTER-MANAGER-DB.PUBLIC.SYM_TRANSFORM_COLUMN
2020-08-09 11:13:36,048 INFO [master-manager] [H2SymmetricDialect] [master-manager-sync-triggers-1] Creating SYM_ON_I_FOR_SYM_JB_MSTRMNGR trigger for MASTER-MANAGER-DB.PUBLIC.SYM_JOB
2020-08-09 11:13:36,060 INFO [master-manager] [H2SymmetricDialect] [master-manager-sync-triggers-1] Creating SYM_ON_U_FOR_SYM_JB_MSTRMNGR trigger for MASTER-MANAGER-DB.PUBLIC.SYM_JOB
2020-08-09 11:13:36,073 INFO [master-manager] [H2SymmetricDialect] [master-manager-sync-triggers-1] Creating SYM_ON_D_FOR_SYM_JB_MSTRMNGR trigger for MASTER-MANAGER-DB.PUBLIC.SYM_JOB
2020-08-09 11:13:36,103 INFO [master-manager] [H2SymmetricDialect] [master-manager-sync-triggers-1] Creating SYM_ON_I_FOR_SYM_TRGGR_RTR_MSTRMNGR trigger for MASTER-MANAGER-DB.PUBLIC.SYM_TRIGGER_ROUTER
2020-08-09 11:13:36,119 INFO [master-manager] [H2SymmetricDialect] [master-manager-sync-triggers-1] Creating SYM_ON_U_FOR_SYM_TRGGR_RTR_MSTRMNGR trigger for MASTER-MANAGER-DB.PUBLIC.SYM_TRIGGER_ROUTER
2020-08-09 11:13:36,133 INFO [master-manager] [H2SymmetricDialect] [master-manager-sync-triggers-1] Creating SYM_ON_D_FOR_SYM_TRGGR_RTR_MSTRMNGR trigger for MASTER-MANAGER-DB.PUBLIC.SYM_TRIGGER_ROUTER
2020-08-09 11:13:36,162 INFO [master-manager] [H2SymmetricDialect] [master-manager-sync-triggers-1] Creating SYM_ON_I_FOR_SYM_ND_MSTRMNGR trigger for MASTER-MANAGER-DB.PUBLIC.SYM_NODE
2020-08-09 11:13:36,176 INFO [master-manager] [H2SymmetricDialect] [master-manager-sync-triggers-1] Creating SYM_ON_U_FOR_SYM_ND_MSTRMNGR trigger for MASTER-MANAGER-DB.PUBLIC.SYM_NODE
2020-08-09 11:13:36,190 INFO [master-manager] [H2SymmetricDialect] [master-manager-sync-triggers-1] Creating SYM_ON_D_FOR_SYM_ND_MSTRMNGR trigger for MASTER-MANAGER-DB.PUBLIC.SYM_NODE
2020-08-09 11:13:36,209 INFO [master-manager] [H2SymmetricDialect] [master-manager-sync-triggers-1] Creating SYM_ON_I_FOR_PPS_MSTRMNGR trigger for MASTER-MANAGER-DB.PUBLIC.APPS
2020-08-09 11:13:36,216 INFO [master-manager] [H2SymmetricDialect] [master-manager-sync-triggers-1] Creating SYM_ON_U_FOR_PPS_MSTRMNGR trigger for MASTER-MANAGER-DB.PUBLIC.APPS
2020-08-09 11:13:36,224 INFO [master-manager] [H2SymmetricDialect] [master-manager-sync-triggers-1] Creating SYM_ON_D_FOR_PPS_MSTRMNGR trigger for MASTER-MANAGER-DB.PUBLIC.APPS
2020-08-09 11:13:36,247 INFO [master-manager] [H2SymmetricDialect] [master-manager-sync-triggers-1] Creating SYM_ON_I_FOR_SYM_ND_GRP_CHNNL_WND_MSTRMNGR trigger for MASTER-MANAGER-DB.PUBLIC.SYM_NODE_GROUP_CHANNEL_WND
2020-08-09 11:13:36,258 INFO [master-manager] [H2SymmetricDialect] [master-manager-sync-triggers-1] Creating SYM_ON_U_FOR_SYM_ND_GRP_CHNNL_WND_MSTRMNGR trigger for MASTER-MANAGER-DB.PUBLIC.SYM_NODE_GROUP_CHANNEL_WND
2020-08-09 11:13:36,268 INFO [master-manager] [H2SymmetricDialect] [master-manager-sync-triggers-1] Creating SYM_ON_D_FOR_SYM_ND_GRP_CHNNL_WND_MSTRMNGR trigger for MASTER-MANAGER-DB.PUBLIC.SYM_NODE_GROUP_CHANNEL_WND
2020-08-09 11:13:36,294 INFO [master-manager] [H2SymmetricDialect] [master-manager-sync-triggers-1] Creating SYM_ON_I_FOR_SYM_NTFCTN_MSTRMNGR trigger for MASTER-MANAGER-DB.PUBLIC.SYM_NOTIFICATION
2020-08-09 11:13:36,306 INFO [master-manager] [H2SymmetricDialect] [master-manager-sync-triggers-1] Creating SYM_ON_U_FOR_SYM_NTFCTN_MSTRMNGR trigger for MASTER-MANAGER-DB.PUBLIC.SYM_NOTIFICATION
2020-08-09 11:13:36,320 INFO [master-manager] [H2SymmetricDialect] [master-manager-sync-triggers-1] Creating SYM_ON_D_FOR_SYM_NTFCTN_MSTRMNGR trigger for MASTER-MANAGER-DB.PUBLIC.SYM_NOTIFICATION
2020-08-09 11:13:36,362 INFO [master-manager] [H2SymmetricDialect] [master-manager-sync-triggers-1] Creating SYM_ON_I_FOR_SYM_ND_GRP_LNK_MSTRMNGR trigger for MASTER-MANAGER-DB.PUBLIC.SYM_NODE_GROUP_LINK
2020-08-09 11:13:36,375 INFO [master-manager] [H2SymmetricDialect] [master-manager-sync-triggers-1] Creating SYM_ON_U_FOR_SYM_ND_GRP_LNK_MSTRMNGR trigger for MASTER-MANAGER-DB.PUBLIC.SYM_NODE_GROUP_LINK
2020-08-09 11:13:36,388 INFO [master-manager] [H2SymmetricDialect] [master-manager-sync-triggers-1] Creating SYM_ON_D_FOR_SYM_ND_GRP_LNK_MSTRMNGR trigger for MASTER-MANAGER-DB.PUBLIC.SYM_NODE_GROUP_LINK
2020-08-09 11:13:36,417 INFO [master-manager] [H2SymmetricDialect] [master-manager-sync-triggers-1] Creating SYM_ON_I_FOR_SYM_ND_GRP_MSTRMNGR trigger for MASTER-MANAGER-DB.PUBLIC.SYM_NODE_GROUP
2020-08-09 11:13:36,429 INFO [master-manager] [H2SymmetricDialect] [master-manager-sync-triggers-1] Creating SYM_ON_U_FOR_SYM_ND_GRP_MSTRMNGR trigger for MASTER-MANAGER-DB.PUBLIC.SYM_NODE_GROUP
2020-08-09 11:13:36,440 INFO [master-manager] [H2SymmetricDialect] [master-manager-sync-triggers-1] Creating SYM_ON_D_FOR_SYM_ND_GRP_MSTRMNGR trigger for MASTER-MANAGER-DB.PUBLIC.SYM_NODE_GROUP
2020-08-09 11:13:36,470 INFO [master-manager] [H2SymmetricDialect] [master-manager-sync-triggers-1] Creating SYM_ON_I_FOR_SYM_ND_SCRTY_MSTRMNGR trigger for MASTER-MANAGER-DB.PUBLIC.SYM_NODE_SECURITY
2020-08-09 11:13:36,487 INFO [master-manager] [H2SymmetricDialect] [master-manager-sync-triggers-1] Creating SYM_ON_U_FOR_SYM_ND_SCRTY_MSTRMNGR trigger for MASTER-MANAGER-DB.PUBLIC.SYM_NODE_SECURITY
2020-08-09 11:13:36,500 INFO [master-manager] [H2SymmetricDialect] [master-manager-sync-triggers-1] Creating SYM_ON_D_FOR_SYM_ND_SCRTY_MSTRMNGR trigger for MASTER-MANAGER-DB.PUBLIC.SYM_NODE_SECURITY
2020-08-09 11:13:36,534 INFO [master-manager] [H2SymmetricDialect] [master-manager-sync-triggers-1] Creating SYM_ON_I_FOR_SYM_LD_FLTR_MSTRMNGR trigger for MASTER-MANAGER-DB.PUBLIC.SYM_LOAD_FILTER
2020-08-09 11:13:36,553 INFO [master-manager] [H2SymmetricDialect] [master-manager-sync-triggers-1] Creating SYM_ON_U_FOR_SYM_LD_FLTR_MSTRMNGR trigger for MASTER-MANAGER-DB.PUBLIC.SYM_LOAD_FILTER
2020-08-09 11:13:36,571 INFO [master-manager] [H2SymmetricDialect] [master-manager-sync-triggers-1] Creating SYM_ON_D_FOR_SYM_LD_FLTR_MSTRMNGR trigger for MASTER-MANAGER-DB.PUBLIC.SYM_LOAD_FILTER
2020-08-09 11:13:36,603 INFO [master-manager] [H2SymmetricDialect] [master-manager-sync-triggers-1] Creating SYM_ON_I_FOR_SYM_MNTR_MSTRMNGR trigger for MASTER-MANAGER-DB.PUBLIC.SYM_MONITOR
2020-08-09 11:13:36,615 INFO [master-manager] [H2SymmetricDialect] [master-manager-sync-triggers-1] Creating SYM_ON_U_FOR_SYM_MNTR_MSTRMNGR trigger for MASTER-MANAGER-DB.PUBLIC.SYM_MONITOR
2020-08-09 11:13:36,628 INFO [master-manager] [H2SymmetricDialect] [master-manager-sync-triggers-1] Creating SYM_ON_D_FOR_SYM_MNTR_MSTRMNGR trigger for MASTER-MANAGER-DB.PUBLIC.SYM_MONITOR
2020-08-09 11:13:36,654 INFO [master-manager] [H2SymmetricDialect] [master-manager-sync-triggers-1] Creating SYM_ON_I_FOR_SYM_XTNSN_MSTRMNGR trigger for MASTER-MANAGER-DB.PUBLIC.SYM_EXTENSION
2020-08-09 11:13:36,666 INFO [master-manager] [H2SymmetricDialect] [master-manager-sync-triggers-1] Creating SYM_ON_U_FOR_SYM_XTNSN_MSTRMNGR trigger for MASTER-MANAGER-DB.PUBLIC.SYM_EXTENSION
2020-08-09 11:13:36,678 INFO [master-manager] [H2SymmetricDialect] [master-manager-sync-triggers-1] Creating SYM_ON_D_FOR_SYM_XTNSN_MSTRMNGR trigger for MASTER-MANAGER-DB.PUBLIC.SYM_EXTENSION
2020-08-09 11:13:36,703 INFO [master-manager] [H2SymmetricDialect] [master-manager-sync-triggers-1] Creating SYM_ON_I_FOR_SYM_CNFLCT_MSTRMNGR trigger for MASTER-MANAGER-DB.PUBLIC.SYM_CONFLICT
2020-08-09 11:13:36,716 INFO [master-manager] [H2SymmetricDialect] [master-manager-sync-triggers-1] Creating SYM_ON_U_FOR_SYM_CNFLCT_MSTRMNGR trigger for MASTER-MANAGER-DB.PUBLIC.SYM_CONFLICT
2020-08-09 11:13:36,730 INFO [master-manager] [H2SymmetricDialect] [master-manager-sync-triggers-1] Creating SYM_ON_D_FOR_SYM_CNFLCT_MSTRMNGR trigger for MASTER-MANAGER-DB.PUBLIC.SYM_CONFLICT
2020-08-09 11:13:36,760 INFO [master-manager] [H2SymmetricDialect] [master-manager-sync-triggers-1] Creating SYM_ON_I_FOR_SYM_TRGGR_MSTRMNGR trigger for MASTER-MANAGER-DB.PUBLIC.SYM_TRIGGER
2020-08-09 11:13:36,781 INFO [master-manager] [H2SymmetricDialect] [master-manager-sync-triggers-1] Creating SYM_ON_U_FOR_SYM_TRGGR_MSTRMNGR trigger for MASTER-MANAGER-DB.PUBLIC.SYM_TRIGGER
2020-08-09 11:13:36,806 INFO [master-manager] [H2SymmetricDialect] [master-manager-sync-triggers-1] Creating SYM_ON_D_FOR_SYM_TRGGR_MSTRMNGR trigger for MASTER-MANAGER-DB.PUBLIC.SYM_TRIGGER
2020-08-09 11:13:36,840 INFO [master-manager] [H2SymmetricDialect] [master-manager-sync-triggers-1] Creating SYM_ON_I_FOR_SYM_CHNNL_MSTRMNGR trigger for MASTER-MANAGER-DB.PUBLIC.SYM_CHANNEL
2020-08-09 11:13:36,854 INFO [master-manager] [H2SymmetricDialect] [master-manager-sync-triggers-1] Creating SYM_ON_U_FOR_SYM_CHNNL_MSTRMNGR trigger for MASTER-MANAGER-DB.PUBLIC.SYM_CHANNEL
2020-08-09 11:13:36,868 INFO [master-manager] [H2SymmetricDialect] [master-manager-sync-triggers-1] Creating SYM_ON_D_FOR_SYM_CHNNL_MSTRMNGR trigger for MASTER-MANAGER-DB.PUBLIC.SYM_CHANNEL
2020-08-09 11:13:36,894 INFO [master-manager] [H2SymmetricDialect] [master-manager-sync-triggers-1] Creating SYM_ON_I_FOR_SYM_TRGGR_RTR_GRPLT_MSTRMNGR trigger for MASTER-MANAGER-DB.PUBLIC.SYM_TRIGGER_ROUTER_GROUPLET
2020-08-09 11:13:36,905 INFO [master-manager] [H2SymmetricDialect] [master-manager-sync-triggers-1] Creating SYM_ON_U_FOR_SYM_TRGGR_RTR_GRPLT_MSTRMNGR trigger for MASTER-MANAGER-DB.PUBLIC.SYM_TRIGGER_ROUTER_GROUPLET
2020-08-09 11:13:36,914 INFO [master-manager] [H2SymmetricDialect] [master-manager-sync-triggers-1] Creating SYM_ON_D_FOR_SYM_TRGGR_RTR_GRPLT_MSTRMNGR trigger for MASTER-MANAGER-DB.PUBLIC.SYM_TRIGGER_ROUTER_GROUPLET
2020-08-09 11:13:36,940 INFO [master-manager] [H2SymmetricDialect] [master-manager-sync-triggers-1] Creating SYM_ON_I_FOR_SYM_ND_HST_MSTRMNGR trigger for MASTER-MANAGER-DB.PUBLIC.SYM_NODE_HOST
2020-08-09 11:13:36,957 INFO [master-manager] [H2SymmetricDialect] [master-manager-sync-triggers-1] Creating SYM_ON_U_FOR_SYM_ND_HST_MSTRMNGR trigger for MASTER-MANAGER-DB.PUBLIC.SYM_NODE_HOST
2020-08-09 11:13:36,976 INFO [master-manager] [H2SymmetricDialect] [master-manager-sync-triggers-1] Creating SYM_ON_D_FOR_SYM_ND_HST_MSTRMNGR trigger for MASTER-MANAGER-DB.PUBLIC.SYM_NODE_HOST
2020-08-09 11:13:36,992 INFO [master-manager] [TriggerRouterService] [symmetric-engine-startup-1] Done synchronizing triggers
2020-08-09 11:13:37,012 INFO [master-manager] [RouterJob] [symmetric-engine-startup-1] Starting Routing on periodic schedule: every 5000ms with the first run at Sun Aug 09 11:13:46 WEST 2020
2020-08-09 11:13:37,016 INFO [master-manager] [PushJob] [symmetric-engine-startup-1] Starting Push on periodic schedule: every 10000ms with the first run at Sun Aug 09 11:13:46 WEST 2020
2020-08-09 11:13:37,017 INFO [master-manager] [PullJob] [symmetric-engine-startup-1] Starting Pull on periodic schedule: every 10000ms with the first run at Sun Aug 09 11:13:46 WEST 2020
2020-08-09 11:13:37,017 INFO [master-manager] [JobManager] [symmetric-engine-startup-1] Job Offline Push not configured for auto start
2020-08-09 11:13:37,018 INFO [master-manager] [JobManager] [symmetric-engine-startup-1] Job Offline Pull not configured for auto start
2020-08-09 11:13:37,021 INFO [master-manager] [OutgoingPurgeJob] [symmetric-engine-startup-1] Starting job 'Purge Outgoing' with cron expression: '0 0 */4 * * *'
2020-08-09 11:13:37,022 INFO [master-manager] [IncomingPurgeJob] [symmetric-engine-startup-1] Starting job 'Purge Incoming' with cron expression: '0 0 */4 * * *'
2020-08-09 11:13:37,022 INFO [master-manager] [StatisticFlushJob] [symmetric-engine-startup-1] Starting job 'Stat Flush' with cron expression: '0 0/5 * * * *'
2020-08-09 11:13:37,025 INFO [master-manager] [SyncTriggersJob] [symmetric-engine-startup-1] Starting job 'SyncTriggers' with cron expression: '0 0 0 * * *'
2020-08-09 11:13:37,028 INFO [master-manager] [HeartbeatJob] [symmetric-engine-startup-1] Starting Heartbeat on periodic schedule: every 900000ms with the first run at Sun Aug 09 11:13:46 WEST 2020
2020-08-09 11:13:37,032 INFO [master-manager] [WatchdogJob] [symmetric-engine-startup-1] Starting Watchdog on periodic schedule: every 3600000ms with the first run at Sun Aug 09 11:13:46 WEST 2020
2020-08-09 11:13:37,033 INFO [master-manager] [StageManagementJob] [symmetric-engine-startup-1] Starting job 'Stage Management' with cron expression: '0 0 * * * *'
2020-08-09 11:13:37,035 INFO [master-manager] [JobManager] [symmetric-engine-startup-1] Job Refresh Cache not configured for auto start
2020-08-09 11:13:37,035 INFO [master-manager] [JobManager] [symmetric-engine-startup-1] Job File Sync Tracker not configured for auto start
2020-08-09 11:13:37,035 INFO [master-manager] [JobManager] [symmetric-engine-startup-1] Job File Sync Pull not configured for auto start
2020-08-09 11:13:37,035 INFO [master-manager] [JobManager] [symmetric-engine-startup-1] Job File Sync Push not configured for auto start
2020-08-09 11:13:37,036 INFO [master-manager] [InitialLoadExtractorJob] [symmetric-engine-startup-1] Starting Initial Load Extract on periodic schedule: every 10000ms with the first run at Sun Aug 09 11:13:46 WEST 2020
2020-08-09 11:13:37,037 INFO [master-manager] [MonitorJob] [symmetric-engine-startup-1] Starting Monitor on periodic schedule: every 60000ms with the first run at Sun Aug 09 11:13:46 WEST 2020
2020-08-09 11:13:37,037 INFO [master-manager] [JobManager] [symmetric-engine-startup-1] Job Report Status not configured for auto start
2020-08-09 11:13:37,038 INFO [master-manager] [JobManager] [symmetric-engine-startup-1] Job Log Miner not configured for auto start
2020-08-09 11:13:37,038 INFO [master-manager] [InitialLoadJob] [symmetric-engine-startup-1] Starting Initial Load Queue on periodic schedule: every 10000ms with the first run at Sun Aug 09 11:13:46 WEST 2020
2020-08-09 11:13:37,045 INFO [master-manager] [AbstractSymmetricEngine] [symmetric-engine-startup-1] SymmetricDS Node STARTED:
	 nodeId=000
	 groupId=master-manager
	 type=server
	 subType=null
	 name=master-manager
	 softwareVersion=3.11.10
	 databaseName=H2
	 databaseVersion=1.3
	 driverName=H2 JDBC Driver
	 driverVersion=1.3.176 (2014-04-05)
	 uptime=0 sec.
2020-08-09 11:13:46,760 INFO [master-manager] [DataService] [master-manager-job-2] Inserting missing last data gap: { startId: 1, endId: 50000001, createTime: "Sun Aug 09 11:13:46 WEST 2020" }
2020-08-09 11:13:46,769 INFO [master-manager] [PushHeartbeatListener] [master-manager-job-4] Some attribute(s) of node changed.  Recording changes
2020-08-09 11:13:46,769 INFO [master-manager] [PushHeartbeatListener] [master-manager-job-4] Updating my node configuration info according to the symmetric properties
2020-08-09 11:13:46,770 INFO [master-manager] [NodeCommunicationService] [master-manager-job-3] pull will use 10 threads
2020-08-09 11:13:46,785 INFO [master-manager] [DataGapFastDetector] [master-manager-job-2] Full gap analysis is running
2020-08-09 11:13:46,792 INFO [master-manager] [DataGapFastDetector] [master-manager-job-2] Querying data in gaps from database took 7 ms
2020-08-09 11:13:46,793 INFO [master-manager] [DataGapFastDetector] [master-manager-job-2] Full gap analysis is done after 8 ms
2020-08-09 11:13:46,876 INFO [master-manager] [ConfigurationChangedDataRouter] [master-manager-job-2] About to refresh the cache of nodes because new configuration came through the data router
2020-08-09 11:13:46,876 INFO [master-manager] [RouterService] [master-manager-job-2] Routed 1 data events in 91 ms
2020-08-09 11:13:51,904 INFO [master-manager] [RouterService] [master-manager-job-2] Routed 1 data events in 24 ms
